#
# A fatal error has been detected by the Java Runtime Environment:
#
#  SIGSEGV (0xb) at pc=0x00007fff8e4de0dd, pid=9194, tid=1299
#
# JRE version: Java(TM) SE Runtime Environment (8.0_25-b17) (build 1.8.0_25-b17)
# Java VM: Java HotSpot(TM) 64-Bit Server VM (25.25-b02 mixed mode bsd-amd64 compressed oops)
# Problematic frame:
# C  [libobjc.A.dylib+0x10dd]  objc_msgSend+0x1d
#
# Failed to write core dump. Core dumps have been disabled. To enable core dumping, try "ulimit -c unlimited" before starting Java again
#
# If you would like to submit a bug report, please visit:
#   http://bugreport.sun.com/bugreport/crash.jsp
# The crash happened outside the Java Virtual Machine in native code.
# See problematic frame for where to report the bug.
#

---------------  T H R E A D  ---------------

Current thread (0x00007fa06a061000):  JavaThread "JavaFX Application Thread" [_thread_in_native, id=1299, stack(0x00007fff5e2ac000,0x00007fff5eaac000)]

siginfo: si_signo: 11 (SIGSEGV), si_code: 1 (SEGV_MAPERR), si_addr: 0x000007fa0696fad0

Registers:
RAX=0x0000000101a35900, RBX=0x00007fa06a0611e8, RCX=0x00007fa069546590, RDX=0x0000000000000004
RSP=0x00007fff5ea9de18, RBP=0x00007fff5ea9e260, RSI=0x000000011bba3142, RDI=0x00007fa0696ad200
R8 =0x00007fa069619d80, R9 =0x0000000000000000, R10=0x000000011bba3142, R11=0x000007fa0696fab8
R12=0x0000000000000408, R13=0x0000000000000004, R14=0x0000000000000001, R15=0x0000000101554628
RIP=0x00007fff8e4de0dd, EFLAGS=0x0000000000010206, ERR=0x0000000000000004
  TRAPNO=0x000000000000000e

Top of Stack: (sp=0x00007fff5ea9de18)
0x00007fff5ea9de18:   000000011bb8be0e 000000005ea9de60
0x00007fff5ea9de28:   0000000000000005 00007fff772720d0
0x00007fff5ea9de38:   0000000042000000 00007fa0696b50c0
0x00007fff5ea9de48:   00007fa06a0611e8 00007fa069546590
0x00007fff5ea9de58:   0000000000000000 00007fa06bc3cc90
0x00007fff5ea9de68:   00007fff5ea9de60 0000003002000000
0x00007fff5ea9de78:   0000000000000003 00007fff5ea9deb8
0x00007fff5ea9de88:   00007fa06bc3cca8 0000000000000000
0x00007fff5ea9de98:   0000000000000000 0000000000000000
0x00007fff5ea9dea8:   0000000000000000 0000000000000000
0x00007fff5ea9deb8:   00007fa06bc94150 0000000000000000
0x00007fff5ea9dec8:   00007fff5ea9dec0 0000003002000000
0x00007fff5ea9ded8:   00007fff8af4efc0 00007fff8af4efe0
0x00007fff5ea9dee8:   0000000000000000 000000f800000000
0x00007fff5ea9def8:   000000000000001d 40806ec000000000
0x00007fff5ea9df08:   4078b33000000000 0000000000000000
0x00007fff5ea9df18:   0000000000000000 00011077a535bb6b
0x00007fff5ea9df28:   0000000000000100 0000000000000000
0x00007fff5ea9df38:   0000000000000000 0000000400000000
0x00007fff5ea9df48:   0000000000000000 0000000000000001
0x00007fff5ea9df58:   0000000100008d97 00000000000023ea
0x00007fff5ea9df68:   00008b6b0044c44c 0000000000000000
0x00007fff5ea9df78:   0000000000000000 0000000000000000
0x00007fff5ea9df88:   0000000000000000 0000000000000000
0x00007fff5ea9df98:   0000000000000000 0000000000000000
0x00007fff5ea9dfa8:   0000000000000000 0000000000000000
0x00007fff5ea9dfb8:   0000000000000000 00007fa0695a6c70
0x00007fff5ea9dfc8:   0000000000000000 00007fa0695b6d90
0x00007fff5ea9dfd8:   0000000000000000 0000000000000000
0x00007fff5ea9dfe8:   4078b33000000000 410030e47f459ad5
0x00007fff5ea9dff8:   0000000000000000 00007fa06bc1e780
0x00007fff5ea9e008:   0000000000000008 0000000000000000 

Instructions: (pc=0x00007fff8e4de0dd)
0x00007fff8e4de0bd:   00 00 00 48 85 ff 2e 74 7a 40 f6 c7 01 2e 75 7e
0x00007fff8e4de0cd:   49 bb f8 ff ff ff ff 7f 00 00 4c 23 1f 49 89 f2
0x00007fff8e4de0dd:   45 23 53 18 49 c1 e2 04 4d 03 53 10 49 3b 32 75
0x00007fff8e4de0ed:   04 41 ff 62 08 49 83 3a 00 74 6a 4d 3b 53 10 74 

Register to memory mapping:

RAX=0x0000000101a35900: _ZL13jfr_interface+0x40 in /Library/Java/JavaVirtualMachines/jdk1.8.0_25.jdk/Contents/Home/jre/lib/server/libjvm.dylib at 0x0000000101252000
RBX=0x00007fa06a0611e8 is an unknown value
RCX=0x00007fa069546590 is an unknown value
RDX=0x0000000000000004 is an unknown value
RSP=0x00007fff5ea9de18 is pointing into the stack for thread: 0x00007fa06a061000
RBP=0x00007fff5ea9e260 is pointing into the stack for thread: 0x00007fa06a061000
RSI=0x000000011bba3142: __FUNCTION__.95073+0x962 in /Library/Java/JavaVirtualMachines/jdk1.8.0_25.jdk/Contents/Home/jre/lib/libglass.dylib at 0x000000011bb73000
RDI=0x00007fa0696ad200 is an unknown value
R8 =0x00007fa069619d80 is an unknown value
R9 =0x0000000000000000 is an unknown value
R10=0x000000011bba3142: __FUNCTION__.95073+0x962 in /Library/Java/JavaVirtualMachines/jdk1.8.0_25.jdk/Contents/Home/jre/lib/libglass.dylib at 0x000000011bb73000
R11=0x000007fa0696fab8 is an unknown value
R12=0x0000000000000408 is an unknown value
R13=0x0000000000000004 is an unknown value
R14=0x0000000000000001 is an unknown value
R15=0x0000000101554628: jni_CallStaticVoidMethod+0 in /Library/Java/JavaVirtualMachines/jdk1.8.0_25.jdk/Contents/Home/jre/lib/server/libjvm.dylib at 0x0000000101252000


Stack: [0x00007fff5e2ac000,0x00007fff5eaac000],  sp=0x00007fff5ea9de18,  free space=8135k
Native frames: (J=compiled Java code, j=interpreted, Vv=VM code, C=native code)
C  [libobjc.A.dylib+0x10dd]  objc_msgSend+0x1d
C  [libglass.dylib+0x184be]  listenTouchEvents+0x5e
C  [CoreGraphics+0xfabfc]  processEventTapData+0x2ca
C  [CoreGraphics+0xfa80f]  _CGYPostEventTapData+0xdd
C  [CoreGraphics+0x413a14]  _XPostEventTapData+0x59
C  [CoreGraphics+0x413afd]  CGYEventTap_server+0x56
C  [CoreGraphics+0xfa8f7]  eventTapMessageHandler+0x2e
C  [CoreFoundation+0x80d87]  __CFMachPortPerform+0xf7
C  [CoreFoundation+0x80c79]  __CFRUNLOOP_IS_CALLING_OUT_TO_A_SOURCE1_PERFORM_FUNCTION__+0x29
C  [CoreFoundation+0x80beb]  __CFRunLoopDoSource1+0x1db
C  [CoreFoundation+0x72767]  __CFRunLoopRun+0x947
C  [CoreFoundation+0x71bd8]  CFRunLoopRunSpecific+0x128
C  [HIToolbox+0x3256f]  RunCurrentEventLoopInMode+0xeb
C  [HIToolbox+0x322ea]  ReceiveNextEventCommon+0x1af
C  [HIToolbox+0x3212b]  _BlockUntilNextEventMatchingListInModeWithFilter+0x47
C  [AppKit+0x918ab]  _DPSNextEvent+0x3d2
C  [AppKit+0x90e58]  -[NSApplication nextEventMatchingMask:untilDate:inMode:dequeue:]+0x15a
C  [AppKit+0x86af3]  -[NSApplication run]+0x252
C  [libglass.dylib+0x6757]  -[GlassApplication runLoop:]+0x6f7
C  [Foundation+0x92dd0]  __NSThreadPerformPerform+0x125
C  [CoreFoundation+0x80a01]  __CFRUNLOOP_IS_CALLING_OUT_TO_A_SOURCE0_PERFORM_FUNCTION__+0x11
C  [CoreFoundation+0x72b8d]  __CFRunLoopDoSources0+0x10d
C  [CoreFoundation+0x721bf]  __CFRunLoopRun+0x39f
C  [CoreFoundation+0x71bd8]  CFRunLoopRunSpecific+0x128
C  [java+0x56cc]  CreateExecutionEnvironment+0x367
C  [java+0x165c]  JLI_Launch+0x7a0
C  [java+0x768a]  main+0x65
C  [java+0xeb4]  start+0x34
C  0x0000000000000008


---------------  P R O C E S S  ---------------

Java Threads: ( => current thread )
  0x00007fa069c2e800 JavaThread "Timer-0" [_thread_blocked, id=65031, stack(0x000000012380f000,0x000000012390f000)]
  0x00007fa06a16f800 JavaThread "Abandoned connection cleanup thread" daemon [_thread_blocked, id=62251, stack(0x00000001224d2000,0x00000001225d2000)]
  0x00007fa06b13c800 JavaThread "Prism Font Disposer" daemon [_thread_blocked, id=50207, stack(0x00000001215a0000,0x00000001216a0000)]
  0x00007fa06a982000 JavaThread "Thread-4" daemon [_thread_in_native, id=36611, stack(0x000000011e9a1000,0x000000011ea21000)]
=>0x00007fa06a061000 JavaThread "JavaFX Application Thread" [_thread_in_native, id=1299, stack(0x00007fff5e2ac000,0x00007fff5eaac000)]
  0x00007fa06b0d8000 JavaThread "Thread-2" daemon [_thread_blocked, id=25107, stack(0x000000011bbd4000,0x000000011bcd4000)]
  0x00007fa06a880000 JavaThread "QuantumRenderer-0" daemon [_thread_in_vm, id=19971, stack(0x000000011ae56000,0x000000011af56000)]
  0x00007fa06a878800 JavaThread "JavaFX-Launcher" [_thread_blocked, id=19459, stack(0x000000011ad53000,0x000000011ae53000)]
  0x00007fa06a871800 JavaThread "Monitor Ctrl-Break" daemon [_thread_in_native, id=18947, stack(0x000000011ab65000,0x000000011ac65000)]
  0x00007fa06a039800 JavaThread "Service Thread" daemon [_thread_blocked, id=17923, stack(0x000000011a801000,0x000000011a901000)]
  0x00007fa069834000 JavaThread "C1 CompilerThread2" daemon [_thread_blocked, id=17411, stack(0x000000011a6fe000,0x000000011a7fe000)]
  0x00007fa06b00a000 JavaThread "C2 CompilerThread1" daemon [_thread_in_native, id=16899, stack(0x000000011a5fb000,0x000000011a6fb000)]
  0x00007fa06a03b800 JavaThread "C2 CompilerThread0" daemon [_thread_in_native, id=16387, stack(0x000000011a4f8000,0x000000011a5f8000)]
  0x00007fa06a039000 JavaThread "Signal Dispatcher" daemon [_thread_blocked, id=12815, stack(0x000000011a3f5000,0x000000011a4f5000)]
  0x00007fa06a80d000 JavaThread "Finalizer" daemon [_thread_blocked, id=11011, stack(0x0000000118a6f000,0x0000000118b6f000)]
  0x00007fa06a80c000 JavaThread "Reference Handler" daemon [_thread_blocked, id=10499, stack(0x000000011896c000,0x0000000118a6c000)]
  0x00007fa06a004000 JavaThread "main" [_thread_blocked, id=3331, stack(0x000000010216f000,0x000000010226f000)]

Other Threads:
  0x00007fa06a034800 VMThread [stack: 0x0000000118869000,0x0000000118969000] [id=9987]
  0x00007fa06b00b800 WatcherThread [stack: 0x000000011a904000,0x000000011aa04000] [id=18435]

VM state:not at safepoint (normal execution)

VM Mutex/Monitor currently owned by a thread:  ([mutex/lock_event])
[0x00007fa069503ce0] AdapterHandlerLibrary_lock - owner thread: 0x00007fa06a880000

Heap:
 PSYoungGen      total 38400K, used 12732K [0x0000000795580000, 0x0000000798000000, 0x00000007c0000000)
  eden space 33280K, 22% used [0x0000000795580000,0x0000000795cf27d0,0x0000000797600000)
  from space 5120K, 99% used [0x0000000797b00000,0x0000000797ffcab0,0x0000000798000000)
  to   space 5120K, 0% used [0x0000000797600000,0x0000000797600000,0x0000000797b00000)
 ParOldGen       total 87552K, used 7019K [0x0000000740000000, 0x0000000745580000, 0x0000000795580000)
  object space 87552K, 8% used [0x0000000740000000,0x00000007406dad80,0x0000000745580000)
 Metaspace       used 18318K, capacity 18928K, committed 18944K, reserved 1064960K
  class space    used 2397K, capacity 2547K, committed 2560K, reserved 1048576K

Card table byte_map: [0x0000000111fc0000,0x00000001123c1000] byte_map_base: 0x000000010e5c0000

Marking Bits: (ParMarkBitMap*) 0x0000000101aef390
 Begin Bits: [0x0000000112975000, 0x0000000114975000)
 End Bits:   [0x0000000114975000, 0x0000000116975000)

Polling page: 0x00000001022b3000

CodeCache: size=245760Kb used=5831Kb max_used=5842Kb free=239928Kb
 bounds [0x0000000102c00000, 0x00000001031c0000, 0x0000000111c00000]
 total_blobs=2554 nmethods=1858 adapters=610
 compilation: enabled

Compilation events (10 events):
Event: 5.382 Thread 0x00007fa069834000 1852       1       com.sun.prism.impl.BaseTexture::getLinearFiltering (5 bytes)
Event: 5.382 Thread 0x00007fa069834000 nmethod 1852 0x000000010319f8d0 code [0x000000010319fa20, 0x000000010319fb30]
Event: 5.382 Thread 0x00007fa069834000 1853       1       com.sun.prism.es2.ES2TextureData::isFiltered (5 bytes)
Event: 5.382 Thread 0x00007fa069834000 nmethod 1853 0x000000010319e110 code [0x000000010319e260, 0x000000010319e370]
Event: 5.382 Thread 0x00007fa069834000 1854       1       com.sun.prism.impl.BaseGraphics::isDepthBuffer (5 bytes)
Event: 5.382 Thread 0x00007fa069834000 nmethod 1854 0x000000010319c450 code [0x000000010319c5a0, 0x000000010319c6b0]
Event: 5.382 Thread 0x00007fa069834000 1855       1       com.sun.prism.impl.ps.BaseShaderContext::getLCDBuffer (5 bytes)
Event: 5.382 Thread 0x00007fa06b00a000 nmethod 1435 0x000000010319be10 code [0x000000010319bf60, 0x000000010319c278]
Event: 5.382 Thread 0x00007fa069834000 nmethod 1855 0x000000010319bb50 code [0x000000010319bca0, 0x000000010319bdb0]
Event: 5.382 Thread 0x00007fa06b00a000 1446       4       java.util.zip.ZipFile$ZipEntryIterator::nextElement (5 bytes)

GC Heap History (4 events):
Event: 3.537 GC heap before
{Heap before GC invocations=1 (full 0):
 PSYoungGen      total 38400K, used 33280K [0x0000000795580000, 0x0000000798000000, 0x00000007c0000000)
  eden space 33280K, 100% used [0x0000000795580000,0x0000000797600000,0x0000000797600000)
  from space 5120K, 0% used [0x0000000797b00000,0x0000000797b00000,0x0000000798000000)
  to   space 5120K, 0% used [0x0000000797600000,0x0000000797600000,0x0000000797b00000)
 ParOldGen       total 87552K, used 0K [0x0000000740000000, 0x0000000745580000, 0x0000000795580000)
  object space 87552K, 0% used [0x0000000740000000,0x0000000740000000,0x0000000745580000)
 Metaspace       used 14000K, capacity 14502K, committed 14592K, reserved 1062912K
  class space    used 1920K, capacity 2036K, committed 2048K, reserved 1048576K
Event: 3.545 GC heap after
Heap after GC invocations=1 (full 0):
 PSYoungGen      total 38400K, used 5095K [0x0000000795580000, 0x0000000798000000, 0x00000007c0000000)
  eden space 33280K, 0% used [0x0000000795580000,0x0000000795580000,0x0000000797600000)
  from space 5120K, 99% used [0x0000000797600000,0x0000000797af9ec0,0x0000000797b00000)
  to   space 5120K, 0% used [0x0000000797b00000,0x0000000797b00000,0x0000000798000000)
 ParOldGen       total 87552K, used 1658K [0x0000000740000000, 0x0000000745580000, 0x0000000795580000)
  object space 87552K, 1% used [0x0000000740000000,0x000000074019e820,0x0000000745580000)
 Metaspace       used 14000K, capacity 14502K, committed 14592K, reserved 1062912K
  class space    used 1920K, capacity 2036K, committed 2048K, reserved 1048576K
}
Event: 5.034 GC heap before
{Heap before GC invocations=2 (full 0):
 PSYoungGen      total 38400K, used 38375K [0x0000000795580000, 0x0000000798000000, 0x00000007c0000000)
  eden space 33280K, 100% used [0x0000000795580000,0x0000000797600000,0x0000000797600000)
  from space 5120K, 99% used [0x0000000797600000,0x0000000797af9ec0,0x0000000797b00000)
  to   space 5120K, 0% used [0x0000000797b00000,0x0000000797b00000,0x0000000798000000)
 ParOldGen       total 87552K, used 1658K [0x0000000740000000, 0x0000000745580000, 0x0000000795580000)
  object space 87552K, 1% used [0x0000000740000000,0x000000074019e820,0x0000000745580000)
 Metaspace       used 17763K, capacity 18352K, committed 18432K, reserved 1064960K
  class space    used 2330K, capacity 2487K, committed 2560K, reserved 1048576K
Event: 5.048 GC heap after
Heap after GC invocations=2 (full 0):
 PSYoungGen      total 38400K, used 5106K [0x0000000795580000, 0x0000000798000000, 0x00000007c0000000)
  eden space 33280K, 0% used [0x0000000795580000,0x0000000795580000,0x0000000797600000)
  from space 5120K, 99% used [0x0000000797b00000,0x0000000797ffcab0,0x0000000798000000)
  to   space 5120K, 0% used [0x0000000797600000,0x0000000797600000,0x0000000797b00000)
 ParOldGen       total 87552K, used 7019K [0x0000000740000000, 0x0000000745580000, 0x0000000795580000)
  object space 87552K, 8% used [0x0000000740000000,0x00000007406dad80,0x0000000745580000)
 Metaspace       used 17763K, capacity 18352K, committed 18432K, reserved 1064960K
  class space    used 2330K, capacity 2487K, committed 2560K, reserved 1048576K
}

Deoptimization events (10 events):
Event: 3.306 Thread 0x00007fa06a061000 Uncommon trap: reason=class_check action=maybe_recompile pc=0x0000000102f3be10 method=java.io.DataInputStream.readShort()S @ 4
Event: 3.306 Thread 0x00007fa06a061000 Uncommon trap: reason=class_check action=maybe_recompile pc=0x0000000102f3be10 method=java.io.DataInputStream.readShort()S @ 4
Event: 3.309 Thread 0x00007fa06a061000 Uncommon trap: reason=class_check action=maybe_recompile pc=0x0000000102d3cdc0 method=java.lang.String.equals(Ljava/lang/Object;)Z @ 8
Event: 3.488 Thread 0x00007fa06a061000 Uncommon trap: reason=unloaded action=reinterpret pc=0x0000000102e38b58 method=java.lang.CharacterData.of(I)Ljava/lang/CharacterData; @ 96
Event: 4.442 Thread 0x00007fa06a061000 Uncommon trap: reason=unreached action=reinterpret pc=0x0000000102e8c7f4 method=java.lang.AbstractStringBuilder.append(Ljava/lang/String;)Ljava/lang/AbstractStringBuilder; @ 1
Event: 4.779 Thread 0x00007fa06a061000 Uncommon trap: reason=class_check action=maybe_recompile pc=0x0000000102fad294 method=java.io.FilterInputStream.read()I @ 4
Event: 4.779 Thread 0x00007fa06a061000 Uncommon trap: reason=class_check action=maybe_recompile pc=0x0000000102fad294 method=java.io.FilterInputStream.read()I @ 4
Event: 4.779 Thread 0x00007fa06a061000 Uncommon trap: reason=class_check action=maybe_recompile pc=0x0000000102fad294 method=java.io.FilterInputStream.read()I @ 4
Event: 4.780 Thread 0x00007fa06a061000 Uncommon trap: reason=class_check action=maybe_recompile pc=0x0000000102fad294 method=java.io.FilterInputStream.read()I @ 4
Event: 4.904 Thread 0x00007fa06a061000 Uncommon trap: reason=unreached action=reinterpret pc=0x00000001030c89c0 method=java.lang.Class.privateGetDeclaredMethods(Z)[Ljava/lang/reflect/Method; @ 29

Internal exceptions (10 events):
Event: 5.065 Thread 0x00007fa06a061000 Exception <a 'java/security/PrivilegedActionException'> (0x0000000795733b00) thrown at [/HUDSON3/workspace/8-2-build-macosx-x86_64/jdk8u25/1514/hotspot/src/share/vm/prims/jvm.cpp, line 1312]
Event: 5.065 Thread 0x00007fa06a061000 Exception <a 'java/security/PrivilegedActionException'> (0x0000000795736ff0) thrown at [/HUDSON3/workspace/8-2-build-macosx-x86_64/jdk8u25/1514/hotspot/src/share/vm/prims/jvm.cpp, line 1312]
Event: 5.066 Thread 0x00007fa06a061000 Exception <a 'java/security/PrivilegedActionException'> (0x0000000795739e58) thrown at [/HUDSON3/workspace/8-2-build-macosx-x86_64/jdk8u25/1514/hotspot/src/share/vm/prims/jvm.cpp, line 1312]
Event: 5.066 Thread 0x00007fa06a061000 Exception <a 'java/security/PrivilegedActionException'> (0x000000079573d248) thrown at [/HUDSON3/workspace/8-2-build-macosx-x86_64/jdk8u25/1514/hotspot/src/share/vm/prims/jvm.cpp, line 1312]
Event: 5.066 Thread 0x00007fa06a061000 Exception <a 'java/security/PrivilegedActionException'> (0x000000079575a880) thrown at [/HUDSON3/workspace/8-2-build-macosx-x86_64/jdk8u25/1514/hotspot/src/share/vm/prims/jvm.cpp, line 1312]
Event: 5.067 Thread 0x00007fa06a061000 Exception <a 'java/security/PrivilegedActionException'> (0x0000000795779f70) thrown at [/HUDSON3/workspace/8-2-build-macosx-x86_64/jdk8u25/1514/hotspot/src/share/vm/prims/jvm.cpp, line 1312]
Event: 5.067 Thread 0x00007fa06a061000 Exception <a 'java/security/PrivilegedActionException'> (0x0000000795797c20) thrown at [/HUDSON3/workspace/8-2-build-macosx-x86_64/jdk8u25/1514/hotspot/src/share/vm/prims/jvm.cpp, line 1312]
Event: 5.067 Thread 0x00007fa06a061000 Exception <a 'java/security/PrivilegedActionException'> (0x00000007957b7910) thrown at [/HUDSON3/workspace/8-2-build-macosx-x86_64/jdk8u25/1514/hotspot/src/share/vm/prims/jvm.cpp, line 1312]
Event: 5.068 Thread 0x00007fa06a061000 Exception <a 'java/security/PrivilegedActionException'> (0x00000007957d5aa0) thrown at [/HUDSON3/workspace/8-2-build-macosx-x86_64/jdk8u25/1514/hotspot/src/share/vm/prims/jvm.cpp, line 1312]
Event: 5.068 Thread 0x00007fa06a061000 Exception <a 'java/security/PrivilegedActionException'> (0x00000007957f5cd8) thrown at [/HUDSON3/workspace/8-2-build-macosx-x86_64/jdk8u25/1514/hotspot/src/share/vm/prims/jvm.cpp, line 1312]

Events (10 events):
Event: 5.249 loading class com/sun/prism/shader/FillRoundRect_Color_Loader
Event: 5.249 loading class com/sun/prism/shader/FillRoundRect_Color_Loader done
Event: 5.254 loading class com/sun/prism/shader/DrawRoundRect_Color_Loader
Event: 5.254 loading class com/sun/prism/shader/DrawRoundRect_Color_Loader done
Event: 5.262 loading class com/sun/prism/shader/DrawSemiRoundRect_Color_Loader
Event: 5.262 loading class com/sun/prism/shader/DrawSemiRoundRect_Color_Loader done
Event: 5.326 Executing VM operation: RevokeBias
Event: 5.326 Executing VM operation: RevokeBias done
Event: 5.383 Executing VM operation: RevokeBias
Event: 5.383 Executing VM operation: RevokeBias done


Dynamic libraries:
0x0000000006c00000 	/System/Library/Frameworks/Cocoa.framework/Versions/A/Cocoa
0x0000000006c00000 	/System/Library/Frameworks/Security.framework/Versions/A/Security
0x0000000006c00000 	/System/Library/Frameworks/ApplicationServices.framework/Versions/A/ApplicationServices
0x0000000006c00000 	/usr/lib/libz.1.dylib
0x0000000006c00000 	/usr/lib/libSystem.B.dylib
0x0000000006c00000 	/usr/lib/libobjc.A.dylib
0x0000000006c00000 	/System/Library/Frameworks/CoreFoundation.framework/Versions/A/CoreFoundation
0x0000000006c00000 	/System/Library/Frameworks/Foundation.framework/Versions/C/Foundation
0x0000000006c00000 	/System/Library/Frameworks/AppKit.framework/Versions/C/AppKit
0x0000000006c00000 	/System/Library/Frameworks/CoreData.framework/Versions/A/CoreData
0x0000000006c00000 	/System/Library/PrivateFrameworks/RemoteViewServices.framework/Versions/A/RemoteViewServices
0x0000000006c00000 	/System/Library/PrivateFrameworks/UIFoundation.framework/Versions/A/UIFoundation
0x0000000006c00000 	/System/Library/Frameworks/IOSurface.framework/Versions/A/IOSurface
0x0000000006c00000 	/System/Library/Frameworks/AudioToolbox.framework/Versions/A/AudioToolbox
0x0000000006c00000 	/System/Library/Frameworks/AudioUnit.framework/Versions/A/AudioUnit
0x0000000006c00000 	/System/Library/PrivateFrameworks/DataDetectorsCore.framework/Versions/A/DataDetectorsCore
0x0000000006c00000 	/System/Library/PrivateFrameworks/DesktopServicesPriv.framework/Versions/A/DesktopServicesPriv
0x0000000006c00000 	/System/Library/Frameworks/Carbon.framework/Versions/A/Frameworks/HIToolbox.framework/Versions/A/HIToolbox
0x0000000006c00000 	/System/Library/Frameworks/QuartzCore.framework/Versions/A/QuartzCore
0x0000000006c00000 	/System/Library/Frameworks/Carbon.framework/Versions/A/Frameworks/SpeechRecognition.framework/Versions/A/SpeechRecognition
0x0000000006c00000 	/usr/lib/libauto.dylib
0x0000000006c00000 	/usr/lib/libicucore.A.dylib
0x0000000006c00000 	/usr/lib/libxml2.2.dylib
0x0000000006c00000 	/System/Library/PrivateFrameworks/CoreUI.framework/Versions/A/CoreUI
0x0000000006c00000 	/System/Library/Frameworks/CoreAudio.framework/Versions/A/CoreAudio
0x0000000006c00000 	/System/Library/Frameworks/DiskArbitration.framework/Versions/A/DiskArbitration
0x0000000006c00000 	/usr/lib/liblangid.dylib
0x0000000006c00000 	/System/Library/PrivateFrameworks/MultitouchSupport.framework/Versions/A/MultitouchSupport
0x0000000006c00000 	/System/Library/Frameworks/IOKit.framework/Versions/A/IOKit
0x0000000006c00000 	/usr/lib/libDiagnosticMessagesClient.dylib
0x0000000006c00000 	/System/Library/Frameworks/CoreServices.framework/Versions/A/CoreServices
0x0000000006c00000 	/System/Library/PrivateFrameworks/PerformanceAnalysis.framework/Versions/A/PerformanceAnalysis
0x0000000006c00000 	/System/Library/PrivateFrameworks/GenerationalStorage.framework/Versions/A/GenerationalStorage
0x0000000006c00000 	/System/Library/Frameworks/OpenGL.framework/Versions/A/OpenGL
0x0000000006c00000 	/System/Library/PrivateFrameworks/Sharing.framework/Versions/A/Sharing
0x0000000006c00000 	/System/Library/Frameworks/CoreGraphics.framework/Versions/A/CoreGraphics
0x0000000006c00000 	/System/Library/Frameworks/CoreText.framework/Versions/A/CoreText
0x0000000006c00000 	/System/Library/Frameworks/ImageIO.framework/Versions/A/ImageIO
0x0000000006c00000 	/usr/lib/libextension.dylib
0x0000000006c00000 	/System/Library/PrivateFrameworks/Backup.framework/Versions/A/Backup
0x0000000006c00000 	/usr/lib/libarchive.2.dylib
0x0000000006c00000 	/System/Library/Frameworks/CFNetwork.framework/Versions/A/CFNetwork
0x0000000006c00000 	/System/Library/Frameworks/SystemConfiguration.framework/Versions/A/SystemConfiguration
0x0000000006c00000 	/usr/lib/libCRFSuite.dylib
0x0000000006c00000 	/usr/lib/libc++.1.dylib
0x0000000006c00000 	/usr/lib/libc++abi.dylib
0x0000000006c00000 	/usr/lib/system/libcache.dylib
0x0000000006c00000 	/usr/lib/system/libcommonCrypto.dylib
0x0000000006c00000 	/usr/lib/system/libcompiler_rt.dylib
0x0000000006c00000 	/usr/lib/system/libcopyfile.dylib
0x0000000006c00000 	/usr/lib/system/libcorecrypto.dylib
0x0000000006c00000 	/usr/lib/system/libdispatch.dylib
0x0000000006c00000 	/usr/lib/system/libdyld.dylib
0x0000000006c00000 	/usr/lib/system/libkeymgr.dylib
0x0000000006c00000 	/usr/lib/system/liblaunch.dylib
0x0000000006c00000 	/usr/lib/system/libmacho.dylib
0x0000000006c00000 	/usr/lib/system/libquarantine.dylib
0x0000000006c00000 	/usr/lib/system/libremovefile.dylib
0x0000000006c00000 	/usr/lib/system/libsystem_asl.dylib
0x0000000006c00000 	/usr/lib/system/libsystem_blocks.dylib
0x0000000006c00000 	/usr/lib/system/libsystem_c.dylib
0x0000000006c00000 	/usr/lib/system/libsystem_configuration.dylib
0x0000000006c00000 	/usr/lib/system/libsystem_coreservices.dylib
0x0000000006c00000 	/usr/lib/system/libsystem_coretls.dylib
0x0000000006c00000 	/usr/lib/system/libsystem_dnssd.dylib
0x0000000006c00000 	/usr/lib/system/libsystem_info.dylib
0x0000000006c00000 	/usr/lib/system/libsystem_kernel.dylib
0x0000000006c00000 	/usr/lib/system/libsystem_m.dylib
0x0000000006c00000 	/usr/lib/system/libsystem_malloc.dylib
0x0000000006c00000 	/usr/lib/system/libsystem_network.dylib
0x0000000006c00000 	/usr/lib/system/libsystem_networkextension.dylib
0x0000000006c00000 	/usr/lib/system/libsystem_notify.dylib
0x0000000006c00000 	/usr/lib/system/libsystem_platform.dylib
0x0000000006c00000 	/usr/lib/system/libsystem_pthread.dylib
0x0000000006c00000 	/usr/lib/system/libsystem_sandbox.dylib
0x0000000006c00000 	/usr/lib/system/libsystem_secinit.dylib
0x0000000006c00000 	/usr/lib/system/libsystem_stats.dylib
0x0000000006c00000 	/usr/lib/system/libsystem_trace.dylib
0x0000000006c00000 	/usr/lib/system/libunc.dylib
0x0000000006c00000 	/usr/lib/system/libunwind.dylib
0x0000000006c00000 	/usr/lib/system/libxpc.dylib
0x0000000006c00000 	/usr/lib/libbz2.1.0.dylib
0x0000000006c00000 	/usr/lib/liblzma.5.dylib
0x0000000006c00000 	/usr/lib/libbsm.0.dylib
0x0000000006c00000 	/usr/lib/libsqlite3.dylib
0x0000000006c00000 	/usr/lib/system/libkxld.dylib
0x0000000006c00000 	/usr/lib/libxar.1.dylib
0x0000000006c00000 	/usr/lib/libpam.2.dylib
0x0000000006c00000 	/usr/lib/libOpenScriptingUtil.dylib
0x0000000006c00000 	/System/Library/Frameworks/CoreServices.framework/Versions/A/Frameworks/FSEvents.framework/Versions/A/FSEvents
0x0000000006c00000 	/System/Library/Frameworks/CoreServices.framework/Versions/A/Frameworks/CarbonCore.framework/Versions/A/CarbonCore
0x0000000006c00000 	/System/Library/Frameworks/CoreServices.framework/Versions/A/Frameworks/Metadata.framework/Versions/A/Metadata
0x0000000006c00000 	/System/Library/Frameworks/CoreServices.framework/Versions/A/Frameworks/OSServices.framework/Versions/A/OSServices
0x0000000006c00000 	/System/Library/Frameworks/CoreServices.framework/Versions/A/Frameworks/SearchKit.framework/Versions/A/SearchKit
0x0000000006c00000 	/System/Library/Frameworks/CoreServices.framework/Versions/A/Frameworks/AE.framework/Versions/A/AE
0x0000000006c00000 	/System/Library/Frameworks/CoreServices.framework/Versions/A/Frameworks/LaunchServices.framework/Versions/A/LaunchServices
0x0000000006c00000 	/System/Library/Frameworks/CoreServices.framework/Versions/A/Frameworks/DictionaryServices.framework/Versions/A/DictionaryServices
0x0000000006c00000 	/System/Library/Frameworks/NetFS.framework/Versions/A/NetFS
0x0000000006c00000 	/System/Library/PrivateFrameworks/NetAuth.framework/Versions/A/NetAuth
0x0000000006c00000 	/System/Library/PrivateFrameworks/login.framework/Versions/A/Frameworks/loginsupport.framework/Versions/A/loginsupport
0x0000000006c00000 	/System/Library/PrivateFrameworks/TCC.framework/Versions/A/TCC
0x0000000006c00000 	/usr/lib/libmecabra.dylib
0x0000000006c00000 	/System/Library/Frameworks/ApplicationServices.framework/Versions/A/Frameworks/ATS.framework/Versions/A/ATS
0x0000000006c00000 	/System/Library/Frameworks/ApplicationServices.framework/Versions/A/Frameworks/ColorSync.framework/Versions/A/ColorSync
0x0000000006c00000 	/System/Library/Frameworks/ApplicationServices.framework/Versions/A/Frameworks/HIServices.framework/Versions/A/HIServices
0x0000000006c00000 	/System/Library/Frameworks/ApplicationServices.framework/Versions/A/Frameworks/LangAnalysis.framework/Versions/A/LangAnalysis
0x0000000006c00000 	/System/Library/Frameworks/ApplicationServices.framework/Versions/A/Frameworks/PrintCore.framework/Versions/A/PrintCore
0x0000000006c00000 	/System/Library/Frameworks/ApplicationServices.framework/Versions/A/Frameworks/QD.framework/Versions/A/QD
0x0000000006c00000 	/System/Library/Frameworks/ApplicationServices.framework/Versions/A/Frameworks/SpeechSynthesis.framework/Versions/A/SpeechSynthesis
0x0000000006c00000 	/System/Library/Frameworks/Accelerate.framework/Versions/A/Accelerate
0x0000000006c00000 	/System/Library/Frameworks/Accelerate.framework/Versions/A/Frameworks/vImage.framework/Versions/A/vImage
0x0000000006c00000 	/System/Library/Frameworks/Accelerate.framework/Versions/A/Frameworks/vecLib.framework/Versions/A/vecLib
0x0000000006c00000 	/System/Library/Frameworks/Accelerate.framework/Versions/A/Frameworks/vecLib.framework/Versions/A/libvDSP.dylib
0x0000000006c00000 	/System/Library/Frameworks/Accelerate.framework/Versions/A/Frameworks/vecLib.framework/Versions/A/libvMisc.dylib
0x0000000006c00000 	/System/Library/Frameworks/Accelerate.framework/Versions/A/Frameworks/vecLib.framework/Versions/A/libLAPACK.dylib
0x0000000006c00000 	/System/Library/Frameworks/Accelerate.framework/Versions/A/Frameworks/vecLib.framework/Versions/A/libBLAS.dylib
0x0000000006c00000 	/System/Library/Frameworks/Accelerate.framework/Versions/A/Frameworks/vecLib.framework/Versions/A/libLinearAlgebra.dylib
0x0000000006c00000 	/System/Library/Frameworks/ApplicationServices.framework/Versions/A/Frameworks/ATS.framework/Versions/A/Resources/libFontParser.dylib
0x0000000006c00000 	/System/Library/Frameworks/ApplicationServices.framework/Versions/A/Frameworks/ATS.framework/Versions/A/Resources/libFontRegistry.dylib
0x0000000006c00000 	/System/Library/PrivateFrameworks/AppleVPA.framework/Versions/A/AppleVPA
0x0000000006c00000 	/System/Library/PrivateFrameworks/AppleJPEG.framework/Versions/A/AppleJPEG
0x0000000006c00000 	/System/Library/Frameworks/ImageIO.framework/Versions/A/Resources/libJPEG.dylib
0x0000000006c00000 	/System/Library/Frameworks/ImageIO.framework/Versions/A/Resources/libTIFF.dylib
0x0000000006c00000 	/System/Library/Frameworks/ImageIO.framework/Versions/A/Resources/libPng.dylib
0x0000000006c00000 	/System/Library/Frameworks/ImageIO.framework/Versions/A/Resources/libGIF.dylib
0x0000000006c00000 	/System/Library/Frameworks/ImageIO.framework/Versions/A/Resources/libJP2.dylib
0x0000000006c00000 	/System/Library/Frameworks/ImageIO.framework/Versions/A/Resources/libRadiance.dylib
0x0000000006c00000 	/System/Library/Frameworks/CoreVideo.framework/Versions/A/CoreVideo
0x0000000006c00000 	/System/Library/Frameworks/OpenGL.framework/Versions/A/Libraries/libGLU.dylib
0x0000000006c00000 	/System/Library/Frameworks/OpenGL.framework/Versions/A/Libraries/libGFXShared.dylib
0x0000000006c00000 	/System/Library/Frameworks/OpenGL.framework/Versions/A/Libraries/libGL.dylib
0x0000000006c00000 	/System/Library/Frameworks/OpenGL.framework/Versions/A/Libraries/libGLImage.dylib
0x0000000006c00000 	/System/Library/Frameworks/OpenGL.framework/Versions/A/Libraries/libCVMSPluginSupport.dylib
0x0000000006c00000 	/System/Library/Frameworks/OpenGL.framework/Versions/A/Libraries/libCoreVMClient.dylib
0x0000000006c00000 	/usr/lib/libcups.2.dylib
0x0000000006c00000 	/System/Library/Frameworks/Kerberos.framework/Versions/A/Kerberos
0x0000000006c00000 	/System/Library/Frameworks/GSS.framework/Versions/A/GSS
0x0000000006c00000 	/usr/lib/libresolv.9.dylib
0x0000000006c00000 	/usr/lib/libiconv.2.dylib
0x0000000006c00000 	/System/Library/PrivateFrameworks/Heimdal.framework/Versions/A/Heimdal
0x0000000006c00000 	/usr/lib/libheimdal-asn1.dylib
0x0000000006c00000 	/System/Library/Frameworks/OpenDirectory.framework/Versions/A/OpenDirectory
0x0000000006c00000 	/System/Library/PrivateFrameworks/CommonAuth.framework/Versions/A/CommonAuth
0x0000000006c00000 	/System/Library/Frameworks/OpenDirectory.framework/Versions/A/Frameworks/CFOpenDirectory.framework/Versions/A/CFOpenDirectory
0x0000000006c00000 	/System/Library/Frameworks/SecurityFoundation.framework/Versions/A/SecurityFoundation
0x0000000006c00000 	/System/Library/PrivateFrameworks/LanguageModeling.framework/Versions/A/LanguageModeling
0x0000000006c00000 	/usr/lib/libcmph.dylib
0x0000000006c00000 	/System/Library/Frameworks/ServiceManagement.framework/Versions/A/ServiceManagement
0x0000000006c00000 	/usr/lib/libxslt.1.dylib
0x0000000006c00000 	/System/Library/Frameworks/Carbon.framework/Versions/A/Frameworks/Ink.framework/Versions/A/Ink
0x0000000006c00000 	/System/Library/Frameworks/QuartzCore.framework/Versions/A/Frameworks/CoreImage.framework/Versions/A/CoreImage
0x0000000006c00000 	/System/Library/PrivateFrameworks/CrashReporterSupport.framework/Versions/A/CrashReporterSupport
0x0000000006c00000 	/System/Library/Frameworks/OpenCL.framework/Versions/A/OpenCL
0x0000000006c00000 	/System/Library/PrivateFrameworks/FaceCore.framework/Versions/A/FaceCore
0x0000000006c00000 	/System/Library/PrivateFrameworks/Ubiquity.framework/Versions/A/Ubiquity
0x0000000006c00000 	/System/Library/PrivateFrameworks/IconServices.framework/Versions/A/IconServices
0x0000000006c00000 	/System/Library/PrivateFrameworks/ChunkingLibrary.framework/Versions/A/ChunkingLibrary
0x0000000006c00000 	/System/Library/PrivateFrameworks/Apple80211.framework/Versions/A/Apple80211
0x0000000006c00000 	/System/Library/Frameworks/CoreWLAN.framework/Versions/A/CoreWLAN
0x0000000006c00000 	/System/Library/Frameworks/IOBluetooth.framework/Versions/A/IOBluetooth
0x0000000006c00000 	/System/Library/PrivateFrameworks/CoreWiFi.framework/Versions/A/CoreWiFi
0x0000000006c00000 	/System/Library/Frameworks/CoreBluetooth.framework/Versions/A/CoreBluetooth
0x0000000006c00000 	/System/Library/PrivateFrameworks/DebugSymbols.framework/Versions/A/DebugSymbols
0x0000000006c00000 	/System/Library/PrivateFrameworks/CoreSymbolication.framework/Versions/A/CoreSymbolication
0x0000000006c00000 	/System/Library/PrivateFrameworks/Symbolication.framework/Versions/A/Symbolication
0x0000000006c00000 	/System/Library/PrivateFrameworks/SpeechRecognitionCore.framework/Versions/A/SpeechRecognitionCore
0x0000000101252000 	/Library/Java/JavaVirtualMachines/jdk1.8.0_25.jdk/Contents/Home/jre/lib/server/libjvm.dylib
0x0000000006c00000 	/usr/lib/libstdc++.6.dylib
0x0000000102271000 	/Library/Java/JavaVirtualMachines/jdk1.8.0_25.jdk/Contents/Home/jre/lib/libverify.dylib
0x000000010227f000 	/Library/Java/JavaVirtualMachines/jdk1.8.0_25.jdk/Contents/Home/jre/lib/libjava.dylib
0x00000001022d4000 	/Library/Java/JavaVirtualMachines/jdk1.8.0_25.jdk/Contents/Home/jre/lib/libzip.dylib
0x00000001023e1000 	/System/Library/Frameworks/JavaVM.framework/Frameworks/JavaRuntimeSupport.framework/JavaRuntimeSupport
0x0000000118b71000 	/System/Library/Frameworks/JavaVM.framework/Versions/A/Frameworks/JavaNativeFoundation.framework/Versions/A/JavaNativeFoundation
0x0000000118b86000 	/System/Library/Frameworks/JavaVM.framework/Versions/A/JavaVM
0x0000000006c00000 	/System/Library/Frameworks/Carbon.framework/Versions/A/Carbon
0x0000000118b93000 	/System/Library/PrivateFrameworks/JavaLaunching.framework/Versions/A/JavaLaunching
0x0000000006c00000 	/System/Library/Frameworks/Carbon.framework/Versions/A/Frameworks/CommonPanels.framework/Versions/A/CommonPanels
0x0000000006c00000 	/System/Library/Frameworks/Carbon.framework/Versions/A/Frameworks/Help.framework/Versions/A/Help
0x0000000006c00000 	/System/Library/Frameworks/Carbon.framework/Versions/A/Frameworks/ImageCapture.framework/Versions/A/ImageCapture
0x0000000006c00000 	/System/Library/Frameworks/Carbon.framework/Versions/A/Frameworks/OpenScripting.framework/Versions/A/OpenScripting
0x0000000006c00000 	/System/Library/Frameworks/Carbon.framework/Versions/A/Frameworks/Print.framework/Versions/A/Print
0x0000000006c00000 	/System/Library/Frameworks/Carbon.framework/Versions/A/Frameworks/SecurityHI.framework/Versions/A/SecurityHI
0x000000011ab61000 	/Applications/IntelliJ IDEA 14 CE.app/Contents/bin/libbreakgen64.jnilib
0x000000011ac67000 	/Library/Java/JavaVirtualMachines/jdk1.8.0_25.jdk/Contents/Home/jre/lib/libnet.dylib
0x000000011af58000 	/Library/Java/JavaVirtualMachines/jdk1.8.0_25.jdk/Contents/Home/jre/lib/libprism_es2.dylib
0x0000000006c00000 	/System/Library/Frameworks/OpenGL.framework/Versions/A/Resources/GLEngine.bundle/GLEngine
0x0000000006c00000 	/System/Library/Frameworks/OpenGL.framework/Versions/A/Libraries/libGLProgrammability.dylib
0x000000011afd9000 	/System/Library/Extensions/AppleIntelHD5000GraphicsGLDriver.bundle/Contents/MacOS/AppleIntelHD5000GraphicsGLDriver
0x0000000006c00000 	/System/Library/PrivateFrameworks/IOAccelerator.framework/Versions/A/IOAccelerator
0x0000000006c00000 	/System/Library/PrivateFrameworks/GPUSupport.framework/Versions/A/Libraries/libGPUSupportMercury.dylib
0x0000000006c00000 	/System/Library/Frameworks/OpenGL.framework/Versions/A/Resources/GLRendererFloat.bundle/GLRendererFloat
0x0000000006c00000 	/System/Library/Frameworks/OpenCL.framework/Versions/A/Libraries/libcldcpuengine.dylib
0x0000000006c00000 	/System/Library/PrivateFrameworks/DiskImages.framework/Versions/A/DiskImages
0x0000000006c00000 	/System/Library/Frameworks/DiscRecording.framework/Versions/A/DiscRecording
0x0000000006c00000 	/usr/lib/libcsfde.dylib
0x0000000006c00000 	/usr/lib/libcurl.4.dylib
0x0000000006c00000 	/System/Library/PrivateFrameworks/MediaKit.framework/Versions/A/MediaKit
0x0000000006c00000 	/System/Library/PrivateFrameworks/ProtectedCloudStorage.framework/Versions/A/ProtectedCloudStorage
0x0000000006c00000 	/usr/lib/libCoreStorage.dylib
0x0000000006c00000 	/System/Library/PrivateFrameworks/EFILogin.framework/Versions/A/EFILogin
0x0000000006c00000 	/usr/lib/libutil.dylib
0x0000000006c00000 	/System/Library/PrivateFrameworks/FindMyDevice.framework/Versions/A/FindMyDevice
0x0000000006c00000 	/System/Library/Frameworks/LDAP.framework/Versions/A/LDAP
0x0000000006c00000 	/usr/lib/libsasl2.2.dylib
0x0000000006c00000 	/System/Library/PrivateFrameworks/CoreDaemon.framework/Versions/B/CoreDaemon
0x0000000006c00000 	/usr/lib/libcrypto.0.9.8.dylib
0x0000000006c00000 	/System/Library/PrivateFrameworks/AppleSRP.framework/Versions/A/AppleSRP
0x0000000006c00000 	/System/Library/PrivateFrameworks/TrustEvaluationAgent.framework/Versions/A/TrustEvaluationAgent
0x000000011bb73000 	/Library/Java/JavaVirtualMachines/jdk1.8.0_25.jdk/Contents/Home/jre/lib/libglass.dylib
0x0000000006c00000 	/System/Library/PrivateFrameworks/CoreServicesInternal.framework/Versions/A/CoreServicesInternal
0x0000000006c00000 	/System/Library/PrivateFrameworks/CloudDocs.framework/Versions/A/CloudDocs
0x0000000006c00000 	/System/Library/PrivateFrameworks/CoreDuet.framework/Versions/A/CoreDuet
0x0000000006c00000 	/System/Library/Frameworks/CloudKit.framework/Versions/A/CloudKit
0x0000000006c00000 	/System/Library/PrivateFrameworks/ProtocolBuffer.framework/Versions/A/ProtocolBuffer
0x0000000006c00000 	/System/Library/PrivateFrameworks/CoreDuetDaemonProtocol.framework/Versions/A/CoreDuetDaemonProtocol
0x0000000006c00000 	/System/Library/PrivateFrameworks/CoreDuetDebugLogging.framework/Versions/A/CoreDuetDebugLogging
0x0000000006c00000 	/System/Library/PrivateFrameworks/MMCS.framework/Versions/A/MMCS
0x0000000006c00000 	/System/Library/Frameworks/CoreLocation.framework/Versions/A/CoreLocation
0x0000000006c00000 	/System/Library/PrivateFrameworks/GeoServices.framework/Versions/A/GeoServices
0x0000000006c00000 	/System/Library/Frameworks/CoreGraphics.framework/Versions/A/Resources/libCGCMS.A.dylib
0x0000000006c00000 	/System/Library/CoreServices/RawCamera.bundle/Contents/MacOS/RawCamera
0x0000000006c00000 	/System/Library/Frameworks/CoreGraphics.framework/Versions/A/Resources/libRIP.A.dylib
0x0000000006c00000 	/System/Library/PrivateFrameworks/FamilyControls.framework/Versions/A/FamilyControls
0x0000000006c00000 	/System/Library/PrivateFrameworks/CommerceKit.framework/Versions/A/Frameworks/CommerceCore.framework/Versions/A/CommerceCore
0x0000000006c00000 	/System/Library/PrivateFrameworks/SystemAdministration.framework/Versions/A/SystemAdministration
0x0000000006c00000 	/System/Library/PrivateFrameworks/AppContainer.framework/Versions/A/AppContainer
0x0000000006c00000 	/System/Library/PrivateFrameworks/SecCodeWrapper.framework/Versions/A/SecCodeWrapper
0x0000000006c00000 	/System/Library/Frameworks/DirectoryService.framework/Versions/A/DirectoryService
0x0000000006c00000 	/System/Library/PrivateFrameworks/LoginUIKit.framework/Versions/A/Frameworks/LoginUICore.framework/Versions/A/LoginUICore
0x0000000006c00000 	/usr/lib/libodfde.dylib
0x000000011fe33000 	/Library/Java/JavaVirtualMachines/jdk1.8.0_25.jdk/Contents/Home/jre/lib/libjavafx_font.dylib
0x0000000006c00000 	/System/Library/Frameworks/CoreGraphics.framework/Versions/A/Resources/libCGXType.A.dylib
0x00000001220c3000 	cl_kernels
0x00000001233f9000 	/System/Library/Frameworks/OpenCL.framework/Versions/A/Libraries/ImageFormats/unorm8_bgra.dylib
0x00000001220b5000 	cl_kernels
0x00000001216a2000 	/Library/Java/JavaVirtualMachines/jdk1.8.0_25.jdk/Contents/Home/jre/lib/libprism_common.dylib

VM Arguments:
jvm_args: -Didea.launcher.port=7536 -Didea.launcher.bin.path=/Applications/IntelliJ IDEA 14 CE.app/Contents/bin -Dfile.encoding=UTF-8 
java_command: com.intellij.rt.execution.application.AppMain MULE.Controller.Main
java_class_path (initial): /Library/Java/JavaVirtualMachines/jdk1.8.0_25.jdk/Contents/Home/lib/ant-javafx.jar:/Library/Java/JavaVirtualMachines/jdk1.8.0_25.jdk/Contents/Home/lib/dt.jar:/Library/Java/JavaVirtualMachines/jdk1.8.0_25.jdk/Contents/Home/lib/javafx-mx.jar:/Library/Java/JavaVirtualMachines/jdk1.8.0_25.jdk/Contents/Home/lib/jconsole.jar:/Library/Java/JavaVirtualMachines/jdk1.8.0_25.jdk/Contents/Home/lib/sa-jdi.jar:/Library/Java/JavaVirtualMachines/jdk1.8.0_25.jdk/Contents/Home/lib/tools.jar:/Library/Java/JavaVirtualMachines/jdk1.8.0_25.jdk/Contents/Home/jre/lib/charsets.jar:/Library/Java/JavaVirtualMachines/jdk1.8.0_25.jdk/Contents/Home/jre/lib/deploy.jar:/Library/Java/JavaVirtualMachines/jdk1.8.0_25.jdk/Contents/Home/jre/lib/javaws.jar:/Library/Java/JavaVirtualMachines/jdk1.8.0_25.jdk/Contents/Home/jre/lib/jce.jar:/Library/Java/JavaVirtualMachines/jdk1.8.0_25.jdk/Contents/Home/jre/lib/jfr.jar:/Library/Java/JavaVirtualMachines/jdk1.8.0_25.jdk/Contents/Home/jre/lib/jfxswt.jar:/Library/Java/JavaVirtualMachines/jdk1.8.0_25.jdk/Contents/Home/jre/lib/jsse.jar:/Library/Java/JavaVirtualMachines/jdk1.8.0_25.jdk/Contents/Home/jre/lib/management-agent.jar:/Library/Java/JavaVirtualMachines/jdk1.8.0_25.jdk/Contents/Home/jre/lib/plugin.jar:/Library/Java/JavaVirtualMachines/jdk1.8.0_25.jdk/Contents/Home/jre/lib/resources.jar:/Library/Java/JavaVirtualMachines/jdk1.8.0_25.jdk/Contents/Home/jre/lib/rt.jar:/Library/Java/JavaVirtualMachines/jdk1.8.0_25.jdk/Contents/Home/jre/lib/ext/cldrdata.jar:/Library/Java/JavaVirtualMachines/jdk1.8.0_25.jdk/Contents/Home/jre/lib/ext/dnsns.jar:/Library/Java/JavaVirtualMachines/jdk1.8.0_25.jdk/Contents/Home/jre/lib/ext/jfxrt.jar:/Library/Java/JavaVirtualMachines/jdk1.8.0_25.jdk/Contents/Home/jre/lib/ext/localedata.jar:/Library/Java/JavaVirtualMachines/jdk1.8.0_25.jdk/Contents/Home/jre/lib/ext/nashorn.jar:/Library/Java/JavaVirtualMachines/jdk1.8.0_25.jdk/Contents/Home/jre/lib/ext/sunec.jar:/Library/Java/JavaVirtualMachines/jdk1.8.0_25.jdk/C
Launcher Type: SUN_STANDARD

Environment Variables:
CLASSPATH=:/users/jatin1/documents/junit-4.12.jar:/users/jatin1/documents/hamcrest-core-1.3.jar
PATH=/Library/Frameworks/Python.framework/Versions/2.7/bin:/usr/local/bin:/usr/bin:/bin:/usr/sbin:/sbin:/usr/local/git/bin:/usr/local/MacGPG2/bin:/Users/jatin1/Documents/gradle-2.6/bin
SHELL=/bin/bash

Signal Handlers:
SIGSEGV: [libjvm.dylib+0x579dc7], sa_mask[0]=11111111011111110111111111111111, sa_flags=SA_ONSTACK|SA_RESTART|SA_SIGINFO
SIGBUS: [libjvm.dylib+0x579dc7], sa_mask[0]=11111111011111110111111111111111, sa_flags=SA_RESTART|SA_SIGINFO
SIGFPE: [libjvm.dylib+0x45b030], sa_mask[0]=11111111011111110111111111111111, sa_flags=SA_RESTART|SA_SIGINFO
SIGPIPE: [libjvm.dylib+0x45b030], sa_mask[0]=11111111011111110111111111111111, sa_flags=SA_RESTART|SA_SIGINFO
SIGXFSZ: [libjvm.dylib+0x45b030], sa_mask[0]=11111111011111110111111111111111, sa_flags=SA_RESTART|SA_SIGINFO
SIGILL: [libjvm.dylib+0x45b030], sa_mask[0]=11111111011111110111111111111111, sa_flags=SA_RESTART|SA_SIGINFO
SIGUSR1: SIG_DFL, sa_mask[0]=00000000000000000000000000000000, sa_flags=none
SIGUSR2: [libjvm.dylib+0x45ab4e], sa_mask[0]=00100000000000000000000000000000, sa_flags=SA_RESTART|SA_SIGINFO
SIGHUP: [libjvm.dylib+0x459121], sa_mask[0]=11111111011111110111111111111111, sa_flags=SA_RESTART|SA_SIGINFO
SIGINT: [libjvm.dylib+0x459121], sa_mask[0]=11111111011111110111111111111111, sa_flags=SA_RESTART|SA_SIGINFO
SIGTERM: [libjvm.dylib+0x459121], sa_mask[0]=11111111011111110111111111111111, sa_flags=SA_RESTART|SA_SIGINFO
SIGQUIT: [libjvm.dylib+0x459121], sa_mask[0]=11111111011111110111111111111111, sa_flags=SA_RESTART|SA_SIGINFO


---------------  S Y S T E M  ---------------

OS:Bsduname:Darwin 14.5.0 Darwin Kernel Version 14.5.0: Wed Jul 29 02:26:53 PDT 2015; root:xnu-2782.40.9~1/RELEASE_X86_64 x86_64
rlimit: STACK 8192k, CORE 0k, NPROC 709, NOFILE 10240, AS infinity
load average:3.62 2.90 3.05

CPU:total 4 (2 cores per cpu, 2 threads per core) family 6 model 69 stepping 1, cmov, cx8, fxsr, mmx, sse, sse2, sse3, ssse3, sse4.1, sse4.2, popcnt, avx, avx2, aes, clmul, erms, lzcnt, ht, tsc, tscinvbit, bmi1, bmi2

Memory: 4k page, physical 8388608k(32668k free)

/proc/meminfo:


vm_info: Java HotSpot(TM) 64-Bit Server VM (25.25-b02) for bsd-amd64 JRE (1.8.0_25-b17), built on Sep 17 2014 16:56:50 by "java_re" with gcc 4.2.1 (Based on Apple Inc. build 5658) (LLVM build 2336.11.00)

time: Wed Nov  4 01:22:44 2015
elapsed time: 5 seconds (0d 0h 0m 5s)

