#
# A fatal error has been detected by the Java Runtime Environment:
#
#  SIGSEGV (0xb) at pc=0x00007fff8e4de0dd, pid=9592, tid=1299
#
# JRE version: Java(TM) SE Runtime Environment (8.0_25-b17) (build 1.8.0_25-b17)
# Java VM: Java HotSpot(TM) 64-Bit Server VM (25.25-b02 mixed mode bsd-amd64 compressed oops)
# Problematic frame:
# C  [libobjc.A.dylib+0x10dd]  objc_msgSend+0x1d
#
# Failed to write core dump. Core dumps have been disabled. To enable core dumping, try "ulimit -c unlimited" before starting Java again
#
# If you would like to submit a bug report, please visit:
#   http://bugreport.sun.com/bugreport/crash.jsp
# The crash happened outside the Java Virtual Machine in native code.
# See problematic frame for where to report the bug.
#

---------------  T H R E A D  ---------------

Current thread (0x00007fe311045800):  JavaThread "JavaFX Application Thread" [_thread_in_native, id=1299, stack(0x00007fff54f03000,0x00007fff55703000)]

siginfo: si_signo: 11 (SIGSEGV), si_code: 1 (SEGV_MAPERR), si_addr: 0x0000000000000018

Registers:
RAX=0x000000010b5f6900, RBX=0x00007fe3110459e8, RCX=0x00007fe310fbe9d0, RDX=0x0000000000000004
RSP=0x00007fff556f4e18, RBP=0x00007fff556f5260, RSI=0x00000001e514c142, RDI=0x00007fe310fad0d0
R8 =0x00007fe310d1ec30, R9 =0x0000000000000000, R10=0x00000001e514c142, R11=0x0000000000000000
R12=0x0000000000000408, R13=0x0000000000000000, R14=0x0000000000000001, R15=0x000000010b115628
RIP=0x00007fff8e4de0dd, EFLAGS=0x0000000000010246, ERR=0x0000000000000004
  TRAPNO=0x000000000000000e

Top of Stack: (sp=0x00007fff556f4e18)
0x00007fff556f4e18:   00000001e5134e0e 00000000556f4e60
0x00007fff556f4e28:   0000000000000001 00007fff772720d0
0x00007fff556f4e38:   0000000042000000 00007fe310df1598
0x00007fff556f4e48:   00007fe3110459e8 00007fe310fbe9d0
0x00007fff556f4e58:   0000000000000000 00007fe310ed8ac0
0x00007fff556f4e68:   00007fff556f4e60 0000003002000000
0x00007fff556f4e78:   0000000000000003 00007fff556f4eb8
0x00007fff556f4e88:   00007fe310ed8ad8 0000000000000000
0x00007fff556f4e98:   0000000000000000 0000000000000000
0x00007fff556f4ea8:   0000000000000000 0000000000000000
0x00007fff556f4eb8:   00007fe31351f390 0000000000000000
0x00007fff556f4ec8:   00007fff556f4ec0 0000003002000000
0x00007fff556f4ed8:   00007fff8af4efc0 00007fff8af4efe0
0x00007fff556f4ee8:   0000000000000000 000000f800000000
0x00007fff556f4ef8:   000000000000001d 40806c1000000000
0x00007fff556f4f08:   40795b7000000000 0000000000000000
0x00007fff556f4f18:   0000000000000000 0001118b5da1822f
0x00007fff556f4f28:   0000000000000100 0000000000000000
0x00007fff556f4f38:   0000000000000000 0000000400000000
0x00007fff556f4f48:   0000000000000000 0000000000000001
0x00007fff556f4f58:   0000000100008d97 0000000000002578
0x00007fff556f4f68:   0002fa4f0045b45b 0000000000000000
0x00007fff556f4f78:   0000000000000000 0000000000000000
0x00007fff556f4f88:   0000000000000000 0000000000000000
0x00007fff556f4f98:   0000000000000000 0000000000000000
0x00007fff556f4fa8:   0000000000000000 0000000000000000
0x00007fff556f4fb8:   0000000000000000 00007fe313526510
0x00007fff556f4fc8:   0000000000000000 00007fe31353c0b0
0x00007fff556f4fd8:   0000000000000000 0000000000000000
0x00007fff556f4fe8:   40795b7000000000 650017450c765135
0x00007fff556f4ff8:   0000000000000000 00007fe31353be20
0x00007fff556f5008:   0000000000000008 0000000000000000 

Instructions: (pc=0x00007fff8e4de0dd)
0x00007fff8e4de0bd:   00 00 00 48 85 ff 2e 74 7a 40 f6 c7 01 2e 75 7e
0x00007fff8e4de0cd:   49 bb f8 ff ff ff ff 7f 00 00 4c 23 1f 49 89 f2
0x00007fff8e4de0dd:   45 23 53 18 49 c1 e2 04 4d 03 53 10 49 3b 32 75
0x00007fff8e4de0ed:   04 41 ff 62 08 49 83 3a 00 74 6a 4d 3b 53 10 74 

Register to memory mapping:

RAX=0x000000010b5f6900: _ZL13jfr_interface+0x40 in /Library/Java/JavaVirtualMachines/jdk1.8.0_25.jdk/Contents/Home/jre/lib/server/libjvm.dylib at 0x000000010ae13000
RBX=0x00007fe3110459e8 is an unknown value
RCX=0x00007fe310fbe9d0 is an unknown value
RDX=0x0000000000000004 is an unknown value
RSP=0x00007fff556f4e18 is pointing into the stack for thread: 0x00007fe311045800
RBP=0x00007fff556f5260 is pointing into the stack for thread: 0x00007fe311045800
RSI=0x00000001e514c142: __FUNCTION__.95073+0x962 in /Library/Java/JavaVirtualMachines/jdk1.8.0_25.jdk/Contents/Home/jre/lib/libglass.dylib at 0x00000001e511c000
RDI=0x00007fe310fad0d0 is an unknown value
R8 =0x00007fe310d1ec30 is an unknown value
R9 =0x0000000000000000 is an unknown value
R10=0x00000001e514c142: __FUNCTION__.95073+0x962 in /Library/Java/JavaVirtualMachines/jdk1.8.0_25.jdk/Contents/Home/jre/lib/libglass.dylib at 0x00000001e511c000
R11=0x0000000000000000 is an unknown value
R12=0x0000000000000408 is an unknown value
R13=0x0000000000000000 is an unknown value
R14=0x0000000000000001 is an unknown value
R15=0x000000010b115628: jni_CallStaticVoidMethod+0 in /Library/Java/JavaVirtualMachines/jdk1.8.0_25.jdk/Contents/Home/jre/lib/server/libjvm.dylib at 0x000000010ae13000


Stack: [0x00007fff54f03000,0x00007fff55703000],  sp=0x00007fff556f4e18,  free space=8135k
Native frames: (J=compiled Java code, j=interpreted, Vv=VM code, C=native code)
C  [libobjc.A.dylib+0x10dd]  objc_msgSend+0x1d
C  [libglass.dylib+0x184be]  listenTouchEvents+0x5e
C  [CoreGraphics+0xfabfc]  processEventTapData+0x2ca
C  [CoreGraphics+0xfa80f]  _CGYPostEventTapData+0xdd
C  [CoreGraphics+0x413a14]  _XPostEventTapData+0x59
C  [CoreGraphics+0x413afd]  CGYEventTap_server+0x56
C  [CoreGraphics+0xfa8f7]  eventTapMessageHandler+0x2e
C  [CoreFoundation+0x80dad]  __CFMachPortPerform+0x11d
C  [CoreFoundation+0x80c79]  __CFRUNLOOP_IS_CALLING_OUT_TO_A_SOURCE1_PERFORM_FUNCTION__+0x29
C  [CoreFoundation+0x80beb]  __CFRunLoopDoSource1+0x1db
C  [CoreFoundation+0x72767]  __CFRunLoopRun+0x947
C  [CoreFoundation+0x71bd8]  CFRunLoopRunSpecific+0x128
C  [HIToolbox+0x3256f]  RunCurrentEventLoopInMode+0xeb
C  [HIToolbox+0x322ea]  ReceiveNextEventCommon+0x1af
C  [HIToolbox+0x3212b]  _BlockUntilNextEventMatchingListInModeWithFilter+0x47
C  [AppKit+0x918ab]  _DPSNextEvent+0x3d2
C  [AppKit+0x90e58]  -[NSApplication nextEventMatchingMask:untilDate:inMode:dequeue:]+0x15a
C  [AppKit+0x86af3]  -[NSApplication run]+0x252
C  [libglass.dylib+0x6757]  -[GlassApplication runLoop:]+0x6f7
C  [Foundation+0x92dd0]  __NSThreadPerformPerform+0x125
C  [CoreFoundation+0x80a01]  __CFRUNLOOP_IS_CALLING_OUT_TO_A_SOURCE0_PERFORM_FUNCTION__+0x11
C  [CoreFoundation+0x72b8d]  __CFRunLoopDoSources0+0x10d
C  [CoreFoundation+0x721bf]  __CFRunLoopRun+0x39f
C  [CoreFoundation+0x71bd8]  CFRunLoopRunSpecific+0x128
C  [java+0x56cc]  CreateExecutionEnvironment+0x367
C  [java+0x165c]  JLI_Launch+0x7a0
C  [java+0x768a]  main+0x65
C  [java+0xeb4]  start+0x34
C  0x0000000000000008


---------------  P R O C E S S  ---------------

Java Threads: ( => current thread )
  0x00007fe311abf000 JavaThread "Timer-0" [_thread_blocked, id=64775, stack(0x00000001eccae000,0x00000001ecdae000)]
  0x00007fe31218c800 JavaThread "Abandoned connection cleanup thread" daemon [_thread_blocked, id=62799, stack(0x00000001eba7b000,0x00000001ebb7b000)]
  0x00007fe311105000 JavaThread "Prism Font Disposer" daemon [_thread_blocked, id=49979, stack(0x00000001ebec9000,0x00000001ebfc9000)]
  0x00007fe3110c9000 JavaThread "Thread-4" daemon [_thread_in_native, id=36867, stack(0x00000001e7f49000,0x00000001e7fc9000)]
=>0x00007fe311045800 JavaThread "JavaFX Application Thread" [_thread_in_native, id=1299, stack(0x00007fff54f03000,0x00007fff55703000)]
  0x00007fe312a60000 JavaThread "Thread-2" daemon [_thread_blocked, id=25107, stack(0x00000001e517d000,0x00000001e527d000)]
  0x00007fe312a2c800 JavaThread "QuantumRenderer-0" daemon [_thread_blocked, id=19971, stack(0x00000001e43ff000,0x00000001e44ff000)]
  0x00007fe31205e800 JavaThread "JavaFX-Launcher" [_thread_blocked, id=19459, stack(0x00000001e42fc000,0x00000001e43fc000)]
  0x00007fe3118ae800 JavaThread "Monitor Ctrl-Break" daemon [_thread_in_native, id=18947, stack(0x00000001e410e000,0x00000001e420e000)]
  0x00007fe312017000 JavaThread "Service Thread" daemon [_thread_blocked, id=17923, stack(0x00000001e3dae000,0x00000001e3eae000)]
  0x00007fe311894000 JavaThread "C1 CompilerThread2" daemon [_thread_blocked, id=17411, stack(0x00000001e3cab000,0x00000001e3dab000)]
  0x00007fe312016800 JavaThread "C2 CompilerThread1" daemon [_thread_blocked, id=16899, stack(0x00000001e3ba8000,0x00000001e3ca8000)]
  0x00007fe311846000 JavaThread "C2 CompilerThread0" daemon [_thread_blocked, id=16387, stack(0x00000001e3aa5000,0x00000001e3ba5000)]
  0x00007fe31282e000 JavaThread "Signal Dispatcher" daemon [_thread_blocked, id=12815, stack(0x00000001e39a2000,0x00000001e3aa2000)]
  0x00007fe312007000 JavaThread "Finalizer" daemon [_thread_blocked, id=11523, stack(0x00000001e2004000,0x00000001e2104000)]
  0x00007fe311014800 JavaThread "Reference Handler" daemon [_thread_blocked, id=11011, stack(0x00000001e1f01000,0x00000001e2001000)]
  0x00007fe311005800 JavaThread "main" [_thread_blocked, id=4867, stack(0x000000010bd30000,0x000000010be30000)]

Other Threads:
  0x00007fe31281b800 VMThread [stack: 0x00000001e1dfe000,0x00000001e1efe000] [id=10499]
  0x00007fe312820000 WatcherThread [stack: 0x00000001e3eb1000,0x00000001e3fb1000] [id=18435]

VM state:not at safepoint (normal execution)

VM Mutex/Monitor currently owned by a thread: None

Heap:
 PSYoungGen      total 38400K, used 12892K [0x0000000170b80000, 0x0000000173600000, 0x000000019b600000)
  eden space 33280K, 23% used [0x0000000170b80000,0x00000001713199a0,0x0000000172c00000)
  from space 5120K, 99% used [0x0000000173100000,0x00000001735fd920,0x0000000173600000)
  to   space 5120K, 0% used [0x0000000172c00000,0x0000000172c00000,0x0000000173100000)
 ParOldGen       total 87552K, used 7972K [0x000000011b600000, 0x0000000120b80000, 0x0000000170b80000)
  object space 87552K, 9% used [0x000000011b600000,0x000000011bdc90b8,0x0000000120b80000)
 Metaspace       used 18383K, capacity 18996K, committed 19200K, reserved 1067008K
  class space    used 2395K, capacity 2547K, committed 2560K, reserved 1048576K

Card table byte_map: [0x000000019b600000,0x000000019ba01000] byte_map_base: 0x000000019ad25000

Marking Bits: (ParMarkBitMap*) 0x000000010b6b0390
 Begin Bits: [0x000000019bfb5000, 0x000000019dfb5000)
 End Bits:   [0x000000019dfb5000, 0x000000019ffb5000)

Polling page: 0x000000010a5ff000

CodeCache: size=245760Kb used=6572Kb max_used=6572Kb free=239187Kb
 bounds [0x000000010be86000, 0x000000010c4f6000, 0x000000011ae86000]
 total_blobs=2678 nmethods=1982 adapters=610
 compilation: enabled

Compilation events (10 events):
Event: 9.365 Thread 0x00007fe311894000 1979       3       com.sun.javafx.sg.prism.NGNode::render (38 bytes)
Event: 9.365 Thread 0x00007fe311894000 nmethod 1979 0x000000010c4f2150 code [0x000000010c4f22e0, 0x000000010c4f2678]
Event: 9.365 Thread 0x00007fe311894000 1980       3       com.sun.prism.es2.ES2Pipeline::is3DSupported (14 bytes)
Event: 9.366 Thread 0x00007fe311894000 nmethod 1980 0x000000010c4f2750 code [0x000000010c4f28c0, 0x000000010c4f2a70]
Event: 9.366 Thread 0x00007fe311894000 1981       3       com.sun.prism.impl.ps.BaseShaderContext::updatePerVertexColor (38 bytes)
Event: 9.366 Thread 0x00007fe311894000 nmethod 1981 0x000000010c4f2b10 code [0x000000010c4f2ce0, 0x000000010c4f3368]
Event: 9.366 Thread 0x00007fe311894000 1982   !   3       java.nio.ByteBuffer::wrap (20 bytes)
Event: 9.366 Thread 0x00007fe311894000 nmethod 1982 0x000000010c4f34d0 code [0x000000010c4f3660, 0x000000010c4f3978]
Event: 9.366 Thread 0x00007fe311894000 1983       3       java.nio.HeapByteBuffer::<init> (14 bytes)
Event: 9.367 Thread 0x00007fe311894000 nmethod 1983 0x000000010c4f3b50 code [0x000000010c4f3cc0, 0x000000010c4f3e68]

GC Heap History (4 events):
Event: 6.344 GC heap before
{Heap before GC invocations=1 (full 0):
 PSYoungGen      total 38400K, used 33280K [0x0000000170b80000, 0x0000000173600000, 0x000000019b600000)
  eden space 33280K, 100% used [0x0000000170b80000,0x0000000172c00000,0x0000000172c00000)
  from space 5120K, 0% used [0x0000000173100000,0x0000000173100000,0x0000000173600000)
  to   space 5120K, 0% used [0x0000000172c00000,0x0000000172c00000,0x0000000173100000)
 ParOldGen       total 87552K, used 0K [0x000000011b600000, 0x0000000120b80000, 0x0000000170b80000)
  object space 87552K, 0% used [0x000000011b600000,0x000000011b600000,0x0000000120b80000)
 Metaspace       used 14007K, capacity 14506K, committed 14592K, reserved 1062912K
  class space    used 1917K, capacity 2036K, committed 2048K, reserved 1048576K
Event: 6.356 GC heap after
Heap after GC invocations=1 (full 0):
 PSYoungGen      total 38400K, used 5111K [0x0000000170b80000, 0x0000000173600000, 0x000000019b600000)
  eden space 33280K, 0% used [0x0000000170b80000,0x0000000170b80000,0x0000000172c00000)
  from space 5120K, 99% used [0x0000000172c00000,0x00000001730fdeb0,0x0000000173100000)
  to   space 5120K, 0% used [0x0000000173100000,0x0000000173100000,0x0000000173600000)
 ParOldGen       total 87552K, used 1656K [0x000000011b600000, 0x0000000120b80000, 0x0000000170b80000)
  object space 87552K, 1% used [0x000000011b600000,0x000000011b79e0e0,0x0000000120b80000)
 Metaspace       used 14007K, capacity 14506K, committed 14592K, reserved 1062912K
  class space    used 1917K, capacity 2036K, committed 2048K, reserved 1048576K
}
Event: 8.321 GC heap before
{Heap before GC invocations=2 (full 0):
 PSYoungGen      total 38400K, used 38391K [0x0000000170b80000, 0x0000000173600000, 0x000000019b600000)
  eden space 33280K, 100% used [0x0000000170b80000,0x0000000172c00000,0x0000000172c00000)
  from space 5120K, 99% used [0x0000000172c00000,0x00000001730fdeb0,0x0000000173100000)
  to   space 5120K, 0% used [0x0000000173100000,0x0000000173100000,0x0000000173600000)
 ParOldGen       total 87552K, used 1656K [0x000000011b600000, 0x0000000120b80000, 0x0000000170b80000)
  object space 87552K, 1% used [0x000000011b600000,0x000000011b79e0e0,0x0000000120b80000)
 Metaspace       used 17790K, capacity 18352K, committed 18432K, reserved 1064960K
  class space    used 2327K, capacity 2487K, committed 2560K, reserved 1048576K
Event: 8.338 GC heap after
Heap after GC invocations=2 (full 0):
 PSYoungGen      total 38400K, used 5110K [0x0000000170b80000, 0x0000000173600000, 0x000000019b600000)
  eden space 33280K, 0% used [0x0000000170b80000,0x0000000170b80000,0x0000000172c00000)
  from space 5120K, 99% used [0x0000000173100000,0x00000001735fd920,0x0000000173600000)
  to   space 5120K, 0% used [0x0000000172c00000,0x0000000172c00000,0x0000000173100000)
 ParOldGen       total 87552K, used 7972K [0x000000011b600000, 0x0000000120b80000, 0x0000000170b80000)
  object space 87552K, 9% used [0x000000011b600000,0x000000011bdc90b8,0x0000000120b80000)
 Metaspace       used 17790K, capacity 18352K, committed 18432K, reserved 1064960K
  class space    used 2327K, capacity 2487K, committed 2560K, reserved 1048576K
}

Deoptimization events (10 events):
Event: 7.899 Thread 0x00007fe311045800 Uncommon trap: reason=class_check action=maybe_recompile pc=0x000000010c250014 method=java.io.FilterInputStream.read()I @ 4
Event: 7.899 Thread 0x00007fe311045800 Uncommon trap: reason=class_check action=maybe_recompile pc=0x000000010c250014 method=java.io.FilterInputStream.read()I @ 4
Event: 7.899 Thread 0x00007fe311045800 Uncommon trap: reason=class_check action=maybe_recompile pc=0x000000010c250014 method=java.io.FilterInputStream.read()I @ 4
Event: 8.122 Thread 0x00007fe311045800 Uncommon trap: reason=unreached action=reinterpret pc=0x000000010c376ab0 method=java.lang.Class.privateGetDeclaredMethods(Z)[Ljava/lang/reflect/Method; @ 29
Event: 8.292 Thread 0x00007fe311045800 Uncommon trap: reason=unreached action=reinterpret pc=0x000000010c3efec8 method=java.lang.Class.privateGetDeclaredMethods(Z)[Ljava/lang/reflect/Method; @ 29
Event: 8.591 Thread 0x00007fe311045800 Uncommon trap: reason=array_check action=maybe_recompile pc=0x000000010c462f64 method=com.sun.javafx.css.SimpleSelector.applies(Ljavafx/css/Styleable;[Ljava/util/Set;I)Z @ 37
Event: 8.591 Thread 0x00007fe311045800 Uncommon trap: reason=array_check action=maybe_recompile pc=0x000000010c462f64 method=com.sun.javafx.css.SimpleSelector.applies(Ljavafx/css/Styleable;[Ljava/util/Set;I)Z @ 37
Event: 8.592 Thread 0x00007fe311045800 Uncommon trap: reason=array_check action=maybe_recompile pc=0x000000010c462f64 method=com.sun.javafx.css.SimpleSelector.applies(Ljavafx/css/Styleable;[Ljava/util/Set;I)Z @ 37
Event: 8.592 Thread 0x00007fe311045800 Uncommon trap: reason=array_check action=maybe_recompile pc=0x000000010c462f64 method=com.sun.javafx.css.SimpleSelector.applies(Ljavafx/css/Styleable;[Ljava/util/Set;I)Z @ 37
Event: 8.703 Thread 0x00007fe312a2c800 Uncommon trap: reason=unreached action=reinterpret pc=0x000000010c41e4f4 method=java.lang.Class.privateGetDeclaredMethods(Z)[Ljava/lang/reflect/Method; @ 29

Internal exceptions (10 events):
Event: 8.362 Thread 0x00007fe311045800 Exception <a 'java/security/PrivilegedActionException'> (0x0000000170d31590) thrown at [/HUDSON3/workspace/8-2-build-macosx-x86_64/jdk8u25/1514/hotspot/src/share/vm/prims/jvm.cpp, line 1312]
Event: 8.362 Thread 0x00007fe311045800 Exception <a 'java/security/PrivilegedActionException'> (0x0000000170d34980) thrown at [/HUDSON3/workspace/8-2-build-macosx-x86_64/jdk8u25/1514/hotspot/src/share/vm/prims/jvm.cpp, line 1312]
Event: 8.362 Thread 0x00007fe311045800 Exception <a 'java/security/PrivilegedActionException'> (0x0000000170d51fb8) thrown at [/HUDSON3/workspace/8-2-build-macosx-x86_64/jdk8u25/1514/hotspot/src/share/vm/prims/jvm.cpp, line 1312]
Event: 8.363 Thread 0x00007fe311045800 Exception <a 'java/security/PrivilegedActionException'> (0x0000000170d716a0) thrown at [/HUDSON3/workspace/8-2-build-macosx-x86_64/jdk8u25/1514/hotspot/src/share/vm/prims/jvm.cpp, line 1312]
Event: 8.363 Thread 0x00007fe311045800 Exception <a 'java/security/PrivilegedActionException'> (0x0000000170d8f350) thrown at [/HUDSON3/workspace/8-2-build-macosx-x86_64/jdk8u25/1514/hotspot/src/share/vm/prims/jvm.cpp, line 1312]
Event: 8.363 Thread 0x00007fe311045800 Exception <a 'java/security/PrivilegedActionException'> (0x0000000170daf040) thrown at [/HUDSON3/workspace/8-2-build-macosx-x86_64/jdk8u25/1514/hotspot/src/share/vm/prims/jvm.cpp, line 1312]
Event: 8.364 Thread 0x00007fe311045800 Exception <a 'java/security/PrivilegedActionException'> (0x0000000170dcd1d0) thrown at [/HUDSON3/workspace/8-2-build-macosx-x86_64/jdk8u25/1514/hotspot/src/share/vm/prims/jvm.cpp, line 1312]
Event: 8.364 Thread 0x00007fe311045800 Exception <a 'java/security/PrivilegedActionException'> (0x0000000170ded408) thrown at [/HUDSON3/workspace/8-2-build-macosx-x86_64/jdk8u25/1514/hotspot/src/share/vm/prims/jvm.cpp, line 1312]
Event: 8.703 Thread 0x00007fe312a2c800 Implicit null exception at 0x000000010c41b572 to 0x000000010c41e4d9
Event: 9.348 Thread 0x00007fe311abf000 Exception <a 'java/security/PrivilegedActionException'> (0x00000001712f1140) thrown at [/HUDSON3/workspace/8-2-build-macosx-x86_64/jdk8u25/1514/hotspot/src/share/vm/prims/jvm.cpp, line 1312]

Events (10 events):
Event: 8.717 loading class com/sun/prism/shader/DrawRoundRect_Color_Loader
Event: 8.717 loading class com/sun/prism/shader/DrawRoundRect_Color_Loader done
Event: 8.730 loading class com/sun/prism/shader/DrawSemiRoundRect_Color_Loader
Event: 8.730 loading class com/sun/prism/shader/DrawSemiRoundRect_Color_Loader done
Event: 8.793 Executing VM operation: RevokeBias
Event: 8.794 Executing VM operation: RevokeBias done
Event: 8.913 Executing VM operation: RevokeBias
Event: 8.914 Executing VM operation: RevokeBias done
Event: 9.348 loading class MULE/Model/GameManager$3$1
Event: 9.348 loading class MULE/Model/GameManager$3$1 done


Dynamic libraries:
0x0000000006c00000 	/System/Library/Frameworks/Cocoa.framework/Versions/A/Cocoa
0x0000000006c00000 	/System/Library/Frameworks/Security.framework/Versions/A/Security
0x0000000006c00000 	/System/Library/Frameworks/ApplicationServices.framework/Versions/A/ApplicationServices
0x0000000006c00000 	/usr/lib/libz.1.dylib
0x0000000006c00000 	/usr/lib/libSystem.B.dylib
0x0000000006c00000 	/usr/lib/libobjc.A.dylib
0x0000000006c00000 	/System/Library/Frameworks/CoreFoundation.framework/Versions/A/CoreFoundation
0x0000000006c00000 	/System/Library/Frameworks/Foundation.framework/Versions/C/Foundation
0x0000000006c00000 	/System/Library/Frameworks/AppKit.framework/Versions/C/AppKit
0x0000000006c00000 	/System/Library/Frameworks/CoreData.framework/Versions/A/CoreData
0x0000000006c00000 	/System/Library/PrivateFrameworks/RemoteViewServices.framework/Versions/A/RemoteViewServices
0x0000000006c00000 	/System/Library/PrivateFrameworks/UIFoundation.framework/Versions/A/UIFoundation
0x0000000006c00000 	/System/Library/Frameworks/IOSurface.framework/Versions/A/IOSurface
0x0000000006c00000 	/System/Library/Frameworks/AudioToolbox.framework/Versions/A/AudioToolbox
0x0000000006c00000 	/System/Library/Frameworks/AudioUnit.framework/Versions/A/AudioUnit
0x0000000006c00000 	/System/Library/PrivateFrameworks/DataDetectorsCore.framework/Versions/A/DataDetectorsCore
0x0000000006c00000 	/System/Library/PrivateFrameworks/DesktopServicesPriv.framework/Versions/A/DesktopServicesPriv
0x0000000006c00000 	/System/Library/Frameworks/Carbon.framework/Versions/A/Frameworks/HIToolbox.framework/Versions/A/HIToolbox
0x0000000006c00000 	/System/Library/Frameworks/QuartzCore.framework/Versions/A/QuartzCore
0x0000000006c00000 	/System/Library/Frameworks/Carbon.framework/Versions/A/Frameworks/SpeechRecognition.framework/Versions/A/SpeechRecognition
0x0000000006c00000 	/usr/lib/libauto.dylib
0x0000000006c00000 	/usr/lib/libicucore.A.dylib
0x0000000006c00000 	/usr/lib/libxml2.2.dylib
0x0000000006c00000 	/System/Library/PrivateFrameworks/CoreUI.framework/Versions/A/CoreUI
0x0000000006c00000 	/System/Library/Frameworks/CoreAudio.framework/Versions/A/CoreAudio
0x0000000006c00000 	/System/Library/Frameworks/DiskArbitration.framework/Versions/A/DiskArbitration
0x0000000006c00000 	/usr/lib/liblangid.dylib
0x0000000006c00000 	/System/Library/PrivateFrameworks/MultitouchSupport.framework/Versions/A/MultitouchSupport
0x0000000006c00000 	/System/Library/Frameworks/IOKit.framework/Versions/A/IOKit
0x0000000006c00000 	/usr/lib/libDiagnosticMessagesClient.dylib
0x0000000006c00000 	/System/Library/Frameworks/CoreServices.framework/Versions/A/CoreServices
0x0000000006c00000 	/System/Library/PrivateFrameworks/PerformanceAnalysis.framework/Versions/A/PerformanceAnalysis
0x0000000006c00000 	/System/Library/PrivateFrameworks/GenerationalStorage.framework/Versions/A/GenerationalStorage
0x0000000006c00000 	/System/Library/Frameworks/OpenGL.framework/Versions/A/OpenGL
0x0000000006c00000 	/System/Library/PrivateFrameworks/Sharing.framework/Versions/A/Sharing
0x0000000006c00000 	/System/Library/Frameworks/CoreGraphics.framework/Versions/A/CoreGraphics
0x0000000006c00000 	/System/Library/Frameworks/CoreText.framework/Versions/A/CoreText
0x0000000006c00000 	/System/Library/Frameworks/ImageIO.framework/Versions/A/ImageIO
0x0000000006c00000 	/usr/lib/libextension.dylib
0x0000000006c00000 	/System/Library/PrivateFrameworks/Backup.framework/Versions/A/Backup
0x0000000006c00000 	/usr/lib/libarchive.2.dylib
0x0000000006c00000 	/System/Library/Frameworks/CFNetwork.framework/Versions/A/CFNetwork
0x0000000006c00000 	/System/Library/Frameworks/SystemConfiguration.framework/Versions/A/SystemConfiguration
0x0000000006c00000 	/usr/lib/libCRFSuite.dylib
0x0000000006c00000 	/usr/lib/libc++.1.dylib
0x0000000006c00000 	/usr/lib/libc++abi.dylib
0x0000000006c00000 	/usr/lib/system/libcache.dylib
0x0000000006c00000 	/usr/lib/system/libcommonCrypto.dylib
0x0000000006c00000 	/usr/lib/system/libcompiler_rt.dylib
0x0000000006c00000 	/usr/lib/system/libcopyfile.dylib
0x0000000006c00000 	/usr/lib/system/libcorecrypto.dylib
0x0000000006c00000 	/usr/lib/system/libdispatch.dylib
0x0000000006c00000 	/usr/lib/system/libdyld.dylib
0x0000000006c00000 	/usr/lib/system/libkeymgr.dylib
0x0000000006c00000 	/usr/lib/system/liblaunch.dylib
0x0000000006c00000 	/usr/lib/system/libmacho.dylib
0x0000000006c00000 	/usr/lib/system/libquarantine.dylib
0x0000000006c00000 	/usr/lib/system/libremovefile.dylib
0x0000000006c00000 	/usr/lib/system/libsystem_asl.dylib
0x0000000006c00000 	/usr/lib/system/libsystem_blocks.dylib
0x0000000006c00000 	/usr/lib/system/libsystem_c.dylib
0x0000000006c00000 	/usr/lib/system/libsystem_configuration.dylib
0x0000000006c00000 	/usr/lib/system/libsystem_coreservices.dylib
0x0000000006c00000 	/usr/lib/system/libsystem_coretls.dylib
0x0000000006c00000 	/usr/lib/system/libsystem_dnssd.dylib
0x0000000006c00000 	/usr/lib/system/libsystem_info.dylib
0x0000000006c00000 	/usr/lib/system/libsystem_kernel.dylib
0x0000000006c00000 	/usr/lib/system/libsystem_m.dylib
0x0000000006c00000 	/usr/lib/system/libsystem_malloc.dylib
0x0000000006c00000 	/usr/lib/system/libsystem_network.dylib
0x0000000006c00000 	/usr/lib/system/libsystem_networkextension.dylib
0x0000000006c00000 	/usr/lib/system/libsystem_notify.dylib
0x0000000006c00000 	/usr/lib/system/libsystem_platform.dylib
0x0000000006c00000 	/usr/lib/system/libsystem_pthread.dylib
0x0000000006c00000 	/usr/lib/system/libsystem_sandbox.dylib
0x0000000006c00000 	/usr/lib/system/libsystem_secinit.dylib
0x0000000006c00000 	/usr/lib/system/libsystem_stats.dylib
0x0000000006c00000 	/usr/lib/system/libsystem_trace.dylib
0x0000000006c00000 	/usr/lib/system/libunc.dylib
0x0000000006c00000 	/usr/lib/system/libunwind.dylib
0x0000000006c00000 	/usr/lib/system/libxpc.dylib
0x0000000006c00000 	/usr/lib/libbz2.1.0.dylib
0x0000000006c00000 	/usr/lib/liblzma.5.dylib
0x0000000006c00000 	/usr/lib/libbsm.0.dylib
0x0000000006c00000 	/usr/lib/libsqlite3.dylib
0x0000000006c00000 	/usr/lib/system/libkxld.dylib
0x0000000006c00000 	/usr/lib/libxar.1.dylib
0x0000000006c00000 	/usr/lib/libpam.2.dylib
0x0000000006c00000 	/usr/lib/libOpenScriptingUtil.dylib
0x0000000006c00000 	/System/Library/Frameworks/CoreServices.framework/Versions/A/Frameworks/FSEvents.framework/Versions/A/FSEvents
0x0000000006c00000 	/System/Library/Frameworks/CoreServices.framework/Versions/A/Frameworks/CarbonCore.framework/Versions/A/CarbonCore
0x0000000006c00000 	/System/Library/Frameworks/CoreServices.framework/Versions/A/Frameworks/Metadata.framework/Versions/A/Metadata
0x0000000006c00000 	/System/Library/Frameworks/CoreServices.framework/Versions/A/Frameworks/OSServices.framework/Versions/A/OSServices
0x0000000006c00000 	/System/Library/Frameworks/CoreServices.framework/Versions/A/Frameworks/SearchKit.framework/Versions/A/SearchKit
0x0000000006c00000 	/System/Library/Frameworks/CoreServices.framework/Versions/A/Frameworks/AE.framework/Versions/A/AE
0x0000000006c00000 	/System/Library/Frameworks/CoreServices.framework/Versions/A/Frameworks/LaunchServices.framework/Versions/A/LaunchServices
0x0000000006c00000 	/System/Library/Frameworks/CoreServices.framework/Versions/A/Frameworks/DictionaryServices.framework/Versions/A/DictionaryServices
0x0000000006c00000 	/System/Library/Frameworks/NetFS.framework/Versions/A/NetFS
0x0000000006c00000 	/System/Library/PrivateFrameworks/NetAuth.framework/Versions/A/NetAuth
0x0000000006c00000 	/System/Library/PrivateFrameworks/login.framework/Versions/A/Frameworks/loginsupport.framework/Versions/A/loginsupport
0x0000000006c00000 	/System/Library/PrivateFrameworks/TCC.framework/Versions/A/TCC
0x0000000006c00000 	/usr/lib/libmecabra.dylib
0x0000000006c00000 	/System/Library/Frameworks/ApplicationServices.framework/Versions/A/Frameworks/ATS.framework/Versions/A/ATS
0x0000000006c00000 	/System/Library/Frameworks/ApplicationServices.framework/Versions/A/Frameworks/ColorSync.framework/Versions/A/ColorSync
0x0000000006c00000 	/System/Library/Frameworks/ApplicationServices.framework/Versions/A/Frameworks/HIServices.framework/Versions/A/HIServices
0x0000000006c00000 	/System/Library/Frameworks/ApplicationServices.framework/Versions/A/Frameworks/LangAnalysis.framework/Versions/A/LangAnalysis
0x0000000006c00000 	/System/Library/Frameworks/ApplicationServices.framework/Versions/A/Frameworks/PrintCore.framework/Versions/A/PrintCore
0x0000000006c00000 	/System/Library/Frameworks/ApplicationServices.framework/Versions/A/Frameworks/QD.framework/Versions/A/QD
0x0000000006c00000 	/System/Library/Frameworks/ApplicationServices.framework/Versions/A/Frameworks/SpeechSynthesis.framework/Versions/A/SpeechSynthesis
0x0000000006c00000 	/System/Library/Frameworks/Accelerate.framework/Versions/A/Accelerate
0x0000000006c00000 	/System/Library/Frameworks/Accelerate.framework/Versions/A/Frameworks/vImage.framework/Versions/A/vImage
0x0000000006c00000 	/System/Library/Frameworks/Accelerate.framework/Versions/A/Frameworks/vecLib.framework/Versions/A/vecLib
0x0000000006c00000 	/System/Library/Frameworks/Accelerate.framework/Versions/A/Frameworks/vecLib.framework/Versions/A/libvDSP.dylib
0x0000000006c00000 	/System/Library/Frameworks/Accelerate.framework/Versions/A/Frameworks/vecLib.framework/Versions/A/libvMisc.dylib
0x0000000006c00000 	/System/Library/Frameworks/Accelerate.framework/Versions/A/Frameworks/vecLib.framework/Versions/A/libLAPACK.dylib
0x0000000006c00000 	/System/Library/Frameworks/Accelerate.framework/Versions/A/Frameworks/vecLib.framework/Versions/A/libBLAS.dylib
0x0000000006c00000 	/System/Library/Frameworks/Accelerate.framework/Versions/A/Frameworks/vecLib.framework/Versions/A/libLinearAlgebra.dylib
0x0000000006c00000 	/System/Library/Frameworks/ApplicationServices.framework/Versions/A/Frameworks/ATS.framework/Versions/A/Resources/libFontParser.dylib
0x0000000006c00000 	/System/Library/Frameworks/ApplicationServices.framework/Versions/A/Frameworks/ATS.framework/Versions/A/Resources/libFontRegistry.dylib
0x0000000006c00000 	/System/Library/PrivateFrameworks/AppleVPA.framework/Versions/A/AppleVPA
0x0000000006c00000 	/System/Library/PrivateFrameworks/AppleJPEG.framework/Versions/A/AppleJPEG
0x0000000006c00000 	/System/Library/Frameworks/ImageIO.framework/Versions/A/Resources/libJPEG.dylib
0x0000000006c00000 	/System/Library/Frameworks/ImageIO.framework/Versions/A/Resources/libTIFF.dylib
0x0000000006c00000 	/System/Library/Frameworks/ImageIO.framework/Versions/A/Resources/libPng.dylib
0x0000000006c00000 	/System/Library/Frameworks/ImageIO.framework/Versions/A/Resources/libGIF.dylib
0x0000000006c00000 	/System/Library/Frameworks/ImageIO.framework/Versions/A/Resources/libJP2.dylib
0x0000000006c00000 	/System/Library/Frameworks/ImageIO.framework/Versions/A/Resources/libRadiance.dylib
0x0000000006c00000 	/System/Library/Frameworks/CoreVideo.framework/Versions/A/CoreVideo
0x0000000006c00000 	/System/Library/Frameworks/OpenGL.framework/Versions/A/Libraries/libGLU.dylib
0x0000000006c00000 	/System/Library/Frameworks/OpenGL.framework/Versions/A/Libraries/libGFXShared.dylib
0x0000000006c00000 	/System/Library/Frameworks/OpenGL.framework/Versions/A/Libraries/libGL.dylib
0x0000000006c00000 	/System/Library/Frameworks/OpenGL.framework/Versions/A/Libraries/libGLImage.dylib
0x0000000006c00000 	/System/Library/Frameworks/OpenGL.framework/Versions/A/Libraries/libCVMSPluginSupport.dylib
0x0000000006c00000 	/System/Library/Frameworks/OpenGL.framework/Versions/A/Libraries/libCoreVMClient.dylib
0x0000000006c00000 	/usr/lib/libcups.2.dylib
0x0000000006c00000 	/System/Library/Frameworks/Kerberos.framework/Versions/A/Kerberos
0x0000000006c00000 	/System/Library/Frameworks/GSS.framework/Versions/A/GSS
0x0000000006c00000 	/usr/lib/libresolv.9.dylib
0x0000000006c00000 	/usr/lib/libiconv.2.dylib
0x0000000006c00000 	/System/Library/PrivateFrameworks/Heimdal.framework/Versions/A/Heimdal
0x0000000006c00000 	/usr/lib/libheimdal-asn1.dylib
0x0000000006c00000 	/System/Library/Frameworks/OpenDirectory.framework/Versions/A/OpenDirectory
0x0000000006c00000 	/System/Library/PrivateFrameworks/CommonAuth.framework/Versions/A/CommonAuth
0x0000000006c00000 	/System/Library/Frameworks/OpenDirectory.framework/Versions/A/Frameworks/CFOpenDirectory.framework/Versions/A/CFOpenDirectory
0x0000000006c00000 	/System/Library/Frameworks/SecurityFoundation.framework/Versions/A/SecurityFoundation
0x0000000006c00000 	/System/Library/PrivateFrameworks/LanguageModeling.framework/Versions/A/LanguageModeling
0x0000000006c00000 	/usr/lib/libcmph.dylib
0x0000000006c00000 	/System/Library/Frameworks/ServiceManagement.framework/Versions/A/ServiceManagement
0x0000000006c00000 	/usr/lib/libxslt.1.dylib
0x0000000006c00000 	/System/Library/Frameworks/Carbon.framework/Versions/A/Frameworks/Ink.framework/Versions/A/Ink
0x0000000006c00000 	/System/Library/Frameworks/QuartzCore.framework/Versions/A/Frameworks/CoreImage.framework/Versions/A/CoreImage
0x0000000006c00000 	/System/Library/PrivateFrameworks/CrashReporterSupport.framework/Versions/A/CrashReporterSupport
0x0000000006c00000 	/System/Library/Frameworks/OpenCL.framework/Versions/A/OpenCL
0x0000000006c00000 	/System/Library/PrivateFrameworks/FaceCore.framework/Versions/A/FaceCore
0x0000000006c00000 	/System/Library/PrivateFrameworks/Ubiquity.framework/Versions/A/Ubiquity
0x0000000006c00000 	/System/Library/PrivateFrameworks/IconServices.framework/Versions/A/IconServices
0x0000000006c00000 	/System/Library/PrivateFrameworks/ChunkingLibrary.framework/Versions/A/ChunkingLibrary
0x0000000006c00000 	/System/Library/PrivateFrameworks/Apple80211.framework/Versions/A/Apple80211
0x0000000006c00000 	/System/Library/Frameworks/CoreWLAN.framework/Versions/A/CoreWLAN
0x0000000006c00000 	/System/Library/Frameworks/IOBluetooth.framework/Versions/A/IOBluetooth
0x0000000006c00000 	/System/Library/PrivateFrameworks/CoreWiFi.framework/Versions/A/CoreWiFi
0x0000000006c00000 	/System/Library/Frameworks/CoreBluetooth.framework/Versions/A/CoreBluetooth
0x0000000006c00000 	/System/Library/PrivateFrameworks/DebugSymbols.framework/Versions/A/DebugSymbols
0x0000000006c00000 	/System/Library/PrivateFrameworks/CoreSymbolication.framework/Versions/A/CoreSymbolication
0x0000000006c00000 	/System/Library/PrivateFrameworks/Symbolication.framework/Versions/A/Symbolication
0x0000000006c00000 	/System/Library/PrivateFrameworks/SpeechRecognitionCore.framework/Versions/A/SpeechRecognitionCore
0x000000010ae13000 	/Library/Java/JavaVirtualMachines/jdk1.8.0_25.jdk/Contents/Home/jre/lib/server/libjvm.dylib
0x0000000006c00000 	/usr/lib/libstdc++.6.dylib
0x000000010be32000 	/Library/Java/JavaVirtualMachines/jdk1.8.0_25.jdk/Contents/Home/jre/lib/libverify.dylib
0x000000010be40000 	/Library/Java/JavaVirtualMachines/jdk1.8.0_25.jdk/Contents/Home/jre/lib/libjava.dylib
0x000000010be7d000 	/Library/Java/JavaVirtualMachines/jdk1.8.0_25.jdk/Contents/Home/jre/lib/libzip.dylib
0x00000001e2106000 	/System/Library/Frameworks/JavaVM.framework/Frameworks/JavaRuntimeSupport.framework/JavaRuntimeSupport
0x00000001e211e000 	/System/Library/Frameworks/JavaVM.framework/Versions/A/Frameworks/JavaNativeFoundation.framework/Versions/A/JavaNativeFoundation
0x00000001e2133000 	/System/Library/Frameworks/JavaVM.framework/Versions/A/JavaVM
0x0000000006c00000 	/System/Library/Frameworks/Carbon.framework/Versions/A/Carbon
0x00000001e2140000 	/System/Library/PrivateFrameworks/JavaLaunching.framework/Versions/A/JavaLaunching
0x0000000006c00000 	/System/Library/Frameworks/Carbon.framework/Versions/A/Frameworks/CommonPanels.framework/Versions/A/CommonPanels
0x0000000006c00000 	/System/Library/Frameworks/Carbon.framework/Versions/A/Frameworks/Help.framework/Versions/A/Help
0x0000000006c00000 	/System/Library/Frameworks/Carbon.framework/Versions/A/Frameworks/ImageCapture.framework/Versions/A/ImageCapture
0x0000000006c00000 	/System/Library/Frameworks/Carbon.framework/Versions/A/Frameworks/OpenScripting.framework/Versions/A/OpenScripting
0x0000000006c00000 	/System/Library/Frameworks/Carbon.framework/Versions/A/Frameworks/Print.framework/Versions/A/Print
0x0000000006c00000 	/System/Library/Frameworks/Carbon.framework/Versions/A/Frameworks/SecurityHI.framework/Versions/A/SecurityHI
0x00000001e410a000 	/Applications/IntelliJ IDEA 14 CE.app/Contents/bin/libbreakgen64.jnilib
0x00000001e429c000 	/Library/Java/JavaVirtualMachines/jdk1.8.0_25.jdk/Contents/Home/jre/lib/libnet.dylib
0x00000001e4501000 	/Library/Java/JavaVirtualMachines/jdk1.8.0_25.jdk/Contents/Home/jre/lib/libprism_es2.dylib
0x0000000006c00000 	/System/Library/Frameworks/OpenGL.framework/Versions/A/Resources/GLEngine.bundle/GLEngine
0x0000000006c00000 	/System/Library/Frameworks/OpenGL.framework/Versions/A/Libraries/libGLProgrammability.dylib
0x00000001e4582000 	/System/Library/Extensions/AppleIntelHD5000GraphicsGLDriver.bundle/Contents/MacOS/AppleIntelHD5000GraphicsGLDriver
0x0000000006c00000 	/System/Library/PrivateFrameworks/IOAccelerator.framework/Versions/A/IOAccelerator
0x0000000006c00000 	/System/Library/PrivateFrameworks/GPUSupport.framework/Versions/A/Libraries/libGPUSupportMercury.dylib
0x0000000006c00000 	/System/Library/Frameworks/OpenGL.framework/Versions/A/Resources/GLRendererFloat.bundle/GLRendererFloat
0x0000000006c00000 	/System/Library/Frameworks/OpenCL.framework/Versions/A/Libraries/libcldcpuengine.dylib
0x0000000006c00000 	/System/Library/PrivateFrameworks/DiskImages.framework/Versions/A/DiskImages
0x0000000006c00000 	/System/Library/Frameworks/DiscRecording.framework/Versions/A/DiscRecording
0x0000000006c00000 	/usr/lib/libcsfde.dylib
0x0000000006c00000 	/usr/lib/libcurl.4.dylib
0x0000000006c00000 	/System/Library/PrivateFrameworks/MediaKit.framework/Versions/A/MediaKit
0x0000000006c00000 	/System/Library/PrivateFrameworks/ProtectedCloudStorage.framework/Versions/A/ProtectedCloudStorage
0x0000000006c00000 	/usr/lib/libCoreStorage.dylib
0x0000000006c00000 	/System/Library/PrivateFrameworks/EFILogin.framework/Versions/A/EFILogin
0x0000000006c00000 	/usr/lib/libutil.dylib
0x0000000006c00000 	/System/Library/PrivateFrameworks/FindMyDevice.framework/Versions/A/FindMyDevice
0x0000000006c00000 	/System/Library/Frameworks/LDAP.framework/Versions/A/LDAP
0x0000000006c00000 	/usr/lib/libsasl2.2.dylib
0x0000000006c00000 	/System/Library/PrivateFrameworks/CoreDaemon.framework/Versions/B/CoreDaemon
0x0000000006c00000 	/usr/lib/libcrypto.0.9.8.dylib
0x0000000006c00000 	/System/Library/PrivateFrameworks/AppleSRP.framework/Versions/A/AppleSRP
0x0000000006c00000 	/System/Library/PrivateFrameworks/TrustEvaluationAgent.framework/Versions/A/TrustEvaluationAgent
0x00000001e511c000 	/Library/Java/JavaVirtualMachines/jdk1.8.0_25.jdk/Contents/Home/jre/lib/libglass.dylib
0x0000000006c00000 	/System/Library/PrivateFrameworks/CoreServicesInternal.framework/Versions/A/CoreServicesInternal
0x0000000006c00000 	/System/Library/PrivateFrameworks/CloudDocs.framework/Versions/A/CloudDocs
0x0000000006c00000 	/System/Library/PrivateFrameworks/CoreDuet.framework/Versions/A/CoreDuet
0x0000000006c00000 	/System/Library/Frameworks/CloudKit.framework/Versions/A/CloudKit
0x0000000006c00000 	/System/Library/PrivateFrameworks/ProtocolBuffer.framework/Versions/A/ProtocolBuffer
0x0000000006c00000 	/System/Library/PrivateFrameworks/CoreDuetDaemonProtocol.framework/Versions/A/CoreDuetDaemonProtocol
0x0000000006c00000 	/System/Library/PrivateFrameworks/CoreDuetDebugLogging.framework/Versions/A/CoreDuetDebugLogging
0x0000000006c00000 	/System/Library/PrivateFrameworks/MMCS.framework/Versions/A/MMCS
0x0000000006c00000 	/System/Library/Frameworks/CoreLocation.framework/Versions/A/CoreLocation
0x0000000006c00000 	/System/Library/PrivateFrameworks/GeoServices.framework/Versions/A/GeoServices
0x0000000006c00000 	/System/Library/Frameworks/CoreGraphics.framework/Versions/A/Resources/libCGCMS.A.dylib
0x0000000006c00000 	/System/Library/CoreServices/RawCamera.bundle/Contents/MacOS/RawCamera
0x0000000006c00000 	/System/Library/Frameworks/CoreGraphics.framework/Versions/A/Resources/libRIP.A.dylib
0x0000000006c00000 	/System/Library/PrivateFrameworks/FamilyControls.framework/Versions/A/FamilyControls
0x0000000006c00000 	/System/Library/PrivateFrameworks/CommerceKit.framework/Versions/A/Frameworks/CommerceCore.framework/Versions/A/CommerceCore
0x0000000006c00000 	/System/Library/PrivateFrameworks/SystemAdministration.framework/Versions/A/SystemAdministration
0x0000000006c00000 	/System/Library/PrivateFrameworks/AppContainer.framework/Versions/A/AppContainer
0x0000000006c00000 	/System/Library/PrivateFrameworks/SecCodeWrapper.framework/Versions/A/SecCodeWrapper
0x0000000006c00000 	/System/Library/Frameworks/DirectoryService.framework/Versions/A/DirectoryService
0x0000000006c00000 	/System/Library/PrivateFrameworks/LoginUIKit.framework/Versions/A/Frameworks/LoginUICore.framework/Versions/A/LoginUICore
0x0000000006c00000 	/usr/lib/libodfde.dylib
0x00000001e93db000 	/Library/Java/JavaVirtualMachines/jdk1.8.0_25.jdk/Contents/Home/jre/lib/libjavafx_font.dylib
0x0000000006c00000 	/System/Library/Frameworks/CoreGraphics.framework/Versions/A/Resources/libCGXType.A.dylib
0x00000001ed1e2000 	cl_kernels
0x00000001ed1e4000 	/System/Library/Frameworks/OpenCL.framework/Versions/A/Libraries/ImageFormats/unorm8_bgra.dylib
0x00000001ed1d4000 	cl_kernels
0x00000001e9ba7000 	/Library/Java/JavaVirtualMachines/jdk1.8.0_25.jdk/Contents/Home/jre/lib/libprism_common.dylib

VM Arguments:
jvm_args: -Didea.launcher.port=7537 -Didea.launcher.bin.path=/Applications/IntelliJ IDEA 14 CE.app/Contents/bin -Dfile.encoding=UTF-8 
java_command: com.intellij.rt.execution.application.AppMain MULE.Controller.Main
java_class_path (initial): /Library/Java/JavaVirtualMachines/jdk1.8.0_25.jdk/Contents/Home/lib/ant-javafx.jar:/Library/Java/JavaVirtualMachines/jdk1.8.0_25.jdk/Contents/Home/lib/dt.jar:/Library/Java/JavaVirtualMachines/jdk1.8.0_25.jdk/Contents/Home/lib/javafx-mx.jar:/Library/Java/JavaVirtualMachines/jdk1.8.0_25.jdk/Contents/Home/lib/jconsole.jar:/Library/Java/JavaVirtualMachines/jdk1.8.0_25.jdk/Contents/Home/lib/sa-jdi.jar:/Library/Java/JavaVirtualMachines/jdk1.8.0_25.jdk/Contents/Home/lib/tools.jar:/Library/Java/JavaVirtualMachines/jdk1.8.0_25.jdk/Contents/Home/jre/lib/charsets.jar:/Library/Java/JavaVirtualMachines/jdk1.8.0_25.jdk/Contents/Home/jre/lib/deploy.jar:/Library/Java/JavaVirtualMachines/jdk1.8.0_25.jdk/Contents/Home/jre/lib/javaws.jar:/Library/Java/JavaVirtualMachines/jdk1.8.0_25.jdk/Contents/Home/jre/lib/jce.jar:/Library/Java/JavaVirtualMachines/jdk1.8.0_25.jdk/Contents/Home/jre/lib/jfr.jar:/Library/Java/JavaVirtualMachines/jdk1.8.0_25.jdk/Contents/Home/jre/lib/jfxswt.jar:/Library/Java/JavaVirtualMachines/jdk1.8.0_25.jdk/Contents/Home/jre/lib/jsse.jar:/Library/Java/JavaVirtualMachines/jdk1.8.0_25.jdk/Contents/Home/jre/lib/management-agent.jar:/Library/Java/JavaVirtualMachines/jdk1.8.0_25.jdk/Contents/Home/jre/lib/plugin.jar:/Library/Java/JavaVirtualMachines/jdk1.8.0_25.jdk/Contents/Home/jre/lib/resources.jar:/Library/Java/JavaVirtualMachines/jdk1.8.0_25.jdk/Contents/Home/jre/lib/rt.jar:/Library/Java/JavaVirtualMachines/jdk1.8.0_25.jdk/Contents/Home/jre/lib/ext/cldrdata.jar:/Library/Java/JavaVirtualMachines/jdk1.8.0_25.jdk/Contents/Home/jre/lib/ext/dnsns.jar:/Library/Java/JavaVirtualMachines/jdk1.8.0_25.jdk/Contents/Home/jre/lib/ext/jfxrt.jar:/Library/Java/JavaVirtualMachines/jdk1.8.0_25.jdk/Contents/Home/jre/lib/ext/localedata.jar:/Library/Java/JavaVirtualMachines/jdk1.8.0_25.jdk/Contents/Home/jre/lib/ext/nashorn.jar:/Library/Java/JavaVirtualMachines/jdk1.8.0_25.jdk/Contents/Home/jre/lib/ext/sunec.jar:/Library/Java/JavaVirtualMachines/jdk1.8.0_25.jdk/C
Launcher Type: SUN_STANDARD

Environment Variables:
CLASSPATH=:/users/jatin1/documents/junit-4.12.jar:/users/jatin1/documents/hamcrest-core-1.3.jar
PATH=/Library/Frameworks/Python.framework/Versions/2.7/bin:/usr/local/bin:/usr/bin:/bin:/usr/sbin:/sbin:/usr/local/git/bin:/usr/local/MacGPG2/bin:/Users/jatin1/Documents/gradle-2.6/bin
SHELL=/bin/bash

Signal Handlers:
SIGSEGV: [libjvm.dylib+0x579dc7], sa_mask[0]=11111111011111110111111111111111, sa_flags=SA_ONSTACK|SA_RESTART|SA_SIGINFO
SIGBUS: [libjvm.dylib+0x579dc7], sa_mask[0]=11111111011111110111111111111111, sa_flags=SA_RESTART|SA_SIGINFO
SIGFPE: [libjvm.dylib+0x45b030], sa_mask[0]=11111111011111110111111111111111, sa_flags=SA_RESTART|SA_SIGINFO
SIGPIPE: [libjvm.dylib+0x45b030], sa_mask[0]=11111111011111110111111111111111, sa_flags=SA_RESTART|SA_SIGINFO
SIGXFSZ: [libjvm.dylib+0x45b030], sa_mask[0]=11111111011111110111111111111111, sa_flags=SA_RESTART|SA_SIGINFO
SIGILL: [libjvm.dylib+0x45b030], sa_mask[0]=11111111011111110111111111111111, sa_flags=SA_RESTART|SA_SIGINFO
SIGUSR1: SIG_DFL, sa_mask[0]=00000000000000000000000000000000, sa_flags=none
SIGUSR2: [libjvm.dylib+0x45ab4e], sa_mask[0]=00100000000000000000000000000000, sa_flags=SA_RESTART|SA_SIGINFO
SIGHUP: [libjvm.dylib+0x459121], sa_mask[0]=11111111011111110111111111111111, sa_flags=SA_RESTART|SA_SIGINFO
SIGINT: [libjvm.dylib+0x459121], sa_mask[0]=11111111011111110111111111111111, sa_flags=SA_RESTART|SA_SIGINFO
SIGTERM: [libjvm.dylib+0x459121], sa_mask[0]=11111111011111110111111111111111, sa_flags=SA_RESTART|SA_SIGINFO
SIGQUIT: [libjvm.dylib+0x459121], sa_mask[0]=11111111011111110111111111111111, sa_flags=SA_RESTART|SA_SIGINFO


---------------  S Y S T E M  ---------------

OS:Bsduname:Darwin 14.5.0 Darwin Kernel Version 14.5.0: Wed Jul 29 02:26:53 PDT 2015; root:xnu-2782.40.9~1/RELEASE_X86_64 x86_64
rlimit: STACK 8192k, CORE 0k, NPROC 709, NOFILE 10240, AS infinity
load average:4.82 4.09 3.67

CPU:total 4 (2 cores per cpu, 2 threads per core) family 6 model 69 stepping 1, cmov, cx8, fxsr, mmx, sse, sse2, sse3, ssse3, sse4.1, sse4.2, popcnt, avx, avx2, aes, clmul, erms, lzcnt, ht, tsc, tscinvbit, bmi1, bmi2

Memory: 4k page, physical 8388608k(27004k free)

/proc/meminfo:


vm_info: Java HotSpot(TM) 64-Bit Server VM (25.25-b02) for bsd-amd64 JRE (1.8.0_25-b17), built on Sep 17 2014 16:56:50 by "java_re" with gcc 4.2.1 (Based on Apple Inc. build 5658) (LLVM build 2336.11.00)

time: Wed Nov  4 01:42:28 2015
elapsed time: 9 seconds (0d 0h 0m 9s)

