#
# A fatal error has been detected by the Java Runtime Environment:
#
#  SIGSEGV (0xb) at pc=0x000000011b753381, pid=8837, tid=1299
#
# JRE version: Java(TM) SE Runtime Environment (8.0_25-b17) (build 1.8.0_25-b17)
# Java VM: Java HotSpot(TM) 64-Bit Server VM (25.25-b02 mixed mode bsd-amd64 compressed oops)
# Problematic frame:
# C  [libglass.dylib+0x16381]  GlassScreenDidChangeScreenParameters+0x21
#
# Failed to write core dump. Core dumps have been disabled. To enable core dumping, try "ulimit -c unlimited" before starting Java again
#
# If you would like to submit a bug report, please visit:
#   http://bugreport.sun.com/bugreport/crash.jsp
#

---------------  T H R E A D  ---------------

Current thread is native thread

siginfo: si_signo: 11 (SIGSEGV), si_code: 1 (SEGV_MAPERR), si_addr: 0x0000000000000000

Registers:
RAX=0x000000011b785d48, RBX=0x0000000000000000, RCX=0x6c004871a6d18083, RDX=0x00007fff778fe1f8
RSP=0x00007fff5eede770, RBP=0x00007fff5eede780, RSI=0x00007f8a69501410, RDI=0x0000000000000000
R8 =0x00007fff5eede620, R9 =0x00007fff782ad300, R10=0x0000000000000000, R11=0x0000000000000246
R12=0x00007f8a6960e530, R13=0x00000000000f426a, R14=0x00007f8a6965f370, R15=0x00007fff5eede8c0
RIP=0x000000011b753381, EFLAGS=0x0000000000010246, ERR=0x0000000000000004
  TRAPNO=0x000000000000000e

Top of Stack: (sp=0x00007fff5eede770)
0x00007fff5eede770:   00007fff5eede950 00007f8a6965f370
0x00007fff5eede780:   00007fff5eede790 00007fff8720745c
0x00007fff5eede790:   00007fff5eedeaf0 00007fff870f7634
0x00007fff5eede7a0:   0000000000000000 0000000000001e00
0x00007fff5eede7b0:   00007fff5eede7f0 00007fff90d309ea
0x00007fff5eede7c0:   0000000000001003 0000000000000948
0x00007fff5eede7d0:   000aad00000aad00 00007f8a6965f370
0x00007fff5eede7e0:   0000000000000000 00007fff5eede8c0
0x00007fff5eede7f0:   0000000000000000 00007f8a6965f330
0x00007fff5eede800:   00007fff5eede940 0000000000000063
0x00007fff5eede810:   00000000000f4344 00007f8a695aeca0
0x00007fff5eede820:   00007f8a6964b410 00007f8a6960e530
0x00007fff5eede830:   0000000000000001 00000000000f426a
0x00007fff5eede840:   00007f8a6960e520 00007fff8df42b90
0x00007fff5eede850:   0000000000000001 0000000000000001
0x00007fff5eede860:   0000000000000030 0000000000000001
0x00007fff5eede870:   00007fff5eede890 00007fff8df43546
0x00007fff5eede880:   00007fff76d22fb0 0000000000000000
0x00007fff5eede890:   00007fff5eede8b0 0000000000000010
0x00007fff5eede8a0:   00033d038df40dd2 00007f8a6960e554
0x00007fff5eede8b0:   0000000000000000 00007fff870ed10f
0x00007fff5eede8c0:   00007f8a6965f370 00007fff76d22fb0
0x00007fff5eede8d0:   00007fff5eede950 0000000000000002
0x00007fff5eede8e0:   00007fff5eede920 00007fff8df40dd2
0x00007fff5eede8f0:   0000000100d3ba00 0000000000000002
0x00007fff5eede900:   0000000100d38000 00007f8a695a8d12
0x00007fff5eede910:   0000000000000003 0000000100d3d800
0x00007fff5eede920:   00007fff5eedea10 00007fff8df3fb36
0x00007fff5eede930:   00007f8a6964afd0 00007fff5eedeaf8
0x00007fff5eede940:   0000000000000017 0000000000000000
0x00007fff5eede950:   00000000000f426a 00007fff870ed403
0x00007fff5eede960:   00007fff00000000 00007f8a697435b0 

Instructions: (pc=0x000000011b753381)
0x000000011b753361:   48 89 e5 41 56 53 48 8d 05 d2 2a 03 00 48 83 38
0x000000011b753371:   00 48 89 fb 75 72 48 8d 05 ca 29 03 00 48 8b 30
0x000000011b753381:   48 8b 03 48 8d 15 7c 99 01 00 48 8d 0d 5e 6f 01
0x000000011b753391:   00 48 89 df ff 90 88 03 00 00 48 8d 0d 9e 2a 03 

Register to memory mapping:

RAX=0x000000011b785d48: jScreenClass+0 in /Library/Java/JavaVirtualMachines/jdk1.8.0_25.jdk/Contents/Home/jre/lib/libglass.dylib at 0x000000011b73d000
RBX=0x0000000000000000 is an unknown value
RCX=0x6c004871a6d18083 is an unknown value
RDX=0x00007fff778fe1f8: __sFX+0x1c8 in /usr/lib/system/libsystem_c.dylib at 0x00007fff8ca0b000
RSP=0x00007fff5eede770 is an unknown value
RBP=0x00007fff5eede780 is an unknown value
RSI=0x00007f8a69501410 is a global jni handle
RDI=0x0000000000000000 is an unknown value
R8 =0x00007fff5eede620 is an unknown value
R9 =0x00007fff782ad300: _thread+0 in /usr/lib/system/libsystem_pthread.dylib at 0x00007fff90d2f000
R10=0x0000000000000000 is an unknown value
R11=0x0000000000000246 is an unknown value
R12=0x00007f8a6960e530 is an unknown value
R13=0x00000000000f426a is an unknown value
R14=0x00007f8a6965f370 is an unknown value
R15=0x00007fff5eede8c0 is an unknown value


Stack: [0x00007fff5e6e2000,0x00007fff5eee2000],  sp=0x00007fff5eede770,  free space=8177k
Native frames: (J=compiled Java code, j=interpreted, Vv=VM code, C=native code)
C  [libglass.dylib+0x16381]  GlassScreenDidChangeScreenParameters+0x21
C  [CoreFoundation+0x12045c]  __CFNOTIFICATIONCENTER_IS_CALLING_OUT_TO_AN_OBSERVER__+0xc
C  [CoreFoundation+0x10634]  _CFXNotificationPost+0xc44
C  [Foundation+0x7aa1]  -[NSNotificationCenter postNotificationName:object:userInfo:]+0x42
C  [AppKit+0x40de7e]  -[NSApplication _reactToScreenInvalidationImmediately:]+0x17b
C  [AppKit+0x40dcc7]  __44-[NSApplication _reactToScreenInvalidation:]_block_invoke+0x4b
C  [CoreFoundation+0x808ec]  __CFRUNLOOP_IS_CALLING_OUT_TO_A_BLOCK__+0xc
C  [CoreFoundation+0x729f5]  __CFRunLoopDoBlocks+0x155
C  [CoreFoundation+0x72536]  __CFRunLoopRun+0x716
C  [CoreFoundation+0x71bd8]  CFRunLoopRunSpecific+0x128
C  [java+0x56cc]  CreateExecutionEnvironment+0x367
C  [java+0x165c]  JLI_Launch+0x7a0
C  [java+0x768a]  main+0x65
C  [java+0xeb4]  start+0x34


---------------  P R O C E S S  ---------------

VM state:not at safepoint (normal execution)

VM Mutex/Monitor currently owned by a thread: None

Heap:
 PSYoungGen      total 38400K, used 11029K [0x0000000795580000, 0x0000000798000000, 0x00000007c0000000)
  eden space 33280K, 17% used [0x0000000795580000,0x0000000795b4b860,0x0000000797600000)
  from space 5120K, 99% used [0x0000000797b00000,0x0000000797ff9ec0,0x0000000798000000)
  to   space 5120K, 0% used [0x0000000797600000,0x0000000797600000,0x0000000797b00000)
 ParOldGen       total 87552K, used 6970K [0x0000000740000000, 0x0000000745580000, 0x0000000795580000)
  object space 87552K, 7% used [0x0000000740000000,0x00000007406ceaf0,0x0000000745580000)
 Metaspace       used 18385K, capacity 18974K, committed 19200K, reserved 1067008K
  class space    used 2391K, capacity 2544K, committed 2560K, reserved 1048576K

Card table byte_map: [0x0000000111adc000,0x0000000111edd000] byte_map_base: 0x000000010e0dc000

Marking Bits: (ParMarkBitMap*) 0x000000010209d390
 Begin Bits: [0x0000000112594000, 0x0000000114594000)
 End Bits:   [0x0000000114594000, 0x0000000116594000)

Polling page: 0x0000000100f78000

CodeCache: size=245760Kb used=6404Kb max_used=6416Kb free=239355Kb
 bounds [0x000000010271c000, 0x0000000102d6c000, 0x000000011171c000]
 total_blobs=2731 nmethods=2037 adapters=608
 compilation: enabled

Compilation events (10 events):
Event: 389.624 Thread 0x00007f8a6a819800 2034       3       MULE.Model.GameManager$3::run (12 bytes)
Event: 389.624 Thread 0x00007f8a6a819800 nmethod 2034 0x0000000102d5ec10 code [0x0000000102d5eda0, 0x0000000102d5f108]
Event: 389.624 Thread 0x00007f8a6a819800 2035       3       MULE.Model.GameManager$3$1::<init> (10 bytes)
Event: 389.624 Thread 0x00007f8a6a819800 nmethod 2035 0x0000000102d5f290 code [0x0000000102d5f400, 0x0000000102d5f5d0]
Event: 401.613 Thread 0x00007f8a6b004000 2036   !   4       java.lang.ref.ReferenceQueue::remove (80 bytes)
Event: 401.622 Thread 0x00007f8a6b004000 nmethod 2036 0x0000000102d62b10 code [0x0000000102d62ca0, 0x0000000102d63538]
Event: 645.458 Thread 0x00007f8a6a819800 2037       1       java.util.TaskQueue::getMin (7 bytes)
Event: 645.458 Thread 0x00007f8a6a819800 nmethod 2037 0x0000000102d627d0 code [0x0000000102d62920, 0x0000000102d62a50]
Event: 1352.800 Thread 0x00007f8a6a818800 2038       4       java.util.TaskQueue::isEmpty (13 bytes)
Event: 1352.800 Thread 0x00007f8a6a818800 nmethod 2038 0x0000000102cce8d0 code [0x0000000102ccea20, 0x0000000102ccea98]

GC Heap History (4 events):
Event: 2.727 GC heap before
{Heap before GC invocations=1 (full 0):
 PSYoungGen      total 38400K, used 33280K [0x0000000795580000, 0x0000000798000000, 0x00000007c0000000)
  eden space 33280K, 100% used [0x0000000795580000,0x0000000797600000,0x0000000797600000)
  from space 5120K, 0% used [0x0000000797b00000,0x0000000797b00000,0x0000000798000000)
  to   space 5120K, 0% used [0x0000000797600000,0x0000000797600000,0x0000000797b00000)
 ParOldGen       total 87552K, used 0K [0x0000000740000000, 0x0000000745580000, 0x0000000795580000)
  object space 87552K, 0% used [0x0000000740000000,0x0000000740000000,0x0000000745580000)
 Metaspace       used 13995K, capacity 14482K, committed 14592K, reserved 1062912K
  class space    used 1921K, capacity 2036K, committed 2048K, reserved 1048576K
Event: 2.736 GC heap after
Heap after GC invocations=1 (full 0):
 PSYoungGen      total 38400K, used 5095K [0x0000000795580000, 0x0000000798000000, 0x00000007c0000000)
  eden space 33280K, 0% used [0x0000000795580000,0x0000000795580000,0x0000000797600000)
  from space 5120K, 99% used [0x0000000797600000,0x0000000797af9ec0,0x0000000797b00000)
  to   space 5120K, 0% used [0x0000000797b00000,0x0000000797b00000,0x0000000798000000)
 ParOldGen       total 87552K, used 1674K [0x0000000740000000, 0x0000000745580000, 0x0000000795580000)
  object space 87552K, 1% used [0x0000000740000000,0x00000007401a28c0,0x0000000745580000)
 Metaspace       used 13995K, capacity 14482K, committed 14592K, reserved 1062912K
  class space    used 1921K, capacity 2036K, committed 2048K, reserved 1048576K
}
Event: 4.340 GC heap before
{Heap before GC invocations=2 (full 0):
 PSYoungGen      total 38400K, used 38375K [0x0000000795580000, 0x0000000798000000, 0x00000007c0000000)
  eden space 33280K, 100% used [0x0000000795580000,0x0000000797600000,0x0000000797600000)
  from space 5120K, 99% used [0x0000000797600000,0x0000000797af9ec0,0x0000000797b00000)
  to   space 5120K, 0% used [0x0000000797b00000,0x0000000797b00000,0x0000000798000000)
 ParOldGen       total 87552K, used 1674K [0x0000000740000000, 0x0000000745580000, 0x0000000795580000)
  object space 87552K, 1% used [0x0000000740000000,0x00000007401a28c0,0x0000000745580000)
 Metaspace       used 17833K, capacity 18434K, committed 18688K, reserved 1064960K
  class space    used 2343K, capacity 2502K, committed 2560K, reserved 1048576K
Event: 4.350 GC heap after
Heap after GC invocations=2 (full 0):
 PSYoungGen      total 38400K, used 5095K [0x0000000795580000, 0x0000000798000000, 0x00000007c0000000)
  eden space 33280K, 0% used [0x0000000795580000,0x0000000795580000,0x0000000797600000)
  from space 5120K, 99% used [0x0000000797b00000,0x0000000797ff9ec0,0x0000000798000000)
  to   space 5120K, 0% used [0x0000000797600000,0x0000000797600000,0x0000000797b00000)
 ParOldGen       total 87552K, used 6970K [0x0000000740000000, 0x0000000745580000, 0x0000000795580000)
  object space 87552K, 7% used [0x0000000740000000,0x00000007406ceaf0,0x0000000745580000)
 Metaspace       used 17833K, capacity 18434K, committed 18688K, reserved 1064960K
  class space    used 2343K, capacity 2502K, committed 2560K, reserved 1048576K
}

Deoptimization events (10 events):
Event: 2.427 Thread 0x00007f8a6a8a7800 Uncommon trap: reason=class_check action=maybe_recompile pc=0x0000000102a54850 method=java.io.DataInputStream.readShort()S @ 4
Event: 2.430 Thread 0x00007f8a6a8a7800 Uncommon trap: reason=class_check action=maybe_recompile pc=0x0000000102857144 method=java.lang.String.equals(Ljava/lang/Object;)Z @ 8
Event: 2.673 Thread 0x00007f8a6a8a7800 Uncommon trap: reason=unloaded action=reinterpret pc=0x0000000102955c98 method=java.lang.CharacterData.of(I)Ljava/lang/CharacterData; @ 96
Event: 3.841 Thread 0x00007f8a6a8a7800 Uncommon trap: reason=unreached action=reinterpret pc=0x00000001029c135c method=java.lang.AbstractStringBuilder.append(Ljava/lang/String;)Ljava/lang/AbstractStringBuilder; @ 1
Event: 4.140 Thread 0x00007f8a6a8a7800 Uncommon trap: reason=class_check action=maybe_recompile pc=0x0000000102ab70d4 method=java.io.FilterInputStream.read()I @ 4
Event: 4.140 Thread 0x00007f8a6a8a7800 Uncommon trap: reason=class_check action=maybe_recompile pc=0x0000000102ab70d4 method=java.io.FilterInputStream.read()I @ 4
Event: 4.140 Thread 0x00007f8a6a8a7800 Uncommon trap: reason=class_check action=maybe_recompile pc=0x0000000102ab70d4 method=java.io.FilterInputStream.read()I @ 4
Event: 4.140 Thread 0x00007f8a6a8a7800 Uncommon trap: reason=class_check action=maybe_recompile pc=0x0000000102ab70d4 method=java.io.FilterInputStream.read()I @ 4
Event: 4.243 Thread 0x00007f8a6a8a7800 Uncommon trap: reason=unreached action=reinterpret pc=0x0000000102bdd6f0 method=java.lang.Class.privateGetDeclaredMethods(Z)[Ljava/lang/reflect/Method; @ 29
Event: 4.470 Thread 0x00007f8a6a8a7000 Uncommon trap: reason=unreached action=reinterpret pc=0x0000000102cbda0c method=java.lang.Class.privateGetDeclaredMethods(Z)[Ljava/lang/reflect/Method; @ 29

Internal exceptions (10 events):
Event: 4.334 Thread 0x00007f8a6a8a7800 Exception <a 'java/security/PrivilegedActionException'> (0x0000000797506340) thrown at [/HUDSON3/workspace/8-2-build-macosx-x86_64/jdk8u25/1514/hotspot/src/share/vm/prims/jvm.cpp, line 1312]
Event: 4.334 Thread 0x00007f8a6a8a7800 Exception <a 'java/security/PrivilegedActionException'> (0x0000000797525d50) thrown at [/HUDSON3/workspace/8-2-build-macosx-x86_64/jdk8u25/1514/hotspot/src/share/vm/prims/jvm.cpp, line 1312]
Event: 4.335 Thread 0x00007f8a6a8a7800 Exception <a 'java/security/PrivilegedActionException'> (0x0000000797543c00) thrown at [/HUDSON3/workspace/8-2-build-macosx-x86_64/jdk8u25/1514/hotspot/src/share/vm/prims/jvm.cpp, line 1312]
Event: 4.335 Thread 0x00007f8a6a8a7800 Exception <a 'java/security/PrivilegedActionException'> (0x0000000797563b18) thrown at [/HUDSON3/workspace/8-2-build-macosx-x86_64/jdk8u25/1514/hotspot/src/share/vm/prims/jvm.cpp, line 1312]
Event: 4.335 Thread 0x00007f8a6a8a7800 Exception <a 'java/security/PrivilegedActionException'> (0x0000000797581de8) thrown at [/HUDSON3/workspace/8-2-build-macosx-x86_64/jdk8u25/1514/hotspot/src/share/vm/prims/jvm.cpp, line 1312]
Event: 4.336 Thread 0x00007f8a6a8a7800 Exception <a 'java/security/PrivilegedActionException'> (0x00000007975a20b8) thrown at [/HUDSON3/workspace/8-2-build-macosx-x86_64/jdk8u25/1514/hotspot/src/share/vm/prims/jvm.cpp, line 1312]
Event: 4.336 Thread 0x00007f8a6a8a7800 Exception <a 'java/security/PrivilegedActionException'> (0x00000007975c05e8) thrown at [/HUDSON3/workspace/8-2-build-macosx-x86_64/jdk8u25/1514/hotspot/src/share/vm/prims/jvm.cpp, line 1312]
Event: 4.337 Thread 0x00007f8a6a8a7800 Exception <a 'java/security/PrivilegedActionException'> (0x00000007975e0af8) thrown at [/HUDSON3/workspace/8-2-build-macosx-x86_64/jdk8u25/1514/hotspot/src/share/vm/prims/jvm.cpp, line 1312]
Event: 4.470 Thread 0x00007f8a6a8a7000 Implicit null exception at 0x0000000102cbb18c to 0x0000000102cbd9ed
Event: 5.361 Thread 0x00007f8a6a2a9000 Exception <a 'java/security/PrivilegedActionException'> (0x0000000795aa10e0) thrown at [/HUDSON3/workspace/8-2-build-macosx-x86_64/jdk8u25/1514/hotspot/src/share/vm/prims/jvm.cpp, line 1312]

Events (10 events):
Event: 6.298 loading class javafx/application/Application done
Event: 6.301 loading class com/sun/javafx/tk/quantum/QuantumRenderer
Event: 6.301 loading class com/sun/javafx/tk/quantum/QuantumRenderer done
Event: 6.301 loading class com/sun/javafx/tk/quantum/QuantumToolkit
Event: 6.301 loading class com/sun/javafx/tk/quantum/QuantumToolkit done
Event: 6.301 Thread 0x00007f8a6a8a7000 Thread exited: 0x00007f8a6a8a7000
Event: 6.301 Thread 0x00007f8a698b4800 Thread exited: 0x00007f8a698b4800
Event: 6.301 Thread 0x00007f8a6980d000 Thread exited: 0x00007f8a6980d000
Event: 6.302 Thread 0x00007f8a6a025800 Thread added: 0x00007f8a6a025800
Event: 6.302 Thread 0x00007f8a6a8a7800 Thread exited: 0x00007f8a6a8a7800


Dynamic libraries:
0x0000000006c00000 	/System/Library/Frameworks/Cocoa.framework/Versions/A/Cocoa
0x0000000006c00000 	/System/Library/Frameworks/Security.framework/Versions/A/Security
0x0000000006c00000 	/System/Library/Frameworks/ApplicationServices.framework/Versions/A/ApplicationServices
0x0000000006c00000 	/usr/lib/libz.1.dylib
0x0000000006c00000 	/usr/lib/libSystem.B.dylib
0x0000000006c00000 	/usr/lib/libobjc.A.dylib
0x0000000006c00000 	/System/Library/Frameworks/CoreFoundation.framework/Versions/A/CoreFoundation
0x0000000006c00000 	/System/Library/Frameworks/Foundation.framework/Versions/C/Foundation
0x0000000006c00000 	/System/Library/Frameworks/AppKit.framework/Versions/C/AppKit
0x0000000006c00000 	/System/Library/Frameworks/CoreData.framework/Versions/A/CoreData
0x0000000006c00000 	/System/Library/PrivateFrameworks/RemoteViewServices.framework/Versions/A/RemoteViewServices
0x0000000006c00000 	/System/Library/PrivateFrameworks/UIFoundation.framework/Versions/A/UIFoundation
0x0000000006c00000 	/System/Library/Frameworks/IOSurface.framework/Versions/A/IOSurface
0x0000000006c00000 	/System/Library/Frameworks/AudioToolbox.framework/Versions/A/AudioToolbox
0x0000000006c00000 	/System/Library/Frameworks/AudioUnit.framework/Versions/A/AudioUnit
0x0000000006c00000 	/System/Library/PrivateFrameworks/DataDetectorsCore.framework/Versions/A/DataDetectorsCore
0x0000000006c00000 	/System/Library/PrivateFrameworks/DesktopServicesPriv.framework/Versions/A/DesktopServicesPriv
0x0000000006c00000 	/System/Library/Frameworks/Carbon.framework/Versions/A/Frameworks/HIToolbox.framework/Versions/A/HIToolbox
0x0000000006c00000 	/System/Library/Frameworks/QuartzCore.framework/Versions/A/QuartzCore
0x0000000006c00000 	/System/Library/Frameworks/Carbon.framework/Versions/A/Frameworks/SpeechRecognition.framework/Versions/A/SpeechRecognition
0x0000000006c00000 	/usr/lib/libauto.dylib
0x0000000006c00000 	/usr/lib/libicucore.A.dylib
0x0000000006c00000 	/usr/lib/libxml2.2.dylib
0x0000000006c00000 	/System/Library/PrivateFrameworks/CoreUI.framework/Versions/A/CoreUI
0x0000000006c00000 	/System/Library/Frameworks/CoreAudio.framework/Versions/A/CoreAudio
0x0000000006c00000 	/System/Library/Frameworks/DiskArbitration.framework/Versions/A/DiskArbitration
0x0000000006c00000 	/usr/lib/liblangid.dylib
0x0000000006c00000 	/System/Library/PrivateFrameworks/MultitouchSupport.framework/Versions/A/MultitouchSupport
0x0000000006c00000 	/System/Library/Frameworks/IOKit.framework/Versions/A/IOKit
0x0000000006c00000 	/usr/lib/libDiagnosticMessagesClient.dylib
0x0000000006c00000 	/System/Library/Frameworks/CoreServices.framework/Versions/A/CoreServices
0x0000000006c00000 	/System/Library/PrivateFrameworks/PerformanceAnalysis.framework/Versions/A/PerformanceAnalysis
0x0000000006c00000 	/System/Library/PrivateFrameworks/GenerationalStorage.framework/Versions/A/GenerationalStorage
0x0000000006c00000 	/System/Library/Frameworks/OpenGL.framework/Versions/A/OpenGL
0x0000000006c00000 	/System/Library/PrivateFrameworks/Sharing.framework/Versions/A/Sharing
0x0000000006c00000 	/System/Library/Frameworks/CoreGraphics.framework/Versions/A/CoreGraphics
0x0000000006c00000 	/System/Library/Frameworks/CoreText.framework/Versions/A/CoreText
0x0000000006c00000 	/System/Library/Frameworks/ImageIO.framework/Versions/A/ImageIO
0x0000000006c00000 	/usr/lib/libextension.dylib
0x0000000006c00000 	/System/Library/PrivateFrameworks/Backup.framework/Versions/A/Backup
0x0000000006c00000 	/usr/lib/libarchive.2.dylib
0x0000000006c00000 	/System/Library/Frameworks/CFNetwork.framework/Versions/A/CFNetwork
0x0000000006c00000 	/System/Library/Frameworks/SystemConfiguration.framework/Versions/A/SystemConfiguration
0x0000000006c00000 	/usr/lib/libCRFSuite.dylib
0x0000000006c00000 	/usr/lib/libc++.1.dylib
0x0000000006c00000 	/usr/lib/libc++abi.dylib
0x0000000006c00000 	/usr/lib/system/libcache.dylib
0x0000000006c00000 	/usr/lib/system/libcommonCrypto.dylib
0x0000000006c00000 	/usr/lib/system/libcompiler_rt.dylib
0x0000000006c00000 	/usr/lib/system/libcopyfile.dylib
0x0000000006c00000 	/usr/lib/system/libcorecrypto.dylib
0x0000000006c00000 	/usr/lib/system/libdispatch.dylib
0x0000000006c00000 	/usr/lib/system/libdyld.dylib
0x0000000006c00000 	/usr/lib/system/libkeymgr.dylib
0x0000000006c00000 	/usr/lib/system/liblaunch.dylib
0x0000000006c00000 	/usr/lib/system/libmacho.dylib
0x0000000006c00000 	/usr/lib/system/libquarantine.dylib
0x0000000006c00000 	/usr/lib/system/libremovefile.dylib
0x0000000006c00000 	/usr/lib/system/libsystem_asl.dylib
0x0000000006c00000 	/usr/lib/system/libsystem_blocks.dylib
0x0000000006c00000 	/usr/lib/system/libsystem_c.dylib
0x0000000006c00000 	/usr/lib/system/libsystem_configuration.dylib
0x0000000006c00000 	/usr/lib/system/libsystem_coreservices.dylib
0x0000000006c00000 	/usr/lib/system/libsystem_coretls.dylib
0x0000000006c00000 	/usr/lib/system/libsystem_dnssd.dylib
0x0000000006c00000 	/usr/lib/system/libsystem_info.dylib
0x0000000006c00000 	/usr/lib/system/libsystem_kernel.dylib
0x0000000006c00000 	/usr/lib/system/libsystem_m.dylib
0x0000000006c00000 	/usr/lib/system/libsystem_malloc.dylib
0x0000000006c00000 	/usr/lib/system/libsystem_network.dylib
0x0000000006c00000 	/usr/lib/system/libsystem_networkextension.dylib
0x0000000006c00000 	/usr/lib/system/libsystem_notify.dylib
0x0000000006c00000 	/usr/lib/system/libsystem_platform.dylib
0x0000000006c00000 	/usr/lib/system/libsystem_pthread.dylib
0x0000000006c00000 	/usr/lib/system/libsystem_sandbox.dylib
0x0000000006c00000 	/usr/lib/system/libsystem_secinit.dylib
0x0000000006c00000 	/usr/lib/system/libsystem_stats.dylib
0x0000000006c00000 	/usr/lib/system/libsystem_trace.dylib
0x0000000006c00000 	/usr/lib/system/libunc.dylib
0x0000000006c00000 	/usr/lib/system/libunwind.dylib
0x0000000006c00000 	/usr/lib/system/libxpc.dylib
0x0000000006c00000 	/usr/lib/libbz2.1.0.dylib
0x0000000006c00000 	/usr/lib/liblzma.5.dylib
0x0000000006c00000 	/usr/lib/libbsm.0.dylib
0x0000000006c00000 	/usr/lib/libsqlite3.dylib
0x0000000006c00000 	/usr/lib/system/libkxld.dylib
0x0000000006c00000 	/usr/lib/libxar.1.dylib
0x0000000006c00000 	/usr/lib/libpam.2.dylib
0x0000000006c00000 	/usr/lib/libOpenScriptingUtil.dylib
0x0000000006c00000 	/System/Library/Frameworks/CoreServices.framework/Versions/A/Frameworks/FSEvents.framework/Versions/A/FSEvents
0x0000000006c00000 	/System/Library/Frameworks/CoreServices.framework/Versions/A/Frameworks/CarbonCore.framework/Versions/A/CarbonCore
0x0000000006c00000 	/System/Library/Frameworks/CoreServices.framework/Versions/A/Frameworks/Metadata.framework/Versions/A/Metadata
0x0000000006c00000 	/System/Library/Frameworks/CoreServices.framework/Versions/A/Frameworks/OSServices.framework/Versions/A/OSServices
0x0000000006c00000 	/System/Library/Frameworks/CoreServices.framework/Versions/A/Frameworks/SearchKit.framework/Versions/A/SearchKit
0x0000000006c00000 	/System/Library/Frameworks/CoreServices.framework/Versions/A/Frameworks/AE.framework/Versions/A/AE
0x0000000006c00000 	/System/Library/Frameworks/CoreServices.framework/Versions/A/Frameworks/LaunchServices.framework/Versions/A/LaunchServices
0x0000000006c00000 	/System/Library/Frameworks/CoreServices.framework/Versions/A/Frameworks/DictionaryServices.framework/Versions/A/DictionaryServices
0x0000000006c00000 	/System/Library/Frameworks/NetFS.framework/Versions/A/NetFS
0x0000000006c00000 	/System/Library/PrivateFrameworks/NetAuth.framework/Versions/A/NetAuth
0x0000000006c00000 	/System/Library/PrivateFrameworks/login.framework/Versions/A/Frameworks/loginsupport.framework/Versions/A/loginsupport
0x0000000006c00000 	/System/Library/PrivateFrameworks/TCC.framework/Versions/A/TCC
0x0000000006c00000 	/usr/lib/libmecabra.dylib
0x0000000006c00000 	/System/Library/Frameworks/ApplicationServices.framework/Versions/A/Frameworks/ATS.framework/Versions/A/ATS
0x0000000006c00000 	/System/Library/Frameworks/ApplicationServices.framework/Versions/A/Frameworks/ColorSync.framework/Versions/A/ColorSync
0x0000000006c00000 	/System/Library/Frameworks/ApplicationServices.framework/Versions/A/Frameworks/HIServices.framework/Versions/A/HIServices
0x0000000006c00000 	/System/Library/Frameworks/ApplicationServices.framework/Versions/A/Frameworks/LangAnalysis.framework/Versions/A/LangAnalysis
0x0000000006c00000 	/System/Library/Frameworks/ApplicationServices.framework/Versions/A/Frameworks/PrintCore.framework/Versions/A/PrintCore
0x0000000006c00000 	/System/Library/Frameworks/ApplicationServices.framework/Versions/A/Frameworks/QD.framework/Versions/A/QD
0x0000000006c00000 	/System/Library/Frameworks/ApplicationServices.framework/Versions/A/Frameworks/SpeechSynthesis.framework/Versions/A/SpeechSynthesis
0x0000000006c00000 	/System/Library/Frameworks/Accelerate.framework/Versions/A/Accelerate
0x0000000006c00000 	/System/Library/Frameworks/Accelerate.framework/Versions/A/Frameworks/vImage.framework/Versions/A/vImage
0x0000000006c00000 	/System/Library/Frameworks/Accelerate.framework/Versions/A/Frameworks/vecLib.framework/Versions/A/vecLib
0x0000000006c00000 	/System/Library/Frameworks/Accelerate.framework/Versions/A/Frameworks/vecLib.framework/Versions/A/libvDSP.dylib
0x0000000006c00000 	/System/Library/Frameworks/Accelerate.framework/Versions/A/Frameworks/vecLib.framework/Versions/A/libvMisc.dylib
0x0000000006c00000 	/System/Library/Frameworks/Accelerate.framework/Versions/A/Frameworks/vecLib.framework/Versions/A/libLAPACK.dylib
0x0000000006c00000 	/System/Library/Frameworks/Accelerate.framework/Versions/A/Frameworks/vecLib.framework/Versions/A/libBLAS.dylib
0x0000000006c00000 	/System/Library/Frameworks/Accelerate.framework/Versions/A/Frameworks/vecLib.framework/Versions/A/libLinearAlgebra.dylib
0x0000000006c00000 	/System/Library/Frameworks/ApplicationServices.framework/Versions/A/Frameworks/ATS.framework/Versions/A/Resources/libFontParser.dylib
0x0000000006c00000 	/System/Library/Frameworks/ApplicationServices.framework/Versions/A/Frameworks/ATS.framework/Versions/A/Resources/libFontRegistry.dylib
0x0000000006c00000 	/System/Library/PrivateFrameworks/AppleVPA.framework/Versions/A/AppleVPA
0x0000000006c00000 	/System/Library/PrivateFrameworks/AppleJPEG.framework/Versions/A/AppleJPEG
0x0000000006c00000 	/System/Library/Frameworks/ImageIO.framework/Versions/A/Resources/libJPEG.dylib
0x0000000006c00000 	/System/Library/Frameworks/ImageIO.framework/Versions/A/Resources/libTIFF.dylib
0x0000000006c00000 	/System/Library/Frameworks/ImageIO.framework/Versions/A/Resources/libPng.dylib
0x0000000006c00000 	/System/Library/Frameworks/ImageIO.framework/Versions/A/Resources/libGIF.dylib
0x0000000006c00000 	/System/Library/Frameworks/ImageIO.framework/Versions/A/Resources/libJP2.dylib
0x0000000006c00000 	/System/Library/Frameworks/ImageIO.framework/Versions/A/Resources/libRadiance.dylib
0x0000000006c00000 	/System/Library/Frameworks/CoreVideo.framework/Versions/A/CoreVideo
0x0000000006c00000 	/System/Library/Frameworks/OpenGL.framework/Versions/A/Libraries/libGLU.dylib
0x0000000006c00000 	/System/Library/Frameworks/OpenGL.framework/Versions/A/Libraries/libGFXShared.dylib
0x0000000006c00000 	/System/Library/Frameworks/OpenGL.framework/Versions/A/Libraries/libGL.dylib
0x0000000006c00000 	/System/Library/Frameworks/OpenGL.framework/Versions/A/Libraries/libGLImage.dylib
0x0000000006c00000 	/System/Library/Frameworks/OpenGL.framework/Versions/A/Libraries/libCVMSPluginSupport.dylib
0x0000000006c00000 	/System/Library/Frameworks/OpenGL.framework/Versions/A/Libraries/libCoreVMClient.dylib
0x0000000006c00000 	/usr/lib/libcups.2.dylib
0x0000000006c00000 	/System/Library/Frameworks/Kerberos.framework/Versions/A/Kerberos
0x0000000006c00000 	/System/Library/Frameworks/GSS.framework/Versions/A/GSS
0x0000000006c00000 	/usr/lib/libresolv.9.dylib
0x0000000006c00000 	/usr/lib/libiconv.2.dylib
0x0000000006c00000 	/System/Library/PrivateFrameworks/Heimdal.framework/Versions/A/Heimdal
0x0000000006c00000 	/usr/lib/libheimdal-asn1.dylib
0x0000000006c00000 	/System/Library/Frameworks/OpenDirectory.framework/Versions/A/OpenDirectory
0x0000000006c00000 	/System/Library/PrivateFrameworks/CommonAuth.framework/Versions/A/CommonAuth
0x0000000006c00000 	/System/Library/Frameworks/OpenDirectory.framework/Versions/A/Frameworks/CFOpenDirectory.framework/Versions/A/CFOpenDirectory
0x0000000006c00000 	/System/Library/Frameworks/SecurityFoundation.framework/Versions/A/SecurityFoundation
0x0000000006c00000 	/System/Library/PrivateFrameworks/LanguageModeling.framework/Versions/A/LanguageModeling
0x0000000006c00000 	/usr/lib/libcmph.dylib
0x0000000006c00000 	/System/Library/Frameworks/ServiceManagement.framework/Versions/A/ServiceManagement
0x0000000006c00000 	/usr/lib/libxslt.1.dylib
0x0000000006c00000 	/System/Library/Frameworks/Carbon.framework/Versions/A/Frameworks/Ink.framework/Versions/A/Ink
0x0000000006c00000 	/System/Library/Frameworks/QuartzCore.framework/Versions/A/Frameworks/CoreImage.framework/Versions/A/CoreImage
0x0000000006c00000 	/System/Library/PrivateFrameworks/CrashReporterSupport.framework/Versions/A/CrashReporterSupport
0x0000000006c00000 	/System/Library/Frameworks/OpenCL.framework/Versions/A/OpenCL
0x0000000006c00000 	/System/Library/PrivateFrameworks/FaceCore.framework/Versions/A/FaceCore
0x0000000006c00000 	/System/Library/PrivateFrameworks/Ubiquity.framework/Versions/A/Ubiquity
0x0000000006c00000 	/System/Library/PrivateFrameworks/IconServices.framework/Versions/A/IconServices
0x0000000006c00000 	/System/Library/PrivateFrameworks/ChunkingLibrary.framework/Versions/A/ChunkingLibrary
0x0000000006c00000 	/System/Library/PrivateFrameworks/Apple80211.framework/Versions/A/Apple80211
0x0000000006c00000 	/System/Library/Frameworks/CoreWLAN.framework/Versions/A/CoreWLAN
0x0000000006c00000 	/System/Library/Frameworks/IOBluetooth.framework/Versions/A/IOBluetooth
0x0000000006c00000 	/System/Library/PrivateFrameworks/CoreWiFi.framework/Versions/A/CoreWiFi
0x0000000006c00000 	/System/Library/Frameworks/CoreBluetooth.framework/Versions/A/CoreBluetooth
0x0000000006c00000 	/System/Library/PrivateFrameworks/DebugSymbols.framework/Versions/A/DebugSymbols
0x0000000006c00000 	/System/Library/PrivateFrameworks/CoreSymbolication.framework/Versions/A/CoreSymbolication
0x0000000006c00000 	/System/Library/PrivateFrameworks/Symbolication.framework/Versions/A/Symbolication
0x0000000006c00000 	/System/Library/PrivateFrameworks/SpeechRecognitionCore.framework/Versions/A/SpeechRecognitionCore
0x0000000101800000 	/Library/Java/JavaVirtualMachines/jdk1.8.0_25.jdk/Contents/Home/jre/lib/server/libjvm.dylib
0x0000000006c00000 	/usr/lib/libstdc++.6.dylib
0x0000000100f36000 	/Library/Java/JavaVirtualMachines/jdk1.8.0_25.jdk/Contents/Home/jre/lib/libverify.dylib
0x0000000100f44000 	/Library/Java/JavaVirtualMachines/jdk1.8.0_25.jdk/Contents/Home/jre/lib/libjava.dylib
0x0000000100f82000 	/Library/Java/JavaVirtualMachines/jdk1.8.0_25.jdk/Contents/Home/jre/lib/libzip.dylib
0x0000000118720000 	/System/Library/Frameworks/JavaVM.framework/Frameworks/JavaRuntimeSupport.framework/JavaRuntimeSupport
0x0000000118738000 	/System/Library/Frameworks/JavaVM.framework/Versions/A/Frameworks/JavaNativeFoundation.framework/Versions/A/JavaNativeFoundation
0x000000011874d000 	/System/Library/Frameworks/JavaVM.framework/Versions/A/JavaVM
0x0000000006c00000 	/System/Library/Frameworks/Carbon.framework/Versions/A/Carbon
0x000000011875a000 	/System/Library/PrivateFrameworks/JavaLaunching.framework/Versions/A/JavaLaunching
0x0000000006c00000 	/System/Library/Frameworks/Carbon.framework/Versions/A/Frameworks/CommonPanels.framework/Versions/A/CommonPanels
0x0000000006c00000 	/System/Library/Frameworks/Carbon.framework/Versions/A/Frameworks/Help.framework/Versions/A/Help
0x0000000006c00000 	/System/Library/Frameworks/Carbon.framework/Versions/A/Frameworks/ImageCapture.framework/Versions/A/ImageCapture
0x0000000006c00000 	/System/Library/Frameworks/Carbon.framework/Versions/A/Frameworks/OpenScripting.framework/Versions/A/OpenScripting
0x0000000006c00000 	/System/Library/Frameworks/Carbon.framework/Versions/A/Frameworks/Print.framework/Versions/A/Print
0x0000000006c00000 	/System/Library/Frameworks/Carbon.framework/Versions/A/Frameworks/SecurityHI.framework/Versions/A/SecurityHI
0x000000011a7ae000 	/Applications/IntelliJ IDEA 14 CE.app/Contents/bin/libbreakgen64.jnilib
0x000000011a940000 	/Library/Java/JavaVirtualMachines/jdk1.8.0_25.jdk/Contents/Home/jre/lib/libnet.dylib
0x000000011aba5000 	/Library/Java/JavaVirtualMachines/jdk1.8.0_25.jdk/Contents/Home/jre/lib/libprism_es2.dylib
0x0000000006c00000 	/System/Library/Frameworks/OpenGL.framework/Versions/A/Resources/GLEngine.bundle/GLEngine
0x0000000006c00000 	/System/Library/Frameworks/OpenGL.framework/Versions/A/Libraries/libGLProgrammability.dylib
0x000000011ac26000 	/System/Library/Extensions/AppleIntelHD5000GraphicsGLDriver.bundle/Contents/MacOS/AppleIntelHD5000GraphicsGLDriver
0x0000000006c00000 	/System/Library/PrivateFrameworks/IOAccelerator.framework/Versions/A/IOAccelerator
0x0000000006c00000 	/System/Library/PrivateFrameworks/GPUSupport.framework/Versions/A/Libraries/libGPUSupportMercury.dylib
0x0000000006c00000 	/System/Library/Frameworks/OpenGL.framework/Versions/A/Resources/GLRendererFloat.bundle/GLRendererFloat
0x0000000006c00000 	/System/Library/Frameworks/OpenCL.framework/Versions/A/Libraries/libcldcpuengine.dylib
0x0000000006c00000 	/System/Library/PrivateFrameworks/DiskImages.framework/Versions/A/DiskImages
0x0000000006c00000 	/System/Library/Frameworks/DiscRecording.framework/Versions/A/DiscRecording
0x0000000006c00000 	/usr/lib/libcsfde.dylib
0x0000000006c00000 	/usr/lib/libcurl.4.dylib
0x0000000006c00000 	/System/Library/PrivateFrameworks/MediaKit.framework/Versions/A/MediaKit
0x0000000006c00000 	/System/Library/PrivateFrameworks/ProtectedCloudStorage.framework/Versions/A/ProtectedCloudStorage
0x0000000006c00000 	/usr/lib/libCoreStorage.dylib
0x0000000006c00000 	/System/Library/PrivateFrameworks/EFILogin.framework/Versions/A/EFILogin
0x0000000006c00000 	/usr/lib/libutil.dylib
0x0000000006c00000 	/System/Library/PrivateFrameworks/FindMyDevice.framework/Versions/A/FindMyDevice
0x0000000006c00000 	/System/Library/Frameworks/LDAP.framework/Versions/A/LDAP
0x0000000006c00000 	/usr/lib/libsasl2.2.dylib
0x0000000006c00000 	/System/Library/PrivateFrameworks/CoreDaemon.framework/Versions/B/CoreDaemon
0x0000000006c00000 	/usr/lib/libcrypto.0.9.8.dylib
0x0000000006c00000 	/System/Library/PrivateFrameworks/AppleSRP.framework/Versions/A/AppleSRP
0x0000000006c00000 	/System/Library/PrivateFrameworks/TrustEvaluationAgent.framework/Versions/A/TrustEvaluationAgent
0x000000011b73d000 	/Library/Java/JavaVirtualMachines/jdk1.8.0_25.jdk/Contents/Home/jre/lib/libglass.dylib
0x0000000006c00000 	/System/Library/PrivateFrameworks/CoreServicesInternal.framework/Versions/A/CoreServicesInternal
0x0000000006c00000 	/System/Library/PrivateFrameworks/CloudDocs.framework/Versions/A/CloudDocs
0x0000000006c00000 	/System/Library/PrivateFrameworks/CoreDuet.framework/Versions/A/CoreDuet
0x0000000006c00000 	/System/Library/Frameworks/CloudKit.framework/Versions/A/CloudKit
0x0000000006c00000 	/System/Library/PrivateFrameworks/ProtocolBuffer.framework/Versions/A/ProtocolBuffer
0x0000000006c00000 	/System/Library/PrivateFrameworks/CoreDuetDaemonProtocol.framework/Versions/A/CoreDuetDaemonProtocol
0x0000000006c00000 	/System/Library/PrivateFrameworks/CoreDuetDebugLogging.framework/Versions/A/CoreDuetDebugLogging
0x0000000006c00000 	/System/Library/PrivateFrameworks/MMCS.framework/Versions/A/MMCS
0x0000000006c00000 	/System/Library/Frameworks/CoreLocation.framework/Versions/A/CoreLocation
0x0000000006c00000 	/System/Library/PrivateFrameworks/GeoServices.framework/Versions/A/GeoServices
0x0000000006c00000 	/System/Library/Frameworks/CoreGraphics.framework/Versions/A/Resources/libCGCMS.A.dylib
0x0000000006c00000 	/System/Library/CoreServices/RawCamera.bundle/Contents/MacOS/RawCamera
0x0000000006c00000 	/System/Library/Frameworks/CoreGraphics.framework/Versions/A/Resources/libRIP.A.dylib
0x0000000006c00000 	/System/Library/PrivateFrameworks/FamilyControls.framework/Versions/A/FamilyControls
0x0000000006c00000 	/System/Library/PrivateFrameworks/CommerceKit.framework/Versions/A/Frameworks/CommerceCore.framework/Versions/A/CommerceCore
0x0000000006c00000 	/System/Library/PrivateFrameworks/SystemAdministration.framework/Versions/A/SystemAdministration
0x0000000006c00000 	/System/Library/PrivateFrameworks/AppContainer.framework/Versions/A/AppContainer
0x0000000006c00000 	/System/Library/PrivateFrameworks/SecCodeWrapper.framework/Versions/A/SecCodeWrapper
0x0000000006c00000 	/System/Library/Frameworks/DirectoryService.framework/Versions/A/DirectoryService
0x0000000006c00000 	/System/Library/PrivateFrameworks/LoginUIKit.framework/Versions/A/Frameworks/LoginUICore.framework/Versions/A/LoginUICore
0x0000000006c00000 	/usr/lib/libodfde.dylib
0x000000011f43e000 	/Library/Java/JavaVirtualMachines/jdk1.8.0_25.jdk/Contents/Home/jre/lib/libjavafx_font.dylib
0x0000000006c00000 	/System/Library/Frameworks/CoreGraphics.framework/Versions/A/Resources/libCGXType.A.dylib
0x0000000121707000 	cl_kernels
0x0000000122a09000 	/System/Library/Frameworks/OpenCL.framework/Versions/A/Libraries/ImageFormats/unorm8_bgra.dylib
0x00000001216f9000 	cl_kernels
0x0000000120789000 	/Library/Java/JavaVirtualMachines/jdk1.8.0_25.jdk/Contents/Home/jre/lib/libprism_common.dylib

VM Arguments:
jvm_args: -Didea.launcher.port=7532 -Didea.launcher.bin.path=/Applications/IntelliJ IDEA 14 CE.app/Contents/bin -Dfile.encoding=UTF-8 
java_command: com.intellij.rt.execution.application.AppMain MULE.Controller.Main
java_class_path (initial): /Library/Java/JavaVirtualMachines/jdk1.8.0_25.jdk/Contents/Home/lib/ant-javafx.jar:/Library/Java/JavaVirtualMachines/jdk1.8.0_25.jdk/Contents/Home/lib/dt.jar:/Library/Java/JavaVirtualMachines/jdk1.8.0_25.jdk/Contents/Home/lib/javafx-mx.jar:/Library/Java/JavaVirtualMachines/jdk1.8.0_25.jdk/Contents/Home/lib/jconsole.jar:/Library/Java/JavaVirtualMachines/jdk1.8.0_25.jdk/Contents/Home/lib/sa-jdi.jar:/Library/Java/JavaVirtualMachines/jdk1.8.0_25.jdk/Contents/Home/lib/tools.jar:/Library/Java/JavaVirtualMachines/jdk1.8.0_25.jdk/Contents/Home/jre/lib/charsets.jar:/Library/Java/JavaVirtualMachines/jdk1.8.0_25.jdk/Contents/Home/jre/lib/deploy.jar:/Library/Java/JavaVirtualMachines/jdk1.8.0_25.jdk/Contents/Home/jre/lib/javaws.jar:/Library/Java/JavaVirtualMachines/jdk1.8.0_25.jdk/Contents/Home/jre/lib/jce.jar:/Library/Java/JavaVirtualMachines/jdk1.8.0_25.jdk/Contents/Home/jre/lib/jfr.jar:/Library/Java/JavaVirtualMachines/jdk1.8.0_25.jdk/Contents/Home/jre/lib/jfxswt.jar:/Library/Java/JavaVirtualMachines/jdk1.8.0_25.jdk/Contents/Home/jre/lib/jsse.jar:/Library/Java/JavaVirtualMachines/jdk1.8.0_25.jdk/Contents/Home/jre/lib/management-agent.jar:/Library/Java/JavaVirtualMachines/jdk1.8.0_25.jdk/Contents/Home/jre/lib/plugin.jar:/Library/Java/JavaVirtualMachines/jdk1.8.0_25.jdk/Contents/Home/jre/lib/resources.jar:/Library/Java/JavaVirtualMachines/jdk1.8.0_25.jdk/Contents/Home/jre/lib/rt.jar:/Library/Java/JavaVirtualMachines/jdk1.8.0_25.jdk/Contents/Home/jre/lib/ext/cldrdata.jar:/Library/Java/JavaVirtualMachines/jdk1.8.0_25.jdk/Contents/Home/jre/lib/ext/dnsns.jar:/Library/Java/JavaVirtualMachines/jdk1.8.0_25.jdk/Contents/Home/jre/lib/ext/jfxrt.jar:/Library/Java/JavaVirtualMachines/jdk1.8.0_25.jdk/Contents/Home/jre/lib/ext/localedata.jar:/Library/Java/JavaVirtualMachines/jdk1.8.0_25.jdk/Contents/Home/jre/lib/ext/nashorn.jar:/Library/Java/JavaVirtualMachines/jdk1.8.0_25.jdk/Contents/Home/jre/lib/ext/sunec.jar:/Library/Java/JavaVirtualMachines/jdk1.8.0_25.jdk/C
Launcher Type: SUN_STANDARD

Environment Variables:
CLASSPATH=:/users/jatin1/documents/junit-4.12.jar:/users/jatin1/documents/hamcrest-core-1.3.jar
PATH=/Library/Frameworks/Python.framework/Versions/2.7/bin:/usr/local/bin:/usr/bin:/bin:/usr/sbin:/sbin:/usr/local/git/bin:/usr/local/MacGPG2/bin:/Users/jatin1/Documents/gradle-2.6/bin
SHELL=/bin/bash

Signal Handlers:
SIGSEGV: [libjvm.dylib+0x579dc7], sa_mask[0]=11111111011111110111111111111111, sa_flags=SA_ONSTACK|SA_RESTART|SA_SIGINFO
SIGBUS: [libjvm.dylib+0x579dc7], sa_mask[0]=11111111011111110111111111111111, sa_flags=SA_RESTART|SA_SIGINFO
SIGFPE: [libjvm.dylib+0x45b030], sa_mask[0]=11111111011111110111111111111111, sa_flags=SA_RESTART|SA_SIGINFO
SIGPIPE: [libjvm.dylib+0x45b030], sa_mask[0]=11111111011111110111111111111111, sa_flags=SA_RESTART|SA_SIGINFO
SIGXFSZ: [libjvm.dylib+0x45b030], sa_mask[0]=11111111011111110111111111111111, sa_flags=SA_RESTART|SA_SIGINFO
SIGILL: [libjvm.dylib+0x45b030], sa_mask[0]=11111111011111110111111111111111, sa_flags=SA_RESTART|SA_SIGINFO
SIGUSR1: SIG_DFL, sa_mask[0]=00000000000000000000000000000000, sa_flags=none
SIGUSR2: [libjvm.dylib+0x45ab4e], sa_mask[0]=00100000000000000000000000000000, sa_flags=SA_RESTART|SA_SIGINFO
SIGHUP: [libjvm.dylib+0x459121], sa_mask[0]=11111111011111110111111111111111, sa_flags=SA_RESTART|SA_SIGINFO
SIGINT: [libjvm.dylib+0x459121], sa_mask[0]=11111111011111110111111111111111, sa_flags=SA_RESTART|SA_SIGINFO
SIGTERM: [libjvm.dylib+0x459121], sa_mask[0]=11111111011111110111111111111111, sa_flags=SA_RESTART|SA_SIGINFO
SIGQUIT: [libjvm.dylib+0x459121], sa_mask[0]=11111111011111110111111111111111, sa_flags=SA_RESTART|SA_SIGINFO


---------------  S Y S T E M  ---------------

OS:Bsduname:Darwin 14.5.0 Darwin Kernel Version 14.5.0: Wed Jul 29 02:26:53 PDT 2015; root:xnu-2782.40.9~1/RELEASE_X86_64 x86_64
rlimit: STACK 8192k, CORE 0k, NPROC 709, NOFILE 10240, AS infinity
load average:8.62 6.83 6.25

CPU:total 4 (2 cores per cpu, 2 threads per core) family 6 model 69 stepping 1, cmov, cx8, fxsr, mmx, sse, sse2, sse3, ssse3, sse4.1, sse4.2, popcnt, avx, avx2, aes, clmul, erms, lzcnt, ht, tsc, tscinvbit, bmi1, bmi2

Memory: 4k page, physical 8388608k(28512k free)

/proc/meminfo:


vm_info: Java HotSpot(TM) 64-Bit Server VM (25.25-b02) for bsd-amd64 JRE (1.8.0_25-b17), built on Sep 17 2014 16:56:50 by "java_re" with gcc 4.2.1 (Based on Apple Inc. build 5658) (LLVM build 2336.11.00)

time: Wed Nov  4 00:12:04 2015
elapsed time: 1839 seconds (0d 0h 30m 39s)

