#
# A fatal error has been detected by the Java Runtime Environment:
#
#  SIGSEGV (0xb) at pc=0x00007fff8e4de0e9, pid=9264, tid=1299
#
# JRE version: Java(TM) SE Runtime Environment (8.0_25-b17) (build 1.8.0_25-b17)
# Java VM: Java HotSpot(TM) 64-Bit Server VM (25.25-b02 mixed mode bsd-amd64 compressed oops)
# Problematic frame:
# C  [libobjc.A.dylib+0x10e9]  objc_msgSend+0x29
#
# Failed to write core dump. Core dumps have been disabled. To enable core dumping, try "ulimit -c unlimited" before starting Java again
#
# If you would like to submit a bug report, please visit:
#   http://bugreport.sun.com/bugreport/crash.jsp
# The crash happened outside the Java Virtual Machine in native code.
# See problematic frame for where to report the bug.
#

---------------  T H R E A D  ---------------

Current thread (0x00007fbdea0d2800):  JavaThread "JavaFX Application Thread" [_thread_in_native, id=1299, stack(0x00007fff55344000,0x00007fff55b44000)]

siginfo: si_signo: 11 (SIGSEGV), si_code: 0 (unknown), si_addr: 0x0000000000000000

Registers:
RAX=0x000000010a99d900, RBX=0x00007fbdea0d29e8, RCX=0x00007fbde9550da0, RDX=0x0000000000000004
RSP=0x00007fff55b35e18, RBP=0x00007fff55b36260, RSI=0x0000000124b0b142, RDI=0x00007fbde979bda0
R8 =0x00007fbde960e730, R9 =0x0000000000000000, R10=0x6166727793515d2f, R11=0x00007fbde979bea0
R12=0x0000000000000408, R13=0x0000000000000002, R14=0x0000000000000001, R15=0x000000010a4bc628
RIP=0x00007fff8e4de0e9, EFLAGS=0x0000000000010202, ERR=0x0000000000000000
  TRAPNO=0x000000000000000d

Top of Stack: (sp=0x00007fff55b35e18)
0x00007fff55b35e18:   0000000124af3e0e 0000000055b35e60
0x00007fff55b35e28:   0000000000000002 00007fff772720d0
0x00007fff55b35e38:   0000000042000000 00007fbdebc3e870
0x00007fff55b35e48:   00007fbdea0d29e8 00007fbde9550da0
0x00007fff55b35e58:   0000000000000000 00007fbde96d0960
0x00007fff55b35e68:   00007fff55b35e60 0000003002000000
0x00007fff55b35e78:   0000000000000003 00007fff55b35eb8
0x00007fff55b35e88:   00007fbde96d0978 0000000000000000
0x00007fff55b35e98:   0000000000000000 0000000000000000
0x00007fff55b35ea8:   0000000000000000 0000000000000000
0x00007fff55b35eb8:   00007fbde9627950 0000000000000000
0x00007fff55b35ec8:   00007fff55b35ec0 0000003002000000
0x00007fff55b35ed8:   00007fff8af4efc0 00007fff8af4efe0
0x00007fff55b35ee8:   0000000000000000 000000f800000000
0x00007fff55b35ef8:   000000000000001d 40812ff800000000
0x00007fff55b35f08:   4079bbf000000000 0000000000000000
0x00007fff55b35f18:   0000000000000000 0001113509c7246f
0x00007fff55b35f28:   0000000000000100 0000000000000000
0x00007fff55b35f38:   0000000000000000 0000000400000000
0x00007fff55b35f48:   0000000000000000 0000000000000001
0x00007fff55b35f58:   0000000100008d97 0000000000002430
0x00007fff55b35f68:   0003721700454454 0000000000000000
0x00007fff55b35f78:   0000000000000000 0000000000000000
0x00007fff55b35f88:   0000000000000000 0000000000000000
0x00007fff55b35f98:   0000000000000000 0000000000000000
0x00007fff55b35fa8:   0000000000000000 0000000000000000
0x00007fff55b35fb8:   0000000000000000 00007fbde9678c40
0x00007fff55b35fc8:   0000000000000000 00007fbde96249d0
0x00007fff55b35fd8:   0000000000000000 0000000000000000
0x00007fff55b35fe8:   4079bbf000000000 000046534fb4b472
0x00007fff55b35ff8:   0000000000000000 00007fbde96278b0
0x00007fff55b36008:   0000000000000008 0000000000000000 

Instructions: (pc=0x00007fff8e4de0e9)
0x00007fff8e4de0c9:   01 2e 75 7e 49 bb f8 ff ff ff ff 7f 00 00 4c 23
0x00007fff8e4de0d9:   1f 49 89 f2 45 23 53 18 49 c1 e2 04 4d 03 53 10
0x00007fff8e4de0e9:   49 3b 32 75 04 41 ff 62 08 49 83 3a 00 74 6a 4d
0x00007fff8e4de0f9:   3b 53 10 74 0d 49 83 ea 10 49 3b 32 75 eb 41 ff 

Register to memory mapping:

RAX=0x000000010a99d900: _ZL13jfr_interface+0x40 in /Library/Java/JavaVirtualMachines/jdk1.8.0_25.jdk/Contents/Home/jre/lib/server/libjvm.dylib at 0x000000010a1ba000
RBX=0x00007fbdea0d29e8 is an unknown value
RCX=0x00007fbde9550da0 is an unknown value
RDX=0x0000000000000004 is an unknown value
RSP=0x00007fff55b35e18 is pointing into the stack for thread: 0x00007fbdea0d2800
RBP=0x00007fff55b36260 is pointing into the stack for thread: 0x00007fbdea0d2800
RSI=0x0000000124b0b142: __FUNCTION__.95073+0x962 in /Library/Java/JavaVirtualMachines/jdk1.8.0_25.jdk/Contents/Home/jre/lib/libglass.dylib at 0x0000000124adb000
RDI=0x00007fbde979bda0 is an unknown value
R8 =0x00007fbde960e730 is an unknown value
R9 =0x0000000000000000 is an unknown value
R10=0x6166727793515d2f is an unknown value
R11=0x00007fbde979bea0 is an unknown value
R12=0x0000000000000408 is an unknown value
R13=0x0000000000000002 is an unknown value
R14=0x0000000000000001 is an unknown value
R15=0x000000010a4bc628: jni_CallStaticVoidMethod+0 in /Library/Java/JavaVirtualMachines/jdk1.8.0_25.jdk/Contents/Home/jre/lib/server/libjvm.dylib at 0x000000010a1ba000


Stack: [0x00007fff55344000,0x00007fff55b44000],  sp=0x00007fff55b35e18,  free space=8135k
Native frames: (J=compiled Java code, j=interpreted, Vv=VM code, C=native code)
C  [libobjc.A.dylib+0x10e9]  objc_msgSend+0x29
C  [libglass.dylib+0x184be]  listenTouchEvents+0x5e
C  [CoreGraphics+0xfabfc]  processEventTapData+0x2ca
C  [CoreGraphics+0xfa80f]  _CGYPostEventTapData+0xdd
C  [CoreGraphics+0x413a14]  _XPostEventTapData+0x59
C  [CoreGraphics+0x413afd]  CGYEventTap_server+0x56
C  [CoreGraphics+0xfa8f7]  eventTapMessageHandler+0x2e
C  [CoreFoundation+0x80d87]  __CFMachPortPerform+0xf7
C  [CoreFoundation+0x80c79]  __CFRUNLOOP_IS_CALLING_OUT_TO_A_SOURCE1_PERFORM_FUNCTION__+0x29
C  [CoreFoundation+0x80beb]  __CFRunLoopDoSource1+0x1db
C  [CoreFoundation+0x72767]  __CFRunLoopRun+0x947
C  [CoreFoundation+0x71bd8]  CFRunLoopRunSpecific+0x128
C  [HIToolbox+0x3256f]  RunCurrentEventLoopInMode+0xeb
C  [HIToolbox+0x321ee]  ReceiveNextEventCommon+0xb3
C  [HIToolbox+0x3212b]  _BlockUntilNextEventMatchingListInModeWithFilter+0x47
C  [AppKit+0x918ab]  _DPSNextEvent+0x3d2
C  [AppKit+0x90e58]  -[NSApplication nextEventMatchingMask:untilDate:inMode:dequeue:]+0x15a
C  [AppKit+0x86af3]  -[NSApplication run]+0x252
C  [libglass.dylib+0x6757]  -[GlassApplication runLoop:]+0x6f7
C  [Foundation+0x92dd0]  __NSThreadPerformPerform+0x125
C  [CoreFoundation+0x80a01]  __CFRUNLOOP_IS_CALLING_OUT_TO_A_SOURCE0_PERFORM_FUNCTION__+0x11
C  [CoreFoundation+0x72b8d]  __CFRunLoopDoSources0+0x10d
C  [CoreFoundation+0x721bf]  __CFRunLoopRun+0x39f
C  [CoreFoundation+0x71bd8]  CFRunLoopRunSpecific+0x128
C  [java+0x56cc]  CreateExecutionEnvironment+0x367
C  [java+0x165c]  JLI_Launch+0x7a0
C  [java+0x768a]  main+0x65
C  [java+0xeb4]  start+0x34
C  0x0000000000000008


---------------  P R O C E S S  ---------------

Java Threads: ( => current thread )
  0x00007fbdeb0ba800 JavaThread "Timer-0" [_thread_blocked, id=64775, stack(0x000000012ca97000,0x000000012cb97000)]
  0x00007fbdeb141800 JavaThread "Abandoned connection cleanup thread" daemon [_thread_blocked, id=63955, stack(0x000000012b4b9000,0x000000012b5b9000)]
  0x00007fbdea172000 JavaThread "Prism Font Disposer" daemon [_thread_blocked, id=49959, stack(0x000000012b90b000,0x000000012ba0b000)]
  0x00007fbdea897000 JavaThread "Thread-4" daemon [_thread_in_native, id=37123, stack(0x000000012798b000,0x0000000127a0b000)]
=>0x00007fbdea0d2800 JavaThread "JavaFX Application Thread" [_thread_in_native, id=1299, stack(0x00007fff55344000,0x00007fff55b44000)]
  0x00007fbdeb1bc800 JavaThread "Thread-2" daemon [_thread_blocked, id=24863, stack(0x0000000124b3c000,0x0000000124c3c000)]
  0x00007fbdeb1a3000 JavaThread "QuantumRenderer-0" daemon [_thread_in_vm, id=20227, stack(0x0000000123e41000,0x0000000123f41000)]
  0x00007fbdeb04a000 JavaThread "JavaFX-Launcher" [_thread_blocked, id=19715, stack(0x0000000123d3e000,0x0000000123e3e000)]
  0x00007fbde98aa000 JavaThread "Monitor Ctrl-Break" daemon [_thread_in_native, id=19203, stack(0x0000000123b50000,0x0000000123c50000)]
  0x00007fbde983a800 JavaThread "Service Thread" daemon [_thread_blocked, id=18179, stack(0x00000001237e9000,0x00000001238e9000)]
  0x00007fbdeb02e800 JavaThread "C1 CompilerThread2" daemon [_thread_in_native, id=17667, stack(0x00000001236e6000,0x00000001237e6000)]
  0x00007fbdea81a000 JavaThread "C2 CompilerThread1" daemon [_thread_blocked, id=17155, stack(0x00000001235e3000,0x00000001236e3000)]
  0x00007fbde983a000 JavaThread "C2 CompilerThread0" daemon [_thread_blocked, id=16643, stack(0x00000001234e0000,0x00000001235e0000)]
  0x00007fbdea801000 JavaThread "Signal Dispatcher" daemon [_thread_blocked, id=12811, stack(0x00000001233dd000,0x00000001234dd000)]
  0x00007fbdeb00d800 JavaThread "Finalizer" daemon [_thread_blocked, id=11523, stack(0x00000001219c4000,0x0000000121ac4000)]
  0x00007fbdeb00d000 JavaThread "Reference Handler" daemon [_thread_blocked, id=11011, stack(0x00000001218c1000,0x00000001219c1000)]
  0x00007fbdeb000800 JavaThread "main" [_thread_blocked, id=3331, stack(0x000000010b0d7000,0x000000010b1d7000)]

Other Threads:
  0x00007fbde9848000 VMThread [stack: 0x00000001217be000,0x00000001218be000] [id=10499]
  0x00007fbdea818800 WatcherThread [stack: 0x00000001238ec000,0x00000001239ec000] [id=18691]

VM state:not at safepoint (normal execution)

VM Mutex/Monitor currently owned by a thread:  ([mutex/lock_event])
[0x00007fbde941f3e0] AdapterHandlerLibrary_lock - owner thread: 0x00007fbdeb1a3000

Heap:
 PSYoungGen      total 38400K, used 12729K [0x0000000795580000, 0x0000000798000000, 0x00000007c0000000)
  eden space 33280K, 22% used [0x0000000795580000,0x0000000795cf4128,0x0000000797600000)
  from space 5120K, 99% used [0x0000000797b00000,0x0000000797ffa430,0x0000000798000000)
  to   space 5120K, 0% used [0x0000000797600000,0x0000000797600000,0x0000000797b00000)
 ParOldGen       total 87552K, used 6946K [0x0000000740000000, 0x0000000745580000, 0x0000000795580000)
  object space 87552K, 7% used [0x0000000740000000,0x00000007406c89b0,0x0000000745580000)
 Metaspace       used 18301K, capacity 18868K, committed 18944K, reserved 1064960K
  class space    used 2396K, capacity 2547K, committed 2560K, reserved 1048576K

Card table byte_map: [0x000000011afc0000,0x000000011b3c1000] byte_map_base: 0x00000001175c0000

Marking Bits: (ParMarkBitMap*) 0x000000010aa57390
 Begin Bits: [0x000000011b975000, 0x000000011d975000)
 End Bits:   [0x000000011d975000, 0x000000011f975000)

Polling page: 0x000000010b21b000

CodeCache: size=245760Kb used=6009Kb max_used=6009Kb free=239750Kb
 bounds [0x000000010bc00000, 0x000000010c1f0000, 0x000000011ac00000]
 total_blobs=2561 nmethods=1865 adapters=610
 compilation: enabled

Compilation events (10 events):
Event: 7.577 Thread 0x00007fbdeb02e800 nmethod 1839 0x000000010c1b5d10 code [0x000000010c1b5e60, 0x000000010c1b5f70]
Event: 7.597 Thread 0x00007fbdeb02e800 1840       3       java.util.concurrent.locks.AbstractQueuedSynchronizer::compareAndSetState (13 bytes)
Event: 7.597 Thread 0x00007fbdeb02e800 nmethod 1840 0x000000010c1cb710 code [0x000000010c1cb860, 0x000000010c1cb9d0]
Event: 7.598 Thread 0x00007fbdeb02e800 1841       1       com.sun.javafx.sg.prism.NGNode::getTransform (5 bytes)
Event: 7.598 Thread 0x00007fbdeb02e800 nmethod 1841 0x000000010c1cb450 code [0x000000010c1cb5a0, 0x000000010c1cb6b0]
Event: 7.598 Thread 0x00007fbdeb02e800 1842       3       com.sun.prism.es2.ES2Texture::getNativeSourceHandle (17 bytes)
Event: 7.598 Thread 0x00007fbdeb02e800 nmethod 1842 0x000000010c1af610 code [0x000000010c1af7c0, 0x000000010c1afe48]
Event: 7.598 Thread 0x00007fbdeb02e800 1843       3       com.sun.prism.es2.ES2Texture::uploadPixels (632 bytes)
Event: 7.603 Thread 0x00007fbdeb02e800 nmethod 1843 0x000000010c1d95d0 code [0x000000010c1d99e0, 0x000000010c1dc7c8]
Event: 7.603 Thread 0x00007fbdeb02e800 1845       3       com.sun.prism.es2.ES2Texture::update (629 bytes)

GC Heap History (4 events):
Event: 5.208 GC heap before
{Heap before GC invocations=1 (full 0):
 PSYoungGen      total 38400K, used 33280K [0x0000000795580000, 0x0000000798000000, 0x00000007c0000000)
  eden space 33280K, 100% used [0x0000000795580000,0x0000000797600000,0x0000000797600000)
  from space 5120K, 0% used [0x0000000797b00000,0x0000000797b00000,0x0000000798000000)
  to   space 5120K, 0% used [0x0000000797600000,0x0000000797600000,0x0000000797b00000)
 ParOldGen       total 87552K, used 0K [0x0000000740000000, 0x0000000745580000, 0x0000000795580000)
  object space 87552K, 0% used [0x0000000740000000,0x0000000740000000,0x0000000745580000)
 Metaspace       used 13919K, capacity 14458K, committed 14592K, reserved 1062912K
  class space    used 1910K, capacity 2048K, committed 2048K, reserved 1048576K
Event: 5.227 GC heap after
Heap after GC invocations=1 (full 0):
 PSYoungGen      total 38400K, used 5095K [0x0000000795580000, 0x0000000798000000, 0x00000007c0000000)
  eden space 33280K, 0% used [0x0000000795580000,0x0000000795580000,0x0000000797600000)
  from space 5120K, 99% used [0x0000000797600000,0x0000000797af9ee0,0x0000000797b00000)
  to   space 5120K, 0% used [0x0000000797b00000,0x0000000797b00000,0x0000000798000000)
 ParOldGen       total 87552K, used 1659K [0x0000000740000000, 0x0000000745580000, 0x0000000795580000)
  object space 87552K, 1% used [0x0000000740000000,0x000000074019ec60,0x0000000745580000)
 Metaspace       used 13919K, capacity 14458K, committed 14592K, reserved 1062912K
  class space    used 1910K, capacity 2048K, committed 2048K, reserved 1048576K
}
Event: 7.169 GC heap before
{Heap before GC invocations=2 (full 0):
 PSYoungGen      total 38400K, used 38375K [0x0000000795580000, 0x0000000798000000, 0x00000007c0000000)
  eden space 33280K, 100% used [0x0000000795580000,0x0000000797600000,0x0000000797600000)
  from space 5120K, 99% used [0x0000000797600000,0x0000000797af9ee0,0x0000000797b00000)
  to   space 5120K, 0% used [0x0000000797b00000,0x0000000797b00000,0x0000000798000000)
 ParOldGen       total 87552K, used 1659K [0x0000000740000000, 0x0000000745580000, 0x0000000795580000)
  object space 87552K, 1% used [0x0000000740000000,0x000000074019ec60,0x0000000745580000)
 Metaspace       used 17780K, capacity 18380K, committed 18688K, reserved 1064960K
  class space    used 2342K, capacity 2501K, committed 2560K, reserved 1048576K
Event: 7.195 GC heap after
Heap after GC invocations=2 (full 0):
 PSYoungGen      total 38400K, used 5097K [0x0000000795580000, 0x0000000798000000, 0x00000007c0000000)
  eden space 33280K, 0% used [0x0000000795580000,0x0000000795580000,0x0000000797600000)
  from space 5120K, 99% used [0x0000000797b00000,0x0000000797ffa430,0x0000000798000000)
  to   space 5120K, 0% used [0x0000000797600000,0x0000000797600000,0x0000000797b00000)
 ParOldGen       total 87552K, used 6946K [0x0000000740000000, 0x0000000745580000, 0x0000000795580000)
  object space 87552K, 7% used [0x0000000740000000,0x00000007406c89b0,0x0000000745580000)
 Metaspace       used 17780K, capacity 18380K, committed 18688K, reserved 1064960K
  class space    used 2342K, capacity 2501K, committed 2560K, reserved 1048576K
}

Deoptimization events (10 events):
Event: 4.925 Thread 0x00007fbdea0d2800 Uncommon trap: reason=class_check action=maybe_recompile pc=0x000000010bf48750 method=java.io.DataInputStream.readShort()S @ 4
Event: 4.925 Thread 0x00007fbdea0d2800 Uncommon trap: reason=class_check action=maybe_recompile pc=0x000000010bf48750 method=java.io.DataInputStream.readShort()S @ 4
Event: 4.928 Thread 0x00007fbdea0d2800 Uncommon trap: reason=class_check action=maybe_recompile pc=0x000000010bd3bc80 method=java.lang.String.equals(Ljava/lang/Object;)Z @ 8
Event: 5.166 Thread 0x00007fbdea0d2800 Uncommon trap: reason=unloaded action=reinterpret pc=0x000000010be3c918 method=java.lang.CharacterData.of(I)Ljava/lang/CharacterData; @ 96
Event: 6.557 Thread 0x00007fbdea0d2800 Uncommon trap: reason=unreached action=reinterpret pc=0x000000010be99b5c method=java.lang.AbstractStringBuilder.append(Ljava/lang/String;)Ljava/lang/AbstractStringBuilder; @ 1
Event: 6.926 Thread 0x00007fbdea0d2800 Uncommon trap: reason=class_check action=maybe_recompile pc=0x000000010bfc8d94 method=java.io.FilterInputStream.read()I @ 4
Event: 6.926 Thread 0x00007fbdea0d2800 Uncommon trap: reason=class_check action=maybe_recompile pc=0x000000010bfc8d94 method=java.io.FilterInputStream.read()I @ 4
Event: 6.926 Thread 0x00007fbdea0d2800 Uncommon trap: reason=class_check action=maybe_recompile pc=0x000000010bfc8d94 method=java.io.FilterInputStream.read()I @ 4
Event: 6.926 Thread 0x00007fbdea0d2800 Uncommon trap: reason=class_check action=maybe_recompile pc=0x000000010bfc8d94 method=java.io.FilterInputStream.read()I @ 4
Event: 7.056 Thread 0x00007fbdea0d2800 Uncommon trap: reason=unreached action=reinterpret pc=0x000000010c0e866c method=java.lang.Class.privateGetDeclaredMethods(Z)[Ljava/lang/reflect/Method; @ 29

Internal exceptions (10 events):
Event: 7.226 Thread 0x00007fbdea0d2800 Exception <a 'java/security/PrivilegedActionException'> (0x000000079577c558) thrown at [/HUDSON3/workspace/8-2-build-macosx-x86_64/jdk8u25/1514/hotspot/src/share/vm/prims/jvm.cpp, line 1312]
Event: 7.226 Thread 0x00007fbdea0d2800 Exception <a 'java/security/PrivilegedActionException'> (0x000000079577fa48) thrown at [/HUDSON3/workspace/8-2-build-macosx-x86_64/jdk8u25/1514/hotspot/src/share/vm/prims/jvm.cpp, line 1312]
Event: 7.226 Thread 0x00007fbdea0d2800 Exception <a 'java/security/PrivilegedActionException'> (0x00000007957828b0) thrown at [/HUDSON3/workspace/8-2-build-macosx-x86_64/jdk8u25/1514/hotspot/src/share/vm/prims/jvm.cpp, line 1312]
Event: 7.226 Thread 0x00007fbdea0d2800 Exception <a 'java/security/PrivilegedActionException'> (0x0000000795785ca0) thrown at [/HUDSON3/workspace/8-2-build-macosx-x86_64/jdk8u25/1514/hotspot/src/share/vm/prims/jvm.cpp, line 1312]
Event: 7.227 Thread 0x00007fbdea0d2800 Exception <a 'java/security/PrivilegedActionException'> (0x00000007957a32d8) thrown at [/HUDSON3/workspace/8-2-build-macosx-x86_64/jdk8u25/1514/hotspot/src/share/vm/prims/jvm.cpp, line 1312]
Event: 7.227 Thread 0x00007fbdea0d2800 Exception <a 'java/security/PrivilegedActionException'> (0x00000007957c29b0) thrown at [/HUDSON3/workspace/8-2-build-macosx-x86_64/jdk8u25/1514/hotspot/src/share/vm/prims/jvm.cpp, line 1312]
Event: 7.227 Thread 0x00007fbdea0d2800 Exception <a 'java/security/PrivilegedActionException'> (0x00000007957e0660) thrown at [/HUDSON3/workspace/8-2-build-macosx-x86_64/jdk8u25/1514/hotspot/src/share/vm/prims/jvm.cpp, line 1312]
Event: 7.228 Thread 0x00007fbdea0d2800 Exception <a 'java/security/PrivilegedActionException'> (0x0000000795800350) thrown at [/HUDSON3/workspace/8-2-build-macosx-x86_64/jdk8u25/1514/hotspot/src/share/vm/prims/jvm.cpp, line 1312]
Event: 7.228 Thread 0x00007fbdea0d2800 Exception <a 'java/security/PrivilegedActionException'> (0x000000079581e500) thrown at [/HUDSON3/workspace/8-2-build-macosx-x86_64/jdk8u25/1514/hotspot/src/share/vm/prims/jvm.cpp, line 1312]
Event: 7.228 Thread 0x00007fbdea0d2800 Exception <a 'java/security/PrivilegedActionException'> (0x000000079583e738) thrown at [/HUDSON3/workspace/8-2-build-macosx-x86_64/jdk8u25/1514/hotspot/src/share/vm/prims/jvm.cpp, line 1312]

Events (10 events):
Event: 7.451 loading class com/sun/prism/shader/FillRoundRect_Color_Loader
Event: 7.451 loading class com/sun/prism/shader/FillRoundRect_Color_Loader done
Event: 7.457 loading class com/sun/prism/shader/DrawRoundRect_Color_Loader
Event: 7.457 loading class com/sun/prism/shader/DrawRoundRect_Color_Loader done
Event: 7.467 loading class com/sun/prism/shader/DrawSemiRoundRect_Color_Loader
Event: 7.467 loading class com/sun/prism/shader/DrawSemiRoundRect_Color_Loader done
Event: 7.534 Executing VM operation: RevokeBias
Event: 7.534 Executing VM operation: RevokeBias done
Event: 7.601 Executing VM operation: RevokeBias
Event: 7.601 Executing VM operation: RevokeBias done


Dynamic libraries:
0x0000000006c00000 	/System/Library/Frameworks/Cocoa.framework/Versions/A/Cocoa
0x0000000006c00000 	/System/Library/Frameworks/Security.framework/Versions/A/Security
0x0000000006c00000 	/System/Library/Frameworks/ApplicationServices.framework/Versions/A/ApplicationServices
0x0000000006c00000 	/usr/lib/libz.1.dylib
0x0000000006c00000 	/usr/lib/libSystem.B.dylib
0x0000000006c00000 	/usr/lib/libobjc.A.dylib
0x0000000006c00000 	/System/Library/Frameworks/CoreFoundation.framework/Versions/A/CoreFoundation
0x0000000006c00000 	/System/Library/Frameworks/Foundation.framework/Versions/C/Foundation
0x0000000006c00000 	/System/Library/Frameworks/AppKit.framework/Versions/C/AppKit
0x0000000006c00000 	/System/Library/Frameworks/CoreData.framework/Versions/A/CoreData
0x0000000006c00000 	/System/Library/PrivateFrameworks/RemoteViewServices.framework/Versions/A/RemoteViewServices
0x0000000006c00000 	/System/Library/PrivateFrameworks/UIFoundation.framework/Versions/A/UIFoundation
0x0000000006c00000 	/System/Library/Frameworks/IOSurface.framework/Versions/A/IOSurface
0x0000000006c00000 	/System/Library/Frameworks/AudioToolbox.framework/Versions/A/AudioToolbox
0x0000000006c00000 	/System/Library/Frameworks/AudioUnit.framework/Versions/A/AudioUnit
0x0000000006c00000 	/System/Library/PrivateFrameworks/DataDetectorsCore.framework/Versions/A/DataDetectorsCore
0x0000000006c00000 	/System/Library/PrivateFrameworks/DesktopServicesPriv.framework/Versions/A/DesktopServicesPriv
0x0000000006c00000 	/System/Library/Frameworks/Carbon.framework/Versions/A/Frameworks/HIToolbox.framework/Versions/A/HIToolbox
0x0000000006c00000 	/System/Library/Frameworks/QuartzCore.framework/Versions/A/QuartzCore
0x0000000006c00000 	/System/Library/Frameworks/Carbon.framework/Versions/A/Frameworks/SpeechRecognition.framework/Versions/A/SpeechRecognition
0x0000000006c00000 	/usr/lib/libauto.dylib
0x0000000006c00000 	/usr/lib/libicucore.A.dylib
0x0000000006c00000 	/usr/lib/libxml2.2.dylib
0x0000000006c00000 	/System/Library/PrivateFrameworks/CoreUI.framework/Versions/A/CoreUI
0x0000000006c00000 	/System/Library/Frameworks/CoreAudio.framework/Versions/A/CoreAudio
0x0000000006c00000 	/System/Library/Frameworks/DiskArbitration.framework/Versions/A/DiskArbitration
0x0000000006c00000 	/usr/lib/liblangid.dylib
0x0000000006c00000 	/System/Library/PrivateFrameworks/MultitouchSupport.framework/Versions/A/MultitouchSupport
0x0000000006c00000 	/System/Library/Frameworks/IOKit.framework/Versions/A/IOKit
0x0000000006c00000 	/usr/lib/libDiagnosticMessagesClient.dylib
0x0000000006c00000 	/System/Library/Frameworks/CoreServices.framework/Versions/A/CoreServices
0x0000000006c00000 	/System/Library/PrivateFrameworks/PerformanceAnalysis.framework/Versions/A/PerformanceAnalysis
0x0000000006c00000 	/System/Library/PrivateFrameworks/GenerationalStorage.framework/Versions/A/GenerationalStorage
0x0000000006c00000 	/System/Library/Frameworks/OpenGL.framework/Versions/A/OpenGL
0x0000000006c00000 	/System/Library/PrivateFrameworks/Sharing.framework/Versions/A/Sharing
0x0000000006c00000 	/System/Library/Frameworks/CoreGraphics.framework/Versions/A/CoreGraphics
0x0000000006c00000 	/System/Library/Frameworks/CoreText.framework/Versions/A/CoreText
0x0000000006c00000 	/System/Library/Frameworks/ImageIO.framework/Versions/A/ImageIO
0x0000000006c00000 	/usr/lib/libextension.dylib
0x0000000006c00000 	/System/Library/PrivateFrameworks/Backup.framework/Versions/A/Backup
0x0000000006c00000 	/usr/lib/libarchive.2.dylib
0x0000000006c00000 	/System/Library/Frameworks/CFNetwork.framework/Versions/A/CFNetwork
0x0000000006c00000 	/System/Library/Frameworks/SystemConfiguration.framework/Versions/A/SystemConfiguration
0x0000000006c00000 	/usr/lib/libCRFSuite.dylib
0x0000000006c00000 	/usr/lib/libc++.1.dylib
0x0000000006c00000 	/usr/lib/libc++abi.dylib
0x0000000006c00000 	/usr/lib/system/libcache.dylib
0x0000000006c00000 	/usr/lib/system/libcommonCrypto.dylib
0x0000000006c00000 	/usr/lib/system/libcompiler_rt.dylib
0x0000000006c00000 	/usr/lib/system/libcopyfile.dylib
0x0000000006c00000 	/usr/lib/system/libcorecrypto.dylib
0x0000000006c00000 	/usr/lib/system/libdispatch.dylib
0x0000000006c00000 	/usr/lib/system/libdyld.dylib
0x0000000006c00000 	/usr/lib/system/libkeymgr.dylib
0x0000000006c00000 	/usr/lib/system/liblaunch.dylib
0x0000000006c00000 	/usr/lib/system/libmacho.dylib
0x0000000006c00000 	/usr/lib/system/libquarantine.dylib
0x0000000006c00000 	/usr/lib/system/libremovefile.dylib
0x0000000006c00000 	/usr/lib/system/libsystem_asl.dylib
0x0000000006c00000 	/usr/lib/system/libsystem_blocks.dylib
0x0000000006c00000 	/usr/lib/system/libsystem_c.dylib
0x0000000006c00000 	/usr/lib/system/libsystem_configuration.dylib
0x0000000006c00000 	/usr/lib/system/libsystem_coreservices.dylib
0x0000000006c00000 	/usr/lib/system/libsystem_coretls.dylib
0x0000000006c00000 	/usr/lib/system/libsystem_dnssd.dylib
0x0000000006c00000 	/usr/lib/system/libsystem_info.dylib
0x0000000006c00000 	/usr/lib/system/libsystem_kernel.dylib
0x0000000006c00000 	/usr/lib/system/libsystem_m.dylib
0x0000000006c00000 	/usr/lib/system/libsystem_malloc.dylib
0x0000000006c00000 	/usr/lib/system/libsystem_network.dylib
0x0000000006c00000 	/usr/lib/system/libsystem_networkextension.dylib
0x0000000006c00000 	/usr/lib/system/libsystem_notify.dylib
0x0000000006c00000 	/usr/lib/system/libsystem_platform.dylib
0x0000000006c00000 	/usr/lib/system/libsystem_pthread.dylib
0x0000000006c00000 	/usr/lib/system/libsystem_sandbox.dylib
0x0000000006c00000 	/usr/lib/system/libsystem_secinit.dylib
0x0000000006c00000 	/usr/lib/system/libsystem_stats.dylib
0x0000000006c00000 	/usr/lib/system/libsystem_trace.dylib
0x0000000006c00000 	/usr/lib/system/libunc.dylib
0x0000000006c00000 	/usr/lib/system/libunwind.dylib
0x0000000006c00000 	/usr/lib/system/libxpc.dylib
0x0000000006c00000 	/usr/lib/libbz2.1.0.dylib
0x0000000006c00000 	/usr/lib/liblzma.5.dylib
0x0000000006c00000 	/usr/lib/libbsm.0.dylib
0x0000000006c00000 	/usr/lib/libsqlite3.dylib
0x0000000006c00000 	/usr/lib/system/libkxld.dylib
0x0000000006c00000 	/usr/lib/libxar.1.dylib
0x0000000006c00000 	/usr/lib/libpam.2.dylib
0x0000000006c00000 	/usr/lib/libOpenScriptingUtil.dylib
0x0000000006c00000 	/System/Library/Frameworks/CoreServices.framework/Versions/A/Frameworks/FSEvents.framework/Versions/A/FSEvents
0x0000000006c00000 	/System/Library/Frameworks/CoreServices.framework/Versions/A/Frameworks/CarbonCore.framework/Versions/A/CarbonCore
0x0000000006c00000 	/System/Library/Frameworks/CoreServices.framework/Versions/A/Frameworks/Metadata.framework/Versions/A/Metadata
0x0000000006c00000 	/System/Library/Frameworks/CoreServices.framework/Versions/A/Frameworks/OSServices.framework/Versions/A/OSServices
0x0000000006c00000 	/System/Library/Frameworks/CoreServices.framework/Versions/A/Frameworks/SearchKit.framework/Versions/A/SearchKit
0x0000000006c00000 	/System/Library/Frameworks/CoreServices.framework/Versions/A/Frameworks/AE.framework/Versions/A/AE
0x0000000006c00000 	/System/Library/Frameworks/CoreServices.framework/Versions/A/Frameworks/LaunchServices.framework/Versions/A/LaunchServices
0x0000000006c00000 	/System/Library/Frameworks/CoreServices.framework/Versions/A/Frameworks/DictionaryServices.framework/Versions/A/DictionaryServices
0x0000000006c00000 	/System/Library/Frameworks/NetFS.framework/Versions/A/NetFS
0x0000000006c00000 	/System/Library/PrivateFrameworks/NetAuth.framework/Versions/A/NetAuth
0x0000000006c00000 	/System/Library/PrivateFrameworks/login.framework/Versions/A/Frameworks/loginsupport.framework/Versions/A/loginsupport
0x0000000006c00000 	/System/Library/PrivateFrameworks/TCC.framework/Versions/A/TCC
0x0000000006c00000 	/usr/lib/libmecabra.dylib
0x0000000006c00000 	/System/Library/Frameworks/ApplicationServices.framework/Versions/A/Frameworks/ATS.framework/Versions/A/ATS
0x0000000006c00000 	/System/Library/Frameworks/ApplicationServices.framework/Versions/A/Frameworks/ColorSync.framework/Versions/A/ColorSync
0x0000000006c00000 	/System/Library/Frameworks/ApplicationServices.framework/Versions/A/Frameworks/HIServices.framework/Versions/A/HIServices
0x0000000006c00000 	/System/Library/Frameworks/ApplicationServices.framework/Versions/A/Frameworks/LangAnalysis.framework/Versions/A/LangAnalysis
0x0000000006c00000 	/System/Library/Frameworks/ApplicationServices.framework/Versions/A/Frameworks/PrintCore.framework/Versions/A/PrintCore
0x0000000006c00000 	/System/Library/Frameworks/ApplicationServices.framework/Versions/A/Frameworks/QD.framework/Versions/A/QD
0x0000000006c00000 	/System/Library/Frameworks/ApplicationServices.framework/Versions/A/Frameworks/SpeechSynthesis.framework/Versions/A/SpeechSynthesis
0x0000000006c00000 	/System/Library/Frameworks/Accelerate.framework/Versions/A/Accelerate
0x0000000006c00000 	/System/Library/Frameworks/Accelerate.framework/Versions/A/Frameworks/vImage.framework/Versions/A/vImage
0x0000000006c00000 	/System/Library/Frameworks/Accelerate.framework/Versions/A/Frameworks/vecLib.framework/Versions/A/vecLib
0x0000000006c00000 	/System/Library/Frameworks/Accelerate.framework/Versions/A/Frameworks/vecLib.framework/Versions/A/libvDSP.dylib
0x0000000006c00000 	/System/Library/Frameworks/Accelerate.framework/Versions/A/Frameworks/vecLib.framework/Versions/A/libvMisc.dylib
0x0000000006c00000 	/System/Library/Frameworks/Accelerate.framework/Versions/A/Frameworks/vecLib.framework/Versions/A/libLAPACK.dylib
0x0000000006c00000 	/System/Library/Frameworks/Accelerate.framework/Versions/A/Frameworks/vecLib.framework/Versions/A/libBLAS.dylib
0x0000000006c00000 	/System/Library/Frameworks/Accelerate.framework/Versions/A/Frameworks/vecLib.framework/Versions/A/libLinearAlgebra.dylib
0x0000000006c00000 	/System/Library/Frameworks/ApplicationServices.framework/Versions/A/Frameworks/ATS.framework/Versions/A/Resources/libFontParser.dylib
0x0000000006c00000 	/System/Library/Frameworks/ApplicationServices.framework/Versions/A/Frameworks/ATS.framework/Versions/A/Resources/libFontRegistry.dylib
0x0000000006c00000 	/System/Library/PrivateFrameworks/AppleVPA.framework/Versions/A/AppleVPA
0x0000000006c00000 	/System/Library/PrivateFrameworks/AppleJPEG.framework/Versions/A/AppleJPEG
0x0000000006c00000 	/System/Library/Frameworks/ImageIO.framework/Versions/A/Resources/libJPEG.dylib
0x0000000006c00000 	/System/Library/Frameworks/ImageIO.framework/Versions/A/Resources/libTIFF.dylib
0x0000000006c00000 	/System/Library/Frameworks/ImageIO.framework/Versions/A/Resources/libPng.dylib
0x0000000006c00000 	/System/Library/Frameworks/ImageIO.framework/Versions/A/Resources/libGIF.dylib
0x0000000006c00000 	/System/Library/Frameworks/ImageIO.framework/Versions/A/Resources/libJP2.dylib
0x0000000006c00000 	/System/Library/Frameworks/ImageIO.framework/Versions/A/Resources/libRadiance.dylib
0x0000000006c00000 	/System/Library/Frameworks/CoreVideo.framework/Versions/A/CoreVideo
0x0000000006c00000 	/System/Library/Frameworks/OpenGL.framework/Versions/A/Libraries/libGLU.dylib
0x0000000006c00000 	/System/Library/Frameworks/OpenGL.framework/Versions/A/Libraries/libGFXShared.dylib
0x0000000006c00000 	/System/Library/Frameworks/OpenGL.framework/Versions/A/Libraries/libGL.dylib
0x0000000006c00000 	/System/Library/Frameworks/OpenGL.framework/Versions/A/Libraries/libGLImage.dylib
0x0000000006c00000 	/System/Library/Frameworks/OpenGL.framework/Versions/A/Libraries/libCVMSPluginSupport.dylib
0x0000000006c00000 	/System/Library/Frameworks/OpenGL.framework/Versions/A/Libraries/libCoreVMClient.dylib
0x0000000006c00000 	/usr/lib/libcups.2.dylib
0x0000000006c00000 	/System/Library/Frameworks/Kerberos.framework/Versions/A/Kerberos
0x0000000006c00000 	/System/Library/Frameworks/GSS.framework/Versions/A/GSS
0x0000000006c00000 	/usr/lib/libresolv.9.dylib
0x0000000006c00000 	/usr/lib/libiconv.2.dylib
0x0000000006c00000 	/System/Library/PrivateFrameworks/Heimdal.framework/Versions/A/Heimdal
0x0000000006c00000 	/usr/lib/libheimdal-asn1.dylib
0x0000000006c00000 	/System/Library/Frameworks/OpenDirectory.framework/Versions/A/OpenDirectory
0x0000000006c00000 	/System/Library/PrivateFrameworks/CommonAuth.framework/Versions/A/CommonAuth
0x0000000006c00000 	/System/Library/Frameworks/OpenDirectory.framework/Versions/A/Frameworks/CFOpenDirectory.framework/Versions/A/CFOpenDirectory
0x0000000006c00000 	/System/Library/Frameworks/SecurityFoundation.framework/Versions/A/SecurityFoundation
0x0000000006c00000 	/System/Library/PrivateFrameworks/LanguageModeling.framework/Versions/A/LanguageModeling
0x0000000006c00000 	/usr/lib/libcmph.dylib
0x0000000006c00000 	/System/Library/Frameworks/ServiceManagement.framework/Versions/A/ServiceManagement
0x0000000006c00000 	/usr/lib/libxslt.1.dylib
0x0000000006c00000 	/System/Library/Frameworks/Carbon.framework/Versions/A/Frameworks/Ink.framework/Versions/A/Ink
0x0000000006c00000 	/System/Library/Frameworks/QuartzCore.framework/Versions/A/Frameworks/CoreImage.framework/Versions/A/CoreImage
0x0000000006c00000 	/System/Library/PrivateFrameworks/CrashReporterSupport.framework/Versions/A/CrashReporterSupport
0x0000000006c00000 	/System/Library/Frameworks/OpenCL.framework/Versions/A/OpenCL
0x0000000006c00000 	/System/Library/PrivateFrameworks/FaceCore.framework/Versions/A/FaceCore
0x0000000006c00000 	/System/Library/PrivateFrameworks/Ubiquity.framework/Versions/A/Ubiquity
0x0000000006c00000 	/System/Library/PrivateFrameworks/IconServices.framework/Versions/A/IconServices
0x0000000006c00000 	/System/Library/PrivateFrameworks/ChunkingLibrary.framework/Versions/A/ChunkingLibrary
0x0000000006c00000 	/System/Library/PrivateFrameworks/Apple80211.framework/Versions/A/Apple80211
0x0000000006c00000 	/System/Library/Frameworks/CoreWLAN.framework/Versions/A/CoreWLAN
0x0000000006c00000 	/System/Library/Frameworks/IOBluetooth.framework/Versions/A/IOBluetooth
0x0000000006c00000 	/System/Library/PrivateFrameworks/CoreWiFi.framework/Versions/A/CoreWiFi
0x0000000006c00000 	/System/Library/Frameworks/CoreBluetooth.framework/Versions/A/CoreBluetooth
0x0000000006c00000 	/System/Library/PrivateFrameworks/DebugSymbols.framework/Versions/A/DebugSymbols
0x0000000006c00000 	/System/Library/PrivateFrameworks/CoreSymbolication.framework/Versions/A/CoreSymbolication
0x0000000006c00000 	/System/Library/PrivateFrameworks/Symbolication.framework/Versions/A/Symbolication
0x0000000006c00000 	/System/Library/PrivateFrameworks/SpeechRecognitionCore.framework/Versions/A/SpeechRecognitionCore
0x000000010a1ba000 	/Library/Java/JavaVirtualMachines/jdk1.8.0_25.jdk/Contents/Home/jre/lib/server/libjvm.dylib
0x0000000006c00000 	/usr/lib/libstdc++.6.dylib
0x000000010b1d9000 	/Library/Java/JavaVirtualMachines/jdk1.8.0_25.jdk/Contents/Home/jre/lib/libverify.dylib
0x000000010b1e7000 	/Library/Java/JavaVirtualMachines/jdk1.8.0_25.jdk/Contents/Home/jre/lib/libjava.dylib
0x000000010b23c000 	/Library/Java/JavaVirtualMachines/jdk1.8.0_25.jdk/Contents/Home/jre/lib/libzip.dylib
0x0000000121ac6000 	/System/Library/Frameworks/JavaVM.framework/Frameworks/JavaRuntimeSupport.framework/JavaRuntimeSupport
0x0000000121ade000 	/System/Library/Frameworks/JavaVM.framework/Versions/A/Frameworks/JavaNativeFoundation.framework/Versions/A/JavaNativeFoundation
0x0000000121af3000 	/System/Library/Frameworks/JavaVM.framework/Versions/A/JavaVM
0x0000000006c00000 	/System/Library/Frameworks/Carbon.framework/Versions/A/Carbon
0x000000010b3f4000 	/System/Library/PrivateFrameworks/JavaLaunching.framework/Versions/A/JavaLaunching
0x0000000006c00000 	/System/Library/Frameworks/Carbon.framework/Versions/A/Frameworks/CommonPanels.framework/Versions/A/CommonPanels
0x0000000006c00000 	/System/Library/Frameworks/Carbon.framework/Versions/A/Frameworks/Help.framework/Versions/A/Help
0x0000000006c00000 	/System/Library/Frameworks/Carbon.framework/Versions/A/Frameworks/ImageCapture.framework/Versions/A/ImageCapture
0x0000000006c00000 	/System/Library/Frameworks/Carbon.framework/Versions/A/Frameworks/OpenScripting.framework/Versions/A/OpenScripting
0x0000000006c00000 	/System/Library/Frameworks/Carbon.framework/Versions/A/Frameworks/Print.framework/Versions/A/Print
0x0000000006c00000 	/System/Library/Frameworks/Carbon.framework/Versions/A/Frameworks/SecurityHI.framework/Versions/A/SecurityHI
0x0000000123b4c000 	/Applications/IntelliJ IDEA 14 CE.app/Contents/bin/libbreakgen64.jnilib
0x0000000123c52000 	/Library/Java/JavaVirtualMachines/jdk1.8.0_25.jdk/Contents/Home/jre/lib/libnet.dylib
0x0000000123f43000 	/Library/Java/JavaVirtualMachines/jdk1.8.0_25.jdk/Contents/Home/jre/lib/libprism_es2.dylib
0x0000000006c00000 	/System/Library/Frameworks/OpenGL.framework/Versions/A/Resources/GLEngine.bundle/GLEngine
0x0000000006c00000 	/System/Library/Frameworks/OpenGL.framework/Versions/A/Libraries/libGLProgrammability.dylib
0x0000000123fc4000 	/System/Library/Extensions/AppleIntelHD5000GraphicsGLDriver.bundle/Contents/MacOS/AppleIntelHD5000GraphicsGLDriver
0x0000000006c00000 	/System/Library/PrivateFrameworks/IOAccelerator.framework/Versions/A/IOAccelerator
0x0000000006c00000 	/System/Library/PrivateFrameworks/GPUSupport.framework/Versions/A/Libraries/libGPUSupportMercury.dylib
0x0000000006c00000 	/System/Library/Frameworks/OpenGL.framework/Versions/A/Resources/GLRendererFloat.bundle/GLRendererFloat
0x0000000006c00000 	/System/Library/Frameworks/OpenCL.framework/Versions/A/Libraries/libcldcpuengine.dylib
0x0000000006c00000 	/System/Library/PrivateFrameworks/DiskImages.framework/Versions/A/DiskImages
0x0000000006c00000 	/System/Library/Frameworks/DiscRecording.framework/Versions/A/DiscRecording
0x0000000006c00000 	/usr/lib/libcsfde.dylib
0x0000000006c00000 	/usr/lib/libcurl.4.dylib
0x0000000006c00000 	/System/Library/PrivateFrameworks/MediaKit.framework/Versions/A/MediaKit
0x0000000006c00000 	/System/Library/PrivateFrameworks/ProtectedCloudStorage.framework/Versions/A/ProtectedCloudStorage
0x0000000006c00000 	/usr/lib/libCoreStorage.dylib
0x0000000006c00000 	/System/Library/PrivateFrameworks/EFILogin.framework/Versions/A/EFILogin
0x0000000006c00000 	/usr/lib/libutil.dylib
0x0000000006c00000 	/System/Library/PrivateFrameworks/FindMyDevice.framework/Versions/A/FindMyDevice
0x0000000006c00000 	/System/Library/Frameworks/LDAP.framework/Versions/A/LDAP
0x0000000006c00000 	/usr/lib/libsasl2.2.dylib
0x0000000006c00000 	/System/Library/PrivateFrameworks/CoreDaemon.framework/Versions/B/CoreDaemon
0x0000000006c00000 	/usr/lib/libcrypto.0.9.8.dylib
0x0000000006c00000 	/System/Library/PrivateFrameworks/AppleSRP.framework/Versions/A/AppleSRP
0x0000000006c00000 	/System/Library/PrivateFrameworks/TrustEvaluationAgent.framework/Versions/A/TrustEvaluationAgent
0x0000000124adb000 	/Library/Java/JavaVirtualMachines/jdk1.8.0_25.jdk/Contents/Home/jre/lib/libglass.dylib
0x0000000006c00000 	/System/Library/PrivateFrameworks/CoreServicesInternal.framework/Versions/A/CoreServicesInternal
0x0000000006c00000 	/System/Library/PrivateFrameworks/CloudDocs.framework/Versions/A/CloudDocs
0x0000000006c00000 	/System/Library/PrivateFrameworks/CoreDuet.framework/Versions/A/CoreDuet
0x0000000006c00000 	/System/Library/Frameworks/CloudKit.framework/Versions/A/CloudKit
0x0000000006c00000 	/System/Library/PrivateFrameworks/ProtocolBuffer.framework/Versions/A/ProtocolBuffer
0x0000000006c00000 	/System/Library/PrivateFrameworks/CoreDuetDaemonProtocol.framework/Versions/A/CoreDuetDaemonProtocol
0x0000000006c00000 	/System/Library/PrivateFrameworks/CoreDuetDebugLogging.framework/Versions/A/CoreDuetDebugLogging
0x0000000006c00000 	/System/Library/PrivateFrameworks/MMCS.framework/Versions/A/MMCS
0x0000000006c00000 	/System/Library/Frameworks/CoreLocation.framework/Versions/A/CoreLocation
0x0000000006c00000 	/System/Library/PrivateFrameworks/GeoServices.framework/Versions/A/GeoServices
0x0000000006c00000 	/System/Library/Frameworks/CoreGraphics.framework/Versions/A/Resources/libCGCMS.A.dylib
0x0000000006c00000 	/System/Library/CoreServices/RawCamera.bundle/Contents/MacOS/RawCamera
0x0000000006c00000 	/System/Library/Frameworks/CoreGraphics.framework/Versions/A/Resources/libRIP.A.dylib
0x0000000006c00000 	/System/Library/PrivateFrameworks/FamilyControls.framework/Versions/A/FamilyControls
0x0000000006c00000 	/System/Library/PrivateFrameworks/CommerceKit.framework/Versions/A/Frameworks/CommerceCore.framework/Versions/A/CommerceCore
0x0000000006c00000 	/System/Library/PrivateFrameworks/SystemAdministration.framework/Versions/A/SystemAdministration
0x0000000006c00000 	/System/Library/PrivateFrameworks/AppContainer.framework/Versions/A/AppContainer
0x0000000006c00000 	/System/Library/PrivateFrameworks/SecCodeWrapper.framework/Versions/A/SecCodeWrapper
0x0000000006c00000 	/System/Library/Frameworks/DirectoryService.framework/Versions/A/DirectoryService
0x0000000006c00000 	/System/Library/PrivateFrameworks/LoginUIKit.framework/Versions/A/Frameworks/LoginUICore.framework/Versions/A/LoginUICore
0x0000000006c00000 	/usr/lib/libodfde.dylib
0x0000000128e1d000 	/Library/Java/JavaVirtualMachines/jdk1.8.0_25.jdk/Contents/Home/jre/lib/libjavafx_font.dylib
0x0000000006c00000 	/System/Library/Frameworks/CoreGraphics.framework/Versions/A/Resources/libCGXType.A.dylib
0x000000012b0a4000 	cl_kernels
0x000000012c3d8000 	/System/Library/Frameworks/OpenCL.framework/Versions/A/Libraries/ImageFormats/unorm8_bgra.dylib
0x000000012b096000 	cl_kernels
0x000000012a750000 	/Library/Java/JavaVirtualMachines/jdk1.8.0_25.jdk/Contents/Home/jre/lib/libprism_common.dylib

VM Arguments:
jvm_args: -Didea.launcher.port=7533 -Didea.launcher.bin.path=/Applications/IntelliJ IDEA 14 CE.app/Contents/bin -Dfile.encoding=UTF-8 
java_command: com.intellij.rt.execution.application.AppMain MULE.Controller.Main
java_class_path (initial): /Library/Java/JavaVirtualMachines/jdk1.8.0_25.jdk/Contents/Home/lib/ant-javafx.jar:/Library/Java/JavaVirtualMachines/jdk1.8.0_25.jdk/Contents/Home/lib/dt.jar:/Library/Java/JavaVirtualMachines/jdk1.8.0_25.jdk/Contents/Home/lib/javafx-mx.jar:/Library/Java/JavaVirtualMachines/jdk1.8.0_25.jdk/Contents/Home/lib/jconsole.jar:/Library/Java/JavaVirtualMachines/jdk1.8.0_25.jdk/Contents/Home/lib/sa-jdi.jar:/Library/Java/JavaVirtualMachines/jdk1.8.0_25.jdk/Contents/Home/lib/tools.jar:/Library/Java/JavaVirtualMachines/jdk1.8.0_25.jdk/Contents/Home/jre/lib/charsets.jar:/Library/Java/JavaVirtualMachines/jdk1.8.0_25.jdk/Contents/Home/jre/lib/deploy.jar:/Library/Java/JavaVirtualMachines/jdk1.8.0_25.jdk/Contents/Home/jre/lib/javaws.jar:/Library/Java/JavaVirtualMachines/jdk1.8.0_25.jdk/Contents/Home/jre/lib/jce.jar:/Library/Java/JavaVirtualMachines/jdk1.8.0_25.jdk/Contents/Home/jre/lib/jfr.jar:/Library/Java/JavaVirtualMachines/jdk1.8.0_25.jdk/Contents/Home/jre/lib/jfxswt.jar:/Library/Java/JavaVirtualMachines/jdk1.8.0_25.jdk/Contents/Home/jre/lib/jsse.jar:/Library/Java/JavaVirtualMachines/jdk1.8.0_25.jdk/Contents/Home/jre/lib/management-agent.jar:/Library/Java/JavaVirtualMachines/jdk1.8.0_25.jdk/Contents/Home/jre/lib/plugin.jar:/Library/Java/JavaVirtualMachines/jdk1.8.0_25.jdk/Contents/Home/jre/lib/resources.jar:/Library/Java/JavaVirtualMachines/jdk1.8.0_25.jdk/Contents/Home/jre/lib/rt.jar:/Library/Java/JavaVirtualMachines/jdk1.8.0_25.jdk/Contents/Home/jre/lib/ext/cldrdata.jar:/Library/Java/JavaVirtualMachines/jdk1.8.0_25.jdk/Contents/Home/jre/lib/ext/dnsns.jar:/Library/Java/JavaVirtualMachines/jdk1.8.0_25.jdk/Contents/Home/jre/lib/ext/jfxrt.jar:/Library/Java/JavaVirtualMachines/jdk1.8.0_25.jdk/Contents/Home/jre/lib/ext/localedata.jar:/Library/Java/JavaVirtualMachines/jdk1.8.0_25.jdk/Contents/Home/jre/lib/ext/nashorn.jar:/Library/Java/JavaVirtualMachines/jdk1.8.0_25.jdk/Contents/Home/jre/lib/ext/sunec.jar:/Library/Java/JavaVirtualMachines/jdk1.8.0_25.jdk/C
Launcher Type: SUN_STANDARD

Environment Variables:
CLASSPATH=:/users/jatin1/documents/junit-4.12.jar:/users/jatin1/documents/hamcrest-core-1.3.jar
PATH=/Library/Frameworks/Python.framework/Versions/2.7/bin:/usr/local/bin:/usr/bin:/bin:/usr/sbin:/sbin:/usr/local/git/bin:/usr/local/MacGPG2/bin:/Users/jatin1/Documents/gradle-2.6/bin
SHELL=/bin/bash

Signal Handlers:
SIGSEGV: [libjvm.dylib+0x579dc7], sa_mask[0]=11111111011111110111111111111111, sa_flags=SA_ONSTACK|SA_RESTART|SA_SIGINFO
SIGBUS: [libjvm.dylib+0x579dc7], sa_mask[0]=11111111011111110111111111111111, sa_flags=SA_RESTART|SA_SIGINFO
SIGFPE: [libjvm.dylib+0x45b030], sa_mask[0]=11111111011111110111111111111111, sa_flags=SA_RESTART|SA_SIGINFO
SIGPIPE: [libjvm.dylib+0x45b030], sa_mask[0]=11111111011111110111111111111111, sa_flags=SA_RESTART|SA_SIGINFO
SIGXFSZ: [libjvm.dylib+0x45b030], sa_mask[0]=11111111011111110111111111111111, sa_flags=SA_RESTART|SA_SIGINFO
SIGILL: [libjvm.dylib+0x45b030], sa_mask[0]=11111111011111110111111111111111, sa_flags=SA_RESTART|SA_SIGINFO
SIGUSR1: SIG_DFL, sa_mask[0]=00000000000000000000000000000000, sa_flags=none
SIGUSR2: [libjvm.dylib+0x45ab4e], sa_mask[0]=00100000000000000000000000000000, sa_flags=SA_RESTART|SA_SIGINFO
SIGHUP: [libjvm.dylib+0x459121], sa_mask[0]=11111111011111110111111111111111, sa_flags=SA_RESTART|SA_SIGINFO
SIGINT: [libjvm.dylib+0x459121], sa_mask[0]=11111111011111110111111111111111, sa_flags=SA_RESTART|SA_SIGINFO
SIGTERM: [libjvm.dylib+0x459121], sa_mask[0]=11111111011111110111111111111111, sa_flags=SA_RESTART|SA_SIGINFO
SIGQUIT: [libjvm.dylib+0x459121], sa_mask[0]=11111111011111110111111111111111, sa_flags=SA_RESTART|SA_SIGINFO


---------------  S Y S T E M  ---------------

OS:Bsduname:Darwin 14.5.0 Darwin Kernel Version 14.5.0: Wed Jul 29 02:26:53 PDT 2015; root:xnu-2782.40.9~1/RELEASE_X86_64 x86_64
rlimit: STACK 8192k, CORE 0k, NPROC 709, NOFILE 10240, AS infinity
load average:5.33 4.16 3.52

CPU:total 4 (2 cores per cpu, 2 threads per core) family 6 model 69 stepping 1, cmov, cx8, fxsr, mmx, sse, sse2, sse3, ssse3, sse4.1, sse4.2, popcnt, avx, avx2, aes, clmul, erms, lzcnt, ht, tsc, tscinvbit, bmi1, bmi2

Memory: 4k page, physical 8388608k(16932k free)

/proc/meminfo:


vm_info: Java HotSpot(TM) 64-Bit Server VM (25.25-b02) for bsd-amd64 JRE (1.8.0_25-b17), built on Sep 17 2014 16:56:50 by "java_re" with gcc 4.2.1 (Based on Apple Inc. build 5658) (LLVM build 2336.11.00)

time: Wed Nov  4 01:36:17 2015
elapsed time: 7 seconds (0d 0h 0m 7s)

